Log file open, 01/20/23 10:19:35
LogWindows: Failed to load 'aqProf.dll' (GetLastError=126)
LogWindows: File 'aqProf.dll' does not exist
LogWindows: Failed to load 'VtuneApi.dll' (GetLastError=126)
LogWindows: File 'VtuneApi.dll' does not exist
LogWindows: Failed to load 'VtuneApi32e.dll' (GetLastError=126)
LogWindows: File 'VtuneApi32e.dll' does not exist
LogConsoleResponse: Display: Failed to find resolution value strings in scalability ini. Falling back to default.
LogConsoleResponse: Display: Failed to find resolution value strings in scalability ini. Falling back to default.
LogInit: Display: Running engine for game: Week8
LogPlatformFile: Not using cached read wrapper
LogTaskGraph: Started task graph with 5 named threads and 71 total threads with 3 sets of task threads.
LogStats: Stats thread started at 0.169891
LogICUInternationalization: ICU TimeZone Detection - Raw Offset: -8:00, Platform Override: ''
LogInit: Display: Loading text-based GConfig....
LogPluginManager: Mounting plugin MeshPainting
LogPluginManager: Mounting plugin XGEController
LogPluginManager: Mounting plugin Paper2D
LogPluginManager: Mounting plugin AISupport
LogPluginManager: Mounting plugin EnvironmentQueryEditor
LogPluginManager: Mounting plugin CameraShakePreviewer
LogPluginManager: Mounting plugin OodleNetwork
LogPluginManager: Mounting plugin AssetManagerEditor
LogPluginManager: Mounting plugin LiveLink
LogPluginManager: Mounting plugin LightPropagationVolume
LogPluginManager: Mounting plugin CryptoKeys
LogPluginManager: Mounting plugin OodleData
LogPluginManager: Mounting plugin GameplayTagsEditor
LogPluginManager: Mounting plugin GeometryMode
LogPluginManager: Mounting plugin FacialAnimation
LogPluginManager: Mounting plugin MacGraphicsSwitching
LogPluginManager: Mounting plugin AnimationSharing
LogPluginManager: Mounting plugin DataValidation
LogPluginManager: Mounting plugin CurveEditorTools
LogPluginManager: Mounting plugin MaterialAnalyzer
LogPluginManager: Mounting plugin MobileLauncherProfileWizard
LogPluginManager: Mounting plugin CLionSourceCodeAccess
LogPluginManager: Mounting plugin KDevelopSourceCodeAccess
LogPluginManager: Mounting plugin GitSourceControl
LogPluginManager: Mounting plugin NullSourceCodeAccess
LogPluginManager: Mounting plugin SpeedTreeImporter
LogPluginManager: Mounting plugin PixWinPlugin
LogPluginManager: Mounting plugin PluginBrowser
LogPluginManager: Mounting plugin PerforceSourceControl
LogPluginManager: Mounting plugin PlasticSourceControl
LogPluginManager: Mounting plugin CodeLiteSourceCodeAccess
LogPluginManager: Mounting plugin PropertyAccessNode
LogPluginManager: Mounting plugin PluginUtils
LogPluginManager: Mounting plugin GameplayCameras
LogPluginManager: Mounting plugin TextureFormatOodle
LogPluginManager: Mounting plugin SubversionSourceControl
LogPluginManager: Mounting plugin RiderSourceCodeAccess
LogPluginManager: Mounting plugin UObjectPlugin
LogPluginManager: Mounting plugin AutomationUtils
LogPluginManager: Mounting plugin BackChannel
LogPluginManager: Mounting plugin AlembicImporter
LogPluginManager: Mounting plugin CharacterAI
LogPluginManager: Mounting plugin ChaosEditor
LogPluginManager: Mounting plugin ChaosSolverPlugin
LogPluginManager: Mounting plugin ChaosCloth
LogPluginManager: Mounting plugin ChaosNiagara
LogPluginManager: Mounting plugin ChaosClothEditor
LogPluginManager: Mounting plugin GeometryCollectionPlugin
LogPluginManager: Mounting plugin GeometryCache
LogPluginManager: Mounting plugin GeometryProcessing
LogPluginManager: Mounting plugin MotoSynth
LogPluginManager: Mounting plugin OpenImageDenoise
LogPluginManager: Mounting plugin DatasmithContent
LogPluginManager: Mounting plugin PythonScriptPlugin
LogPluginManager: Mounting plugin ProxyLODPlugin
LogPluginManager: Mounting plugin PlatformCrypto
LogPluginManager: Mounting plugin PlanarCut
LogPluginManager: Mounting plugin LuminPlatformFeatures
LogPluginManager: Mounting plugin VariantManagerContent
LogPluginManager: Mounting plugin Niagara
LogPluginManager: Mounting plugin MagicLeap
LogPluginManager: Mounting plugin MagicLeapLightEstimation
LogPluginManager: Mounting plugin SkeletalReduction
LogPluginManager: Mounting plugin MagicLeapMedia
LogPluginManager: Mounting plugin MagicLeapPassableWorld
LogPluginManager: Mounting plugin MLSDK
LogPluginManager: Mounting plugin TcpMessaging
LogPluginManager: Mounting plugin ActorSequence
LogPluginManager: Mounting plugin UdpMessaging
LogPluginManager: Mounting plugin LevelSequenceEditor
LogPluginManager: Mounting plugin MatineeToLevelSequence
LogPluginManager: Mounting plugin TemplateSequence
LogPluginManager: Mounting plugin LauncherChunkInstaller
LogPluginManager: Mounting plugin OnlineSubsystem
LogPluginManager: Mounting plugin ScreenshotTools
LogPluginManager: Mounting plugin OnlineSubsystemNull
LogPluginManager: Mounting plugin OnlineSubsystemUtils
LogPluginManager: Mounting plugin Takes
LogPluginManager: Mounting plugin AndroidMedia
LogPluginManager: Mounting plugin AndroidDeviceProfileSelector
LogPluginManager: Mounting plugin ActorLayerUtilities
LogPluginManager: Mounting plugin AndroidMoviePlayer
LogPluginManager: Mounting plugin AppleImageUtils
LogPluginManager: Mounting plugin AppleMoviePlayer
LogPluginManager: Mounting plugin AndroidPermission
LogPluginManager: Mounting plugin ArchVisCharacter
LogPluginManager: Mounting plugin ChunkDownloader
LogPluginManager: Mounting plugin AudioCapture
LogPluginManager: Mounting plugin AudioSynesthesia
LogPluginManager: Mounting plugin CableComponent
LogPluginManager: Mounting plugin CustomMeshComponent
LogPluginManager: Mounting plugin EditableMesh
LogPluginManager: Mounting plugin AssetTags
LogPluginManager: Mounting plugin ExampleDeviceProfileSelector
LogPluginManager: Mounting plugin GooglePAD
LogPluginManager: Mounting plugin GoogleCloudMessaging
LogPluginManager: Mounting plugin LinuxDeviceProfileSelector
LogPluginManager: Mounting plugin LocationServicesBPLibrary
LogPluginManager: Mounting plugin IOSDeviceProfileSelector
LogPluginManager: Mounting plugin MobilePatchingUtils
LogPluginManager: Mounting plugin OpenXREyeTracker
LogPluginManager: Mounting plugin OpenXR
LogPluginManager: Mounting plugin OpenXRHandTracking
LogPluginManager: Mounting plugin PhysXVehicles
LogPluginManager: Mounting plugin PropertyAccessEditor
LogPluginManager: Mounting plugin ProceduralMeshComponent
LogPluginManager: Mounting plugin PostSplashScreen
LogPluginManager: Mounting plugin SignificanceManager
LogPluginManager: Mounting plugin SoundFields
LogPluginManager: Mounting plugin RuntimePhysXCooking
LogPluginManager: Mounting plugin WebMMoviePlayer
LogPluginManager: Mounting plugin Synthesis
LogPluginManager: Mounting plugin WindowsMoviePlayer
LogPluginManager: Mounting plugin VisualStudioSourceCodeAccess
LogPluginManager: Mounting plugin AvfMedia
LogPluginManager: Mounting plugin XCodeSourceCodeAccess
LogPluginManager: Mounting plugin VisualStudioCodeSourceCodeAccess
LogPluginManager: Mounting plugin ImgMedia
LogPluginManager: Mounting plugin MediaCompositing
LogPluginManager: Mounting plugin MediaPlayerEditor
LogPluginManager: Mounting plugin WebMMedia
LogPluginManager: Mounting plugin WmfMedia
LogPluginManager: Mounting plugin ContentBrowserClassDataSource
LogPluginManager: Mounting plugin ContentBrowserFileDataSource
LogPluginManager: Mounting plugin ContentBrowserAssetDataSource
LogPluginManager: Mounting plugin OnlineSubsystemGooglePlay
LogPluginManager: Mounting plugin OnlineSubsystemIOS
LogPluginManager: Mounting plugin OculusVR
LogPluginManager: Mounting plugin SteamVR
PixWinPlugin: PIX capture plugin failed to initialize! Check that the process is launched from PIX.
LogInit: Using libcurl 7.55.1-DEV
LogInit:  - built for x86_64-pc-win32
LogInit:  - supports SSL with OpenSSL/1.1.1
LogInit:  - supports HTTP deflate (compression) using libz 1.2.8
LogInit:  - other features:
LogInit:      CURL_VERSION_SSL
LogInit:      CURL_VERSION_LIBZ
LogInit:      CURL_VERSION_IPV6
LogInit:      CURL_VERSION_ASYNCHDNS
LogInit:      CURL_VERSION_LARGEFILE
LogInit:      CURL_VERSION_IDN
LogInit:  CurlRequestOptions (configurable via config and command line):
LogInit:  - bVerifyPeer = true  - Libcurl will verify peer certificate
LogInit:  - bUseHttpProxy = false  - Libcurl will NOT use HTTP proxy
LogInit:  - bDontReuseConnections = false  - Libcurl will reuse connections
LogInit:  - MaxHostConnections = 16  - Libcurl will limit the number of connections to a host
LogInit:  - LocalHostAddr = Default
LogInit:  - BufferSize = 65536
LogOnline: OSS: Creating online subsystem instance for: NULL
LogInit: WinSock: version 1.1 (2.2), MaxSocks=32767, MaxUdp=65467
LogOnline: OSS: TryLoadSubsystemAndSetDefault: Loaded subsystem for module [NULL]
LogInit: Build: ++UE4+Release-4.27-CL-18319896
LogInit: Engine Version: 4.27.2-18319896+++UE4+Release-4.27
LogInit: Compatible Engine Version: 4.27.0-17155196+++UE4+Release-4.27
LogInit: Net CL: 17155196
LogInit: OS: Windows 10 (Release 2009) (), CPU: 12th Gen Intel(R) Core(TM) i9-12900KF, GPU: NVIDIA GeForce RTX 3080
LogInit: Compiled (64-bit): Nov 30 2021 07:12:08
LogInit: Compiled with Visual C++: 19.24.28315.00
LogInit: Build Configuration: Development
LogInit: Branch Name: ++UE4+Release-4.27
LogInit: Command Line:  D:\cgspectrum\term2\projects\cgspectrum-term2\Week8\Week8.uproject -run=VisualStudioTools -unattended -noshadercompile -noaudio -nullrhi -nocpuprofilertrace -nocrashreports -nosplash -output C:\Users\jenni\AppData\Local\Temp\tmp9E80.tmp
LogInit: Base Directory: D:/epic games/UE_4.27/Engine/Binaries/Win64/
LogInit: Allocator: TBB
LogInit: Installed Engine Build: 1
LogDevObjectVersion: Number of dev versions registered: 29
LogDevObjectVersion:   Dev-Blueprints (B0D832E4-1F89-4F0D-ACCF-7EB736FD4AA2): 10
LogDevObjectVersion:   Dev-Build (E1C64328-A22C-4D53-A36C-8E866417BD8C): 0
LogDevObjectVersion:   Dev-Core (375EC13C-06E4-48FB-B500-84F0262A717E): 4
LogDevObjectVersion:   Dev-Editor (E4B068ED-F494-42E9-A231-DA0B2E46BB41): 40
LogDevObjectVersion:   Dev-Framework (CFFC743F-43B0-4480-9391-14DF171D2073): 37
LogDevObjectVersion:   Dev-Mobile (B02B49B5-BB20-44E9-A304-32B752E40360): 3
LogDevObjectVersion:   Dev-Networking (A4E4105C-59A1-49B5-A7C5-40C4547EDFEE): 0
LogDevObjectVersion:   Dev-Online (39C831C9-5AE6-47DC-9A44-9C173E1C8E7C): 0
LogDevObjectVersion:   Dev-Physics (78F01B33-EBEA-4F98-B9B4-84EACCB95AA2): 14
LogDevObjectVersion:   Dev-Platform (6631380F-2D4D-43E0-8009-CF276956A95A): 0
LogDevObjectVersion:   Dev-Rendering (12F88B9F-8875-4AFC-A67C-D90C383ABD29): 45
LogDevObjectVersion:   Dev-Sequencer (7B5AE74C-D270-4C10-A958-57980B212A5A): 13
LogDevObjectVersion:   Dev-VR (D7296918-1DD6-4BDD-9DE2-64A83CC13884): 3
LogDevObjectVersion:   Dev-LoadTimes (C2A15278-BFE7-4AFE-6C17-90FF531DF755): 1
LogDevObjectVersion:   Private-Geometry (6EACA3D4-40EC-4CC1-B786-8BED09428FC5): 3
LogDevObjectVersion:   Dev-AnimPhys (29E575DD-E0A3-4627-9D10-D276232CDCEA): 17
LogDevObjectVersion:   Dev-Anim (AF43A65D-7FD3-4947-9873-3E8ED9C1BB05): 15
LogDevObjectVersion:   Dev-ReflectionCapture (6B266CEC-1EC7-4B8F-A30B-E4D90942FC07): 1
LogDevObjectVersion:   Dev-Automation (0DF73D61-A23F-47EA-B727-89E90C41499A): 1
LogDevObjectVersion:   FortniteMain (601D1886-AC64-4F84-AA16-D3DE0DEAC7D6): 47
LogDevObjectVersion:   FortniteRelease (E7086368-6B23-4C58-8439-1B7016265E91): 1
LogDevObjectVersion:   Dev-Enterprise (9DFFBCD6-494F-0158-E221-12823C92A888): 10
LogDevObjectVersion:   Dev-Niagara (F2AED0AC-9AFE-416F-8664-AA7FFA26D6FC): 1
LogDevObjectVersion:   Dev-Destruction (174F1F0B-B4C6-45A5-B13F-2EE8D0FB917D): 10
LogDevObjectVersion:   Dev-Physics-Ext (35F94A83-E258-406C-A318-09F59610247C): 41
LogDevObjectVersion:   Dev-PhysicsMaterial-Chaos (B68FC16E-8B1B-42E2-B453-215C058844FE): 1
LogDevObjectVersion:   Dev-CineCamera (B2E18506-4273-CFC2-A54E-F4BB758BBA07): 1
LogDevObjectVersion:   Dev-VirtualProduction (64F58936-FD1B-42BA-BA96-7289D5D0FA4E): 1
LogDevObjectVersion:   Dev-MediaFramework (6F0ED827-A609-4895-9C91-998D90180EA4): 2
LogInit: Presizing for max 25165824 objects, including 0 objects not considered by GC, pre-allocating 0 bytes for permanent pool.
LogConfig: Applying CVar settings from Section [/Script/Engine.StreamingSettings] File [D:/cgspectrum/term2/projects/cgspectrum-term2/Week8/Saved/Config/Windows/Engine.ini]
LogConfig: Setting CVar [[s.MinBulkDataSizeForAsyncLoading:131072]]
LogConfig: Setting CVar [[s.AsyncLoadingThreadEnabled:0]]
LogConfig: Setting CVar [[s.EventDrivenLoaderEnabled:1]]
LogConfig: Setting CVar [[s.WarnIfTimeLimitExceeded:0]]
LogConfig: Setting CVar [[s.TimeLimitExceededMultiplier:1.5]]
LogConfig: Setting CVar [[s.TimeLimitExceededMinTime:0.005]]
LogConfig: Setting CVar [[s.UseBackgroundLevelStreaming:1]]
LogConfig: Setting CVar [[s.PriorityAsyncLoadingExtraTime:15.0]]
LogConfig: Setting CVar [[s.LevelStreamingActorsUpdateTimeLimit:5.0]]
LogConfig: Setting CVar [[s.PriorityLevelStreamingActorsUpdateExtraTime:5.0]]
LogConfig: Setting CVar [[s.LevelStreamingComponentsRegistrationGranularity:10]]
LogConfig: Setting CVar [[s.UnregisterComponentsTimeLimit:1.0]]
LogConfig: Setting CVar [[s.LevelStreamingComponentsUnregistrationGranularity:5]]
LogConfig: Setting CVar [[s.FlushStreamingOnExit:1]]
LogInit: Object subsystem initialized
LogConfig: Setting CVar [[con.DebugEarlyDefault:1]]
LogConfig: Setting CVar [[r.setres:1280x720]]
[2023.01.20-18.19.35:696][  0]LogConfig: Setting CVar [[con.DebugEarlyDefault:1]]
[2023.01.20-18.19.35:696][  0]LogConfig: Setting CVar [[r.setres:1280x720]]
[2023.01.20-18.19.35:696][  0]LogConfig: Applying CVar settings from Section [/Script/Engine.RendererSettings] File [D:/cgspectrum/term2/projects/cgspectrum-term2/Week8/Saved/Config/Windows/Engine.ini]
[2023.01.20-18.19.35:696][  0]LogConfig: Setting CVar [[r.GPUCrashDebugging:0]]
[2023.01.20-18.19.35:696][  0]LogConfig: Applying CVar settings from Section [/Script/Engine.RendererOverrideSettings] File [D:/cgspectrum/term2/projects/cgspectrum-term2/Week8/Saved/Config/Windows/Engine.ini]
[2023.01.20-18.19.35:696][  0]LogConfig: Applying CVar settings from Section [/Script/Engine.StreamingSettings] File [D:/cgspectrum/term2/projects/cgspectrum-term2/Week8/Saved/Config/Windows/Engine.ini]
[2023.01.20-18.19.35:696][  0]LogConfig: Setting CVar [[s.MinBulkDataSizeForAsyncLoading:131072]]
[2023.01.20-18.19.35:696][  0]LogConfig: Setting CVar [[s.AsyncLoadingThreadEnabled:0]]
[2023.01.20-18.19.35:696][  0]LogConfig: Setting CVar [[s.EventDrivenLoaderEnabled:1]]
[2023.01.20-18.19.35:696][  0]LogConfig: Setting CVar [[s.WarnIfTimeLimitExceeded:0]]
[2023.01.20-18.19.35:696][  0]LogConfig: Setting CVar [[s.TimeLimitExceededMultiplier:1.5]]
[2023.01.20-18.19.35:696][  0]LogConfig: Setting CVar [[s.TimeLimitExceededMinTime:0.005]]
[2023.01.20-18.19.35:696][  0]LogConfig: Setting CVar [[s.UseBackgroundLevelStreaming:1]]
[2023.01.20-18.19.35:696][  0]LogConfig: Setting CVar [[s.PriorityAsyncLoadingExtraTime:15.0]]
[2023.01.20-18.19.35:696][  0]LogConfig: Setting CVar [[s.LevelStreamingActorsUpdateTimeLimit:5.0]]
[2023.01.20-18.19.35:696][  0]LogConfig: Setting CVar [[s.PriorityLevelStreamingActorsUpdateExtraTime:5.0]]
[2023.01.20-18.19.35:696][  0]LogConfig: Setting CVar [[s.LevelStreamingComponentsRegistrationGranularity:10]]
[2023.01.20-18.19.35:696][  0]LogConfig: Setting CVar [[s.UnregisterComponentsTimeLimit:1.0]]
[2023.01.20-18.19.35:696][  0]LogConfig: Setting CVar [[s.LevelStreamingComponentsUnregistrationGranularity:5]]
[2023.01.20-18.19.35:696][  0]LogConfig: Setting CVar [[s.FlushStreamingOnExit:1]]
[2023.01.20-18.19.35:696][  0]LogConfig: Applying CVar settings from Section [/Script/Engine.GarbageCollectionSettings] File [D:/cgspectrum/term2/projects/cgspectrum-term2/Week8/Saved/Config/Windows/Engine.ini]
[2023.01.20-18.19.35:696][  0]LogConfig: Setting CVar [[gc.MaxObjectsNotConsideredByGC:1]]
[2023.01.20-18.19.35:696][  0]LogConfig: Setting CVar [[gc.SizeOfPermanentObjectPool:0]]
[2023.01.20-18.19.35:696][  0]LogConfig: Setting CVar [[gc.FlushStreamingOnGC:0]]
[2023.01.20-18.19.35:696][  0]LogConfig: Setting CVar [[gc.NumRetriesBeforeForcingGC:10]]
[2023.01.20-18.19.35:696][  0]LogConfig: Setting CVar [[gc.AllowParallelGC:1]]
[2023.01.20-18.19.35:696][  0]LogConfig: Setting CVar [[gc.TimeBetweenPurgingPendingKillObjects:61.1]]
[2023.01.20-18.19.35:696][  0]LogConfig: Setting CVar [[gc.MaxObjectsInEditor:25165824]]
[2023.01.20-18.19.35:696][  0]LogConfig: Setting CVar [[gc.IncrementalBeginDestroyEnabled:1]]
[2023.01.20-18.19.35:696][  0]LogConfig: Setting CVar [[gc.CreateGCClusters:1]]
[2023.01.20-18.19.35:696][  0]LogConfig: Setting CVar [[gc.MinGCClusterSize:5]]
[2023.01.20-18.19.35:696][  0]LogConfig: Setting CVar [[gc.ActorClusteringEnabled:0]]
[2023.01.20-18.19.35:696][  0]LogConfig: Setting CVar [[gc.BlueprintClusteringEnabled:0]]
[2023.01.20-18.19.35:696][  0]LogConfig: Setting CVar [[gc.UseDisregardForGCOnDedicatedServers:0]]
[2023.01.20-18.19.35:696][  0]LogConfig: Setting CVar [[gc.MultithreadedDestructionEnabled:1]]
[2023.01.20-18.19.35:696][  0]LogConfig: Applying CVar settings from Section [/Script/Engine.NetworkSettings] File [D:/cgspectrum/term2/projects/cgspectrum-term2/Week8/Saved/Config/Windows/Engine.ini]
[2023.01.20-18.19.35:696][  0]LogConfig: Applying CVar settings from Section [/Script/UnrealEd.CookerSettings] File [D:/cgspectrum/term2/projects/cgspectrum-term2/Week8/Saved/Config/Windows/Engine.ini]
[2023.01.20-18.19.35:696][  0]LogConfig: Applying CVar settings from Section [ViewDistanceQuality@3] File [D:/cgspectrum/term2/projects/cgspectrum-term2/Week8/Saved/Config/Windows/Scalability.ini]
[2023.01.20-18.19.35:696][  0]LogConfig: Setting CVar [[r.SkeletalMeshLODBias:0]]
[2023.01.20-18.19.35:696][  0]LogConfig: Setting CVar [[r.ViewDistanceScale:1.0]]
[2023.01.20-18.19.35:696][  0]LogConfig: Applying CVar settings from Section [AntiAliasingQuality@3] File [D:/cgspectrum/term2/projects/cgspectrum-term2/Week8/Saved/Config/Windows/Scalability.ini]
[2023.01.20-18.19.35:696][  0]LogConfig: Setting CVar [[r.PostProcessAAQuality:4]]
[2023.01.20-18.19.35:696][  0]LogConfig: Applying CVar settings from Section [ShadowQuality@3] File [D:/cgspectrum/term2/projects/cgspectrum-term2/Week8/Saved/Config/Windows/Scalability.ini]
[2023.01.20-18.19.35:696][  0]LogConfig: Setting CVar [[r.LightFunctionQuality:1]]
[2023.01.20-18.19.35:696][  0]LogConfig: Setting CVar [[r.ShadowQuality:5]]
[2023.01.20-18.19.35:696][  0]LogConfig: Setting CVar [[r.Shadow.CSM.MaxCascades:10]]
[2023.01.20-18.19.35:696][  0]LogConfig: Setting CVar [[r.Shadow.MaxResolution:2048]]
[2023.01.20-18.19.35:696][  0]LogConfig: Setting CVar [[r.Shadow.MaxCSMResolution:2048]]
[2023.01.20-18.19.35:696][  0]LogConfig: Setting CVar [[r.Shadow.RadiusThreshold:0.01]]
[2023.01.20-18.19.35:696][  0]LogConfig: Setting CVar [[r.Shadow.DistanceScale:1.0]]
[2023.01.20-18.19.35:696][  0]LogConfig: Setting CVar [[r.Shadow.CSM.TransitionScale:1.0]]
[2023.01.20-18.19.35:696][  0]LogConfig: Setting CVar [[r.Shadow.PreShadowResolutionFactor:1.0]]
[2023.01.20-18.19.35:696][  0]LogConfig: Setting CVar [[r.DistanceFieldShadowing:1]]
[2023.01.20-18.19.35:696][  0]LogConfig: Setting CVar [[r.DistanceFieldAO:1]]
[2023.01.20-18.19.35:696][  0]LogConfig: Setting CVar [[r.AOQuality:2]]
[2023.01.20-18.19.35:696][  0]LogConfig: Setting CVar [[r.VolumetricFog:1]]
[2023.01.20-18.19.35:696][  0]LogConfig: Setting CVar [[r.VolumetricFog.GridPixelSize:8]]
[2023.01.20-18.19.35:696][  0]LogConfig: Setting CVar [[r.VolumetricFog.GridSizeZ:128]]
[2023.01.20-18.19.35:696][  0]LogConfig: Setting CVar [[r.VolumetricFog.HistoryMissSupersampleCount:4]]
[2023.01.20-18.19.35:696][  0]LogConfig: Setting CVar [[r.LightMaxDrawDistanceScale:1]]
[2023.01.20-18.19.35:696][  0]LogConfig: Setting CVar [[r.CapsuleShadows:1]]
[2023.01.20-18.19.35:696][  0]LogConfig: Applying CVar settings from Section [PostProcessQuality@3] File [D:/cgspectrum/term2/projects/cgspectrum-term2/Week8/Saved/Config/Windows/Scalability.ini]
[2023.01.20-18.19.35:696][  0]LogConfig: Setting CVar [[r.MotionBlurQuality:4]]
[2023.01.20-18.19.35:696][  0]LogConfig: Setting CVar [[r.AmbientOcclusionMipLevelFactor:0.4]]
[2023.01.20-18.19.35:696][  0]LogConfig: Setting CVar [[r.AmbientOcclusionMaxQuality:100]]
[2023.01.20-18.19.35:696][  0]LogConfig: Setting CVar [[r.AmbientOcclusionLevels:-1]]
[2023.01.20-18.19.35:696][  0]LogConfig: Setting CVar [[r.AmbientOcclusionRadiusScale:1.0]]
[2023.01.20-18.19.35:696][  0]LogConfig: Setting CVar [[r.DepthOfFieldQuality:2]]
[2023.01.20-18.19.35:696][  0]LogConfig: Setting CVar [[r.RenderTargetPoolMin:400]]
[2023.01.20-18.19.35:696][  0]LogConfig: Setting CVar [[r.LensFlareQuality:2]]
[2023.01.20-18.19.35:696][  0]LogConfig: Setting CVar [[r.SceneColorFringeQuality:1]]
[2023.01.20-18.19.35:696][  0]LogConfig: Setting CVar [[r.EyeAdaptationQuality:2]]
[2023.01.20-18.19.35:696][  0]LogConfig: Setting CVar [[r.BloomQuality:5]]
[2023.01.20-18.19.35:696][  0]LogConfig: Setting CVar [[r.FastBlurThreshold:100]]
[2023.01.20-18.19.35:696][  0]LogConfig: Setting CVar [[r.Upscale.Quality:3]]
[2023.01.20-18.19.35:696][  0]LogConfig: Setting CVar [[r.Tonemapper.GrainQuantization:1]]
[2023.01.20-18.19.35:696][  0]LogConfig: Setting CVar [[r.LightShaftQuality:1]]
[2023.01.20-18.19.35:696][  0]LogConfig: Setting CVar [[r.Filter.SizeScale:1]]
[2023.01.20-18.19.35:696][  0]LogConfig: Setting CVar [[r.Tonemapper.Quality:5]]
[2023.01.20-18.19.35:696][  0]LogConfig: Setting CVar [[r.DOF.Gather.AccumulatorQuality:1        ; higher gathering accumulator quality]]
[2023.01.20-18.19.35:696][  0]LogConfig: Setting CVar [[r.DOF.Gather.PostfilterMethod:1          ; Median3x3 postfilering method]]
[2023.01.20-18.19.35:696][  0]LogConfig: Setting CVar [[r.DOF.Gather.EnableBokehSettings:0       ; no bokeh simulation when gathering]]
[2023.01.20-18.19.35:696][  0]LogConfig: Setting CVar [[r.DOF.Gather.RingCount:4                 ; medium number of samples when gathering]]
[2023.01.20-18.19.35:696][  0]LogConfig: Setting CVar [[r.DOF.Scatter.ForegroundCompositing:1    ; additive foreground scattering]]
[2023.01.20-18.19.35:696][  0]LogConfig: Setting CVar [[r.DOF.Scatter.BackgroundCompositing:2    ; additive background scattering]]
[2023.01.20-18.19.35:696][  0]LogConfig: Setting CVar [[r.DOF.Scatter.EnableBokehSettings:1      ; bokeh simulation when scattering]]
[2023.01.20-18.19.35:696][  0]LogConfig: Setting CVar [[r.DOF.Scatter.MaxSpriteRatio:0.1         ; only a maximum of 10% of scattered bokeh]]
[2023.01.20-18.19.35:697][  0]LogConfig: Setting CVar [[r.DOF.Recombine.Quality:1                ; cheap slight out of focus]]
[2023.01.20-18.19.35:697][  0]LogConfig: Setting CVar [[r.DOF.Recombine.EnableBokehSettings:0    ; no bokeh simulation on slight out of focus]]
[2023.01.20-18.19.35:697][  0]LogConfig: Setting CVar [[r.DOF.TemporalAAQuality:1                ; more stable temporal accumulation]]
[2023.01.20-18.19.35:697][  0]LogConfig: Setting CVar [[r.DOF.Kernel.MaxForegroundRadius:0.025]]
[2023.01.20-18.19.35:697][  0]LogConfig: Setting CVar [[r.DOF.Kernel.MaxBackgroundRadius:0.025]]
[2023.01.20-18.19.35:697][  0]LogConfig: Applying CVar settings from Section [TextureQuality@3] File [D:/cgspectrum/term2/projects/cgspectrum-term2/Week8/Saved/Config/Windows/Scalability.ini]
[2023.01.20-18.19.35:697][  0]LogConfig: Setting CVar [[r.Streaming.MipBias:0]]
[2023.01.20-18.19.35:697][  0]LogConfig: Setting CVar [[r.Streaming.AmortizeCPUToGPUCopy:0]]
[2023.01.20-18.19.35:697][  0]LogConfig: Setting CVar [[r.Streaming.MaxNumTexturesToStreamPerFrame:0]]
[2023.01.20-18.19.35:697][  0]LogConfig: Setting CVar [[r.Streaming.Boost:1]]
[2023.01.20-18.19.35:697][  0]LogConfig: Setting CVar [[r.MaxAnisotropy:8]]
[2023.01.20-18.19.35:697][  0]LogConfig: Setting CVar [[r.VT.MaxAnisotropy:8]]
[2023.01.20-18.19.35:697][  0]LogConfig: Setting CVar [[r.Streaming.LimitPoolSizeToVRAM:0]]
[2023.01.20-18.19.35:697][  0]LogConfig: Setting CVar [[r.Streaming.PoolSize:1000]]
[2023.01.20-18.19.35:697][  0]LogConfig: Setting CVar [[r.Streaming.MaxEffectiveScreenSize:0]]
[2023.01.20-18.19.35:697][  0]LogConfig: Applying CVar settings from Section [EffectsQuality@3] File [D:/cgspectrum/term2/projects/cgspectrum-term2/Week8/Saved/Config/Windows/Scalability.ini]
[2023.01.20-18.19.35:697][  0]LogConfig: Setting CVar [[r.TranslucencyLightingVolumeDim:64]]
[2023.01.20-18.19.35:697][  0]LogConfig: Setting CVar [[r.RefractionQuality:2]]
[2023.01.20-18.19.35:697][  0]LogConfig: Setting CVar [[r.SSR.Quality:3]]
[2023.01.20-18.19.35:697][  0]LogConfig: Setting CVar [[r.SSR.HalfResSceneColor:0]]
[2023.01.20-18.19.35:697][  0]LogConfig: Setting CVar [[r.SceneColorFormat:4]]
[2023.01.20-18.19.35:697][  0]LogConfig: Setting CVar [[r.DetailMode:2]]
[2023.01.20-18.19.35:697][  0]LogConfig: Setting CVar [[r.TranslucencyVolumeBlur:1]]
[2023.01.20-18.19.35:697][  0]LogConfig: Setting CVar [[r.MaterialQualityLevel:1 ; High quality]]
[2023.01.20-18.19.35:697][  0]LogConfig: Setting CVar [[r.AnisotropicMaterials:1]]
[2023.01.20-18.19.35:697][  0]LogConfig: Setting CVar [[r.SSS.Scale:1]]
[2023.01.20-18.19.35:697][  0]LogConfig: Setting CVar [[r.SSS.SampleSet:2]]
[2023.01.20-18.19.35:697][  0]LogConfig: Setting CVar [[r.SSS.Quality:1]]
[2023.01.20-18.19.35:697][  0]LogConfig: Setting CVar [[r.SSS.HalfRes:0]]
[2023.01.20-18.19.35:697][  0]LogConfig: Setting CVar [[r.SSGI.Quality:3]]
[2023.01.20-18.19.35:697][  0]LogConfig: Setting CVar [[r.EmitterSpawnRateScale:1.0]]
[2023.01.20-18.19.35:697][  0]LogConfig: Setting CVar [[r.ParticleLightQuality:2]]
[2023.01.20-18.19.35:697][  0]LogConfig: Setting CVar [[r.SkyAtmosphere.AerialPerspectiveLUT.FastApplyOnOpaque:1 ; Always have FastSkyLUT 1 in this case to avoid wrong sky]]
[2023.01.20-18.19.35:697][  0]LogConfig: Setting CVar [[r.SkyAtmosphere.AerialPerspectiveLUT.SampleCountMaxPerSlice:4]]
[2023.01.20-18.19.35:697][  0]LogConfig: Setting CVar [[r.SkyAtmosphere.AerialPerspectiveLUT.DepthResolution:16.0]]
[2023.01.20-18.19.35:697][  0]LogConfig: Setting CVar [[r.SkyAtmosphere.FastSkyLUT:1]]
[2023.01.20-18.19.35:697][  0]LogConfig: Setting CVar [[r.SkyAtmosphere.FastSkyLUT.SampleCountMin:4.0]]
[2023.01.20-18.19.35:697][  0]LogConfig: Setting CVar [[r.SkyAtmosphere.FastSkyLUT.SampleCountMax:128.0]]
[2023.01.20-18.19.35:697][  0]LogConfig: Setting CVar [[r.SkyAtmosphere.SampleCountMin:4.0]]
[2023.01.20-18.19.35:697][  0]LogConfig: Setting CVar [[r.SkyAtmosphere.SampleCountMax:128.0]]
[2023.01.20-18.19.35:697][  0]LogConfig: Setting CVar [[r.SkyAtmosphere.TransmittanceLUT.UseSmallFormat:0]]
[2023.01.20-18.19.35:697][  0]LogConfig: Setting CVar [[r.SkyAtmosphere.TransmittanceLUT.SampleCount:10.0]]
[2023.01.20-18.19.35:697][  0]LogConfig: Setting CVar [[r.SkyAtmosphere.MultiScatteringLUT.SampleCount:15.0]]
[2023.01.20-18.19.35:697][  0]LogConfig: Setting CVar [[r.SkyLight.RealTimeReflectionCapture:1]]
[2023.01.20-18.19.35:697][  0]LogConfig: Applying CVar settings from Section [FoliageQuality@3] File [D:/cgspectrum/term2/projects/cgspectrum-term2/Week8/Saved/Config/Windows/Scalability.ini]
[2023.01.20-18.19.35:697][  0]LogConfig: Setting CVar [[foliage.DensityScale:1.0]]
[2023.01.20-18.19.35:697][  0]LogConfig: Setting CVar [[grass.DensityScale:1.0]]
[2023.01.20-18.19.35:697][  0]LogConfig: Applying CVar settings from Section [ShadingQuality@3] File [D:/cgspectrum/term2/projects/cgspectrum-term2/Week8/Saved/Config/Windows/Scalability.ini]
[2023.01.20-18.19.35:697][  0]LogConfig: Setting CVar [[r.HairStrands.SkyLighting.IntegrationType:2]]
[2023.01.20-18.19.35:697][  0]LogConfig: Setting CVar [[r.HairStrands.SkyAO.SampleCount:4]]
[2023.01.20-18.19.35:697][  0]LogConfig: Setting CVar [[r.HairStrands.Visibility.MSAA.SamplePerPixel:4]]
[2023.01.20-18.19.35:699][  0]LogInit: Selected Device Profile: [Windows]
[2023.01.20-18.19.35:699][  0]LogInit: Applying CVar settings loaded from the selected device profile: [Windows]
[2023.01.20-18.19.35:699][  0]LogHAL: Display: Platform has ~ 32 GB [34141798400 / 34359738368 / 32], which maps to Largest [LargestMinGB=32, LargerMinGB=12, DefaultMinGB=8, SmallerMinGB=6, SmallestMinGB=0)
[2023.01.20-18.19.35:699][  0]LogInit: Going up to parent DeviceProfile []
[2023.01.20-18.19.35:699][  0]LogConfig: Applying CVar settings from Section [ViewDistanceQuality@3] File [D:/cgspectrum/term2/projects/cgspectrum-term2/Week8/Saved/Config/Windows/Scalability.ini]
[2023.01.20-18.19.35:699][  0]LogConfig: Setting CVar [[r.SkeletalMeshLODBias:0]]
[2023.01.20-18.19.35:699][  0]LogConfig: Setting CVar [[r.ViewDistanceScale:1.0]]
[2023.01.20-18.19.35:699][  0]LogConfig: Applying CVar settings from Section [AntiAliasingQuality@3] File [D:/cgspectrum/term2/projects/cgspectrum-term2/Week8/Saved/Config/Windows/Scalability.ini]
[2023.01.20-18.19.35:699][  0]LogConfig: Setting CVar [[r.PostProcessAAQuality:4]]
[2023.01.20-18.19.35:699][  0]LogConfig: Applying CVar settings from Section [ShadowQuality@3] File [D:/cgspectrum/term2/projects/cgspectrum-term2/Week8/Saved/Config/Windows/Scalability.ini]
[2023.01.20-18.19.35:699][  0]LogConfig: Setting CVar [[r.LightFunctionQuality:1]]
[2023.01.20-18.19.35:699][  0]LogConfig: Setting CVar [[r.ShadowQuality:5]]
[2023.01.20-18.19.35:699][  0]LogConfig: Setting CVar [[r.Shadow.CSM.MaxCascades:10]]
[2023.01.20-18.19.35:699][  0]LogConfig: Setting CVar [[r.Shadow.MaxResolution:2048]]
[2023.01.20-18.19.35:699][  0]LogConfig: Setting CVar [[r.Shadow.MaxCSMResolution:2048]]
[2023.01.20-18.19.35:699][  0]LogConfig: Setting CVar [[r.Shadow.RadiusThreshold:0.01]]
[2023.01.20-18.19.35:699][  0]LogConfig: Setting CVar [[r.Shadow.DistanceScale:1.0]]
[2023.01.20-18.19.35:699][  0]LogConfig: Setting CVar [[r.Shadow.CSM.TransitionScale:1.0]]
[2023.01.20-18.19.35:699][  0]LogConfig: Setting CVar [[r.Shadow.PreShadowResolutionFactor:1.0]]
[2023.01.20-18.19.35:699][  0]LogConfig: Setting CVar [[r.DistanceFieldShadowing:1]]
[2023.01.20-18.19.35:699][  0]LogConfig: Setting CVar [[r.DistanceFieldAO:1]]
[2023.01.20-18.19.35:699][  0]LogConfig: Setting CVar [[r.AOQuality:2]]
[2023.01.20-18.19.35:699][  0]LogConfig: Setting CVar [[r.VolumetricFog:1]]
[2023.01.20-18.19.35:699][  0]LogConfig: Setting CVar [[r.VolumetricFog.GridPixelSize:8]]
[2023.01.20-18.19.35:699][  0]LogConfig: Setting CVar [[r.VolumetricFog.GridSizeZ:128]]
[2023.01.20-18.19.35:699][  0]LogConfig: Setting CVar [[r.VolumetricFog.HistoryMissSupersampleCount:4]]
[2023.01.20-18.19.35:699][  0]LogConfig: Setting CVar [[r.LightMaxDrawDistanceScale:1]]
[2023.01.20-18.19.35:699][  0]LogConfig: Setting CVar [[r.CapsuleShadows:1]]
[2023.01.20-18.19.35:699][  0]LogConfig: Applying CVar settings from Section [PostProcessQuality@3] File [D:/cgspectrum/term2/projects/cgspectrum-term2/Week8/Saved/Config/Windows/Scalability.ini]
[2023.01.20-18.19.35:699][  0]LogConfig: Setting CVar [[r.MotionBlurQuality:4]]
[2023.01.20-18.19.35:699][  0]LogConfig: Setting CVar [[r.AmbientOcclusionMipLevelFactor:0.4]]
[2023.01.20-18.19.35:699][  0]LogConfig: Setting CVar [[r.AmbientOcclusionMaxQuality:100]]
[2023.01.20-18.19.35:699][  0]LogConfig: Setting CVar [[r.AmbientOcclusionLevels:-1]]
[2023.01.20-18.19.35:699][  0]LogConfig: Setting CVar [[r.AmbientOcclusionRadiusScale:1.0]]
[2023.01.20-18.19.35:699][  0]LogConfig: Setting CVar [[r.DepthOfFieldQuality:2]]
[2023.01.20-18.19.35:699][  0]LogConfig: Setting CVar [[r.RenderTargetPoolMin:400]]
[2023.01.20-18.19.35:699][  0]LogConfig: Setting CVar [[r.LensFlareQuality:2]]
[2023.01.20-18.19.35:699][  0]LogConfig: Setting CVar [[r.SceneColorFringeQuality:1]]
[2023.01.20-18.19.35:699][  0]LogConfig: Setting CVar [[r.EyeAdaptationQuality:2]]
[2023.01.20-18.19.35:699][  0]LogConfig: Setting CVar [[r.BloomQuality:5]]
[2023.01.20-18.19.35:699][  0]LogConfig: Setting CVar [[r.FastBlurThreshold:100]]
[2023.01.20-18.19.35:699][  0]LogConfig: Setting CVar [[r.Upscale.Quality:3]]
[2023.01.20-18.19.35:699][  0]LogConfig: Setting CVar [[r.Tonemapper.GrainQuantization:1]]
[2023.01.20-18.19.35:699][  0]LogConfig: Setting CVar [[r.LightShaftQuality:1]]
[2023.01.20-18.19.35:699][  0]LogConfig: Setting CVar [[r.Filter.SizeScale:1]]
[2023.01.20-18.19.35:699][  0]LogConfig: Setting CVar [[r.Tonemapper.Quality:5]]
[2023.01.20-18.19.35:699][  0]LogConfig: Setting CVar [[r.DOF.Gather.AccumulatorQuality:1        ; higher gathering accumulator quality]]
[2023.01.20-18.19.35:699][  0]LogConfig: Setting CVar [[r.DOF.Gather.PostfilterMethod:1          ; Median3x3 postfilering method]]
[2023.01.20-18.19.35:699][  0]LogConfig: Setting CVar [[r.DOF.Gather.EnableBokehSettings:0       ; no bokeh simulation when gathering]]
[2023.01.20-18.19.35:699][  0]LogConfig: Setting CVar [[r.DOF.Gather.RingCount:4                 ; medium number of samples when gathering]]
[2023.01.20-18.19.35:699][  0]LogConfig: Setting CVar [[r.DOF.Scatter.ForegroundCompositing:1    ; additive foreground scattering]]
[2023.01.20-18.19.35:699][  0]LogConfig: Setting CVar [[r.DOF.Scatter.BackgroundCompositing:2    ; additive background scattering]]
[2023.01.20-18.19.35:699][  0]LogConfig: Setting CVar [[r.DOF.Scatter.EnableBokehSettings:1      ; bokeh simulation when scattering]]
[2023.01.20-18.19.35:699][  0]LogConfig: Setting CVar [[r.DOF.Scatter.MaxSpriteRatio:0.1         ; only a maximum of 10% of scattered bokeh]]
[2023.01.20-18.19.35:699][  0]LogConfig: Setting CVar [[r.DOF.Recombine.Quality:1                ; cheap slight out of focus]]
[2023.01.20-18.19.35:699][  0]LogConfig: Setting CVar [[r.DOF.Recombine.EnableBokehSettings:0    ; no bokeh simulation on slight out of focus]]
[2023.01.20-18.19.35:699][  0]LogConfig: Setting CVar [[r.DOF.TemporalAAQuality:1                ; more stable temporal accumulation]]
[2023.01.20-18.19.35:699][  0]LogConfig: Setting CVar [[r.DOF.Kernel.MaxForegroundRadius:0.025]]
[2023.01.20-18.19.35:699][  0]LogConfig: Setting CVar [[r.DOF.Kernel.MaxBackgroundRadius:0.025]]
[2023.01.20-18.19.35:699][  0]LogConfig: Applying CVar settings from Section [TextureQuality@3] File [D:/cgspectrum/term2/projects/cgspectrum-term2/Week8/Saved/Config/Windows/Scalability.ini]
[2023.01.20-18.19.35:699][  0]LogConfig: Setting CVar [[r.Streaming.MipBias:0]]
[2023.01.20-18.19.35:699][  0]LogConfig: Setting CVar [[r.Streaming.AmortizeCPUToGPUCopy:0]]
[2023.01.20-18.19.35:699][  0]LogConfig: Setting CVar [[r.Streaming.MaxNumTexturesToStreamPerFrame:0]]
[2023.01.20-18.19.35:699][  0]LogConfig: Setting CVar [[r.Streaming.Boost:1]]
[2023.01.20-18.19.35:699][  0]LogConfig: Setting CVar [[r.MaxAnisotropy:8]]
[2023.01.20-18.19.35:699][  0]LogConfig: Setting CVar [[r.VT.MaxAnisotropy:8]]
[2023.01.20-18.19.35:699][  0]LogConfig: Setting CVar [[r.Streaming.LimitPoolSizeToVRAM:0]]
[2023.01.20-18.19.35:700][  0]LogConfig: Setting CVar [[r.Streaming.PoolSize:1000]]
[2023.01.20-18.19.35:700][  0]LogConfig: Setting CVar [[r.Streaming.MaxEffectiveScreenSize:0]]
[2023.01.20-18.19.35:700][  0]LogConfig: Applying CVar settings from Section [EffectsQuality@3] File [D:/cgspectrum/term2/projects/cgspectrum-term2/Week8/Saved/Config/Windows/Scalability.ini]
[2023.01.20-18.19.35:700][  0]LogConfig: Setting CVar [[r.TranslucencyLightingVolumeDim:64]]
[2023.01.20-18.19.35:700][  0]LogConfig: Setting CVar [[r.RefractionQuality:2]]
[2023.01.20-18.19.35:700][  0]LogConfig: Setting CVar [[r.SSR.Quality:3]]
[2023.01.20-18.19.35:700][  0]LogConfig: Setting CVar [[r.SSR.HalfResSceneColor:0]]
[2023.01.20-18.19.35:700][  0]LogConfig: Setting CVar [[r.SceneColorFormat:4]]
[2023.01.20-18.19.35:700][  0]LogConfig: Setting CVar [[r.DetailMode:2]]
[2023.01.20-18.19.35:700][  0]LogConfig: Setting CVar [[r.TranslucencyVolumeBlur:1]]
[2023.01.20-18.19.35:700][  0]LogConfig: Setting CVar [[r.MaterialQualityLevel:1 ; High quality]]
[2023.01.20-18.19.35:700][  0]LogConfig: Setting CVar [[r.AnisotropicMaterials:1]]
[2023.01.20-18.19.35:700][  0]LogConfig: Setting CVar [[r.SSS.Scale:1]]
[2023.01.20-18.19.35:700][  0]LogConfig: Setting CVar [[r.SSS.SampleSet:2]]
[2023.01.20-18.19.35:700][  0]LogConfig: Setting CVar [[r.SSS.Quality:1]]
[2023.01.20-18.19.35:700][  0]LogConfig: Setting CVar [[r.SSS.HalfRes:0]]
[2023.01.20-18.19.35:700][  0]LogConfig: Setting CVar [[r.SSGI.Quality:3]]
[2023.01.20-18.19.35:700][  0]LogConfig: Setting CVar [[r.EmitterSpawnRateScale:1.0]]
[2023.01.20-18.19.35:700][  0]LogConfig: Setting CVar [[r.ParticleLightQuality:2]]
[2023.01.20-18.19.35:700][  0]LogConfig: Setting CVar [[r.SkyAtmosphere.AerialPerspectiveLUT.FastApplyOnOpaque:1 ; Always have FastSkyLUT 1 in this case to avoid wrong sky]]
[2023.01.20-18.19.35:700][  0]LogConfig: Setting CVar [[r.SkyAtmosphere.AerialPerspectiveLUT.SampleCountMaxPerSlice:4]]
[2023.01.20-18.19.35:700][  0]LogConfig: Setting CVar [[r.SkyAtmosphere.AerialPerspectiveLUT.DepthResolution:16.0]]
[2023.01.20-18.19.35:700][  0]LogConfig: Setting CVar [[r.SkyAtmosphere.FastSkyLUT:1]]
[2023.01.20-18.19.35:700][  0]LogConfig: Setting CVar [[r.SkyAtmosphere.FastSkyLUT.SampleCountMin:4.0]]
[2023.01.20-18.19.35:700][  0]LogConfig: Setting CVar [[r.SkyAtmosphere.FastSkyLUT.SampleCountMax:128.0]]
[2023.01.20-18.19.35:700][  0]LogConfig: Setting CVar [[r.SkyAtmosphere.SampleCountMin:4.0]]
[2023.01.20-18.19.35:700][  0]LogConfig: Setting CVar [[r.SkyAtmosphere.SampleCountMax:128.0]]
[2023.01.20-18.19.35:700][  0]LogConfig: Setting CVar [[r.SkyAtmosphere.TransmittanceLUT.UseSmallFormat:0]]
[2023.01.20-18.19.35:700][  0]LogConfig: Setting CVar [[r.SkyAtmosphere.TransmittanceLUT.SampleCount:10.0]]
[2023.01.20-18.19.35:700][  0]LogConfig: Setting CVar [[r.SkyAtmosphere.MultiScatteringLUT.SampleCount:15.0]]
[2023.01.20-18.19.35:700][  0]LogConfig: Setting CVar [[r.SkyLight.RealTimeReflectionCapture:1]]
[2023.01.20-18.19.35:700][  0]LogConfig: Applying CVar settings from Section [FoliageQuality@3] File [D:/cgspectrum/term2/projects/cgspectrum-term2/Week8/Saved/Config/Windows/Scalability.ini]
[2023.01.20-18.19.35:700][  0]LogConfig: Setting CVar [[foliage.DensityScale:1.0]]
[2023.01.20-18.19.35:700][  0]LogConfig: Setting CVar [[grass.DensityScale:1.0]]
[2023.01.20-18.19.35:700][  0]LogConfig: Applying CVar settings from Section [ShadingQuality@3] File [D:/cgspectrum/term2/projects/cgspectrum-term2/Week8/Saved/Config/Windows/Scalability.ini]
[2023.01.20-18.19.35:700][  0]LogConfig: Setting CVar [[r.HairStrands.SkyLighting.IntegrationType:2]]
[2023.01.20-18.19.35:700][  0]LogConfig: Setting CVar [[r.HairStrands.SkyAO.SampleCount:4]]
[2023.01.20-18.19.35:700][  0]LogConfig: Setting CVar [[r.HairStrands.Visibility.MSAA.SamplePerPixel:4]]
[2023.01.20-18.19.35:700][  0]LogConfig: Applying CVar settings from Section [Startup] File [../../../Engine/Config/ConsoleVariables.ini]
[2023.01.20-18.19.35:700][  0]LogConfig: Setting CVar [[net.UseAdaptiveNetUpdateFrequency:0]]
[2023.01.20-18.19.35:700][  0]LogConfig: Setting CVar [[p.chaos.AllowCreatePhysxBodies:1]]
[2023.01.20-18.19.35:700][  0]LogConfig: Setting CVar [[fx.SkipVectorVMBackendOptimizations:1]]
[2023.01.20-18.19.35:700][  0]LogConfig: Applying CVar settings from Section [ConsoleVariables] File [D:/cgspectrum/term2/projects/cgspectrum-term2/Week8/Saved/Config/Windows/Engine.ini]
[2023.01.20-18.19.35:700][  0]LogConfig: Applying CVar settings from Section [ConsoleVariables] File [D:/cgspectrum/term2/projects/cgspectrum-term2/Week8/Saved/Config/Windows/Editor.ini]
[2023.01.20-18.19.35:700][  0]LogInit: Computer: SERENITY
[2023.01.20-18.19.35:700][  0]LogInit: User: jenni
[2023.01.20-18.19.35:700][  0]LogInit: CPU Page size=4096, Cores=16
[2023.01.20-18.19.35:700][  0]LogInit: High frequency timer resolution =10.000000 MHz
[2023.01.20-18.19.35:700][  0]LogMemory: Memory total: Physical=31.8GB (32GB approx)
[2023.01.20-18.19.35:700][  0]LogMemory: Platform Memory Stats for Windows
[2023.01.20-18.19.35:700][  0]LogMemory: Process Physical Memory: 145.96 MB used, 145.96 MB peak
[2023.01.20-18.19.35:700][  0]LogMemory: Process Virtual Memory: 125.64 MB used, 125.64 MB peak
[2023.01.20-18.19.35:700][  0]LogMemory: Physical Memory: 12832.22 MB used,  19727.93 MB free, 32560.16 MB total
[2023.01.20-18.19.35:700][  0]LogMemory: Virtual Memory: 134187552.00 MB used,  30172.20 MB free, 134217728.00 MB total
[2023.01.20-18.19.35:855][  0]LogWindows: WindowsPlatformFeatures enabled
[2023.01.20-18.19.35:876][  0]LogInit: Physics initialised using underlying interface: PhysX
[2023.01.20-18.19.35:876][  0]LogInit: Using OS detected language (en-US).
[2023.01.20-18.19.35:876][  0]LogInit: Using OS detected locale (en-US).
[2023.01.20-18.19.35:877][  0]LogTextLocalizationManager: No specific localization for 'en-US' exists, so the 'en' localization will be used.
[2023.01.20-18.19.36:187][  0]LogTargetPlatformManager: Display: Loaded TargetPlatform 'AllDesktop'
[2023.01.20-18.19.36:198][  0]LogTargetPlatformManager: Display: Loaded TargetPlatform 'Android'
[2023.01.20-18.19.36:198][  0]LogTargetPlatformManager: Display: Loaded TargetPlatform 'Android_ASTC'
[2023.01.20-18.19.36:198][  0]LogTargetPlatformManager: Display: Loaded TargetPlatform 'Android_DXT'
[2023.01.20-18.19.36:198][  0]LogTargetPlatformManager: Display: Loaded TargetPlatform 'Android_ETC2'
[2023.01.20-18.19.36:198][  0]LogTargetPlatformManager: Display: Loaded TargetPlatform 'AndroidClient'
[2023.01.20-18.19.36:198][  0]LogTargetPlatformManager: Display: Loaded TargetPlatform 'Android_ASTCClient'
[2023.01.20-18.19.36:198][  0]LogTargetPlatformManager: Display: Loaded TargetPlatform 'Android_DXTClient'
[2023.01.20-18.19.36:198][  0]LogTargetPlatformManager: Display: Loaded TargetPlatform 'Android_ETC2Client'
[2023.01.20-18.19.36:198][  0]LogTargetPlatformManager: Display: Loaded TargetPlatform 'Android_Multi'
[2023.01.20-18.19.36:198][  0]LogTargetPlatformManager: Display: Loaded TargetPlatform 'Android_MultiClient'
[2023.01.20-18.19.36:208][  0]LogTargetPlatformManager: Display: Loaded TargetPlatform 'IOSClient'
[2023.01.20-18.19.36:208][  0]LogTargetPlatformManager: Display: Loaded TargetPlatform 'IOS'
[2023.01.20-18.19.36:213][  0]LogTargetPlatformManager: Display: Loaded TargetPlatform 'Linux'
[2023.01.20-18.19.36:215][  0]LogTargetPlatformManager: Display: Loaded TargetPlatform 'LinuxNoEditor'
[2023.01.20-18.19.36:218][  0]LogTargetPlatformManager: Display: Loaded TargetPlatform 'LinuxClient'
[2023.01.20-18.19.36:221][  0]LogTargetPlatformManager: Display: Loaded TargetPlatform 'LinuxServer'
[2023.01.20-18.19.36:225][  0]LogTargetPlatformManager: Display: Loaded TargetPlatform 'LinuxAArch64NoEditor'
[2023.01.20-18.19.36:227][  0]LogTargetPlatformManager: Display: Loaded TargetPlatform 'LinuxAArch64Client'
[2023.01.20-18.19.36:229][  0]LogTargetPlatformManager: Display: Loaded TargetPlatform 'LinuxAArch64Server'
[2023.01.20-18.19.36:241][  0]LogTargetPlatformManager: Display: Loaded TargetPlatform 'Lumin'
[2023.01.20-18.19.36:241][  0]LogTargetPlatformManager: Display: Loaded TargetPlatform 'LuminClient'
[2023.01.20-18.19.36:245][  0]LogTargetPlatformManager: Display: Loaded TargetPlatform 'MacNoEditor'
[2023.01.20-18.19.36:247][  0]LogTargetPlatformManager: Display: Loaded TargetPlatform 'Mac'
[2023.01.20-18.19.36:248][  0]LogTargetPlatformManager: Display: Loaded TargetPlatform 'MacClient'
[2023.01.20-18.19.36:251][  0]LogTargetPlatformManager: Display: Loaded TargetPlatform 'MacServer'
[2023.01.20-18.19.36:255][  0]LogTargetPlatformManager: Display: Loaded TargetPlatform 'TVOSClient'
[2023.01.20-18.19.36:255][  0]LogTargetPlatformManager: Display: Loaded TargetPlatform 'TVOS'
[2023.01.20-18.19.36:260][  0]LogTargetPlatformManager: Display: Loaded TargetPlatform 'WindowsNoEditor'
[2023.01.20-18.19.36:263][  0]LogTargetPlatformManager: Display: Loaded TargetPlatform 'Windows'
[2023.01.20-18.19.36:265][  0]LogTargetPlatformManager: Display: Loaded TargetPlatform 'WindowsClient'
[2023.01.20-18.19.36:267][  0]LogTargetPlatformManager: Display: Loaded TargetPlatform 'WindowsServer'
[2023.01.20-18.19.36:267][  0]LogTargetPlatformManager: Display: Building Assets For Windows
[2023.01.20-18.19.36:271][  0]LogAudioDebug: Display: Lib vorbis DLL was dynamically loaded.
[2023.01.20-18.19.36:285][  0]LogTextureFormatOodle: Display: Oodle Texture 2.9.0 init RDO Off
[2023.01.20-18.19.36:300][  0]LogRendererCore: Ray tracing is disabled. Reason: r.RayTracing=0.
[2023.01.20-18.19.36:301][  0]LogDerivedDataCache: Display: Max Cache Size: 512 MB
[2023.01.20-18.19.36:338][  0]LogDerivedDataCache: Loaded boot cache 0.04s 94MB C:/Users/jenni/AppData/Local/UnrealEngine/4.27/DerivedDataCache/Boot.ddc.
[2023.01.20-18.19.36:338][  0]LogDerivedDataCache: Display: Loaded Boot cache: C:/Users/jenni/AppData/Local/UnrealEngine/4.27/DerivedDataCache/Boot.ddc
[2023.01.20-18.19.36:338][  0]LogDerivedDataCache: FDerivedDataBackendGraph:  Pak pak cache file ../../../../../cgspectrum/term2/projects/cgspectrum-term2/Week8/DerivedDataCache/DDC.ddp not found, will not use a pak cache.
[2023.01.20-18.19.36:338][  0]LogDerivedDataCache: Unable to find inner node Pak for hierarchical cache Hierarchy.
[2023.01.20-18.19.36:338][  0]LogDerivedDataCache: FDerivedDataBackendGraph:  CompressedPak pak cache file ../../../../../cgspectrum/term2/projects/cgspectrum-term2/Week8/DerivedDataCache/Compressed.ddp not found, will not use a pak cache.
[2023.01.20-18.19.36:338][  0]LogDerivedDataCache: Unable to find inner node CompressedPak for hierarchical cache Hierarchy.
[2023.01.20-18.19.36:350][  0]LogDerivedDataCache: Display: Pak cache opened for reading ../../../Engine/DerivedDataCache/Compressed.ddp.
[2023.01.20-18.19.36:350][  0]LogDerivedDataCache: FDerivedDataBackendGraph:  EnterprisePak pak cache file ../../../Enterprise/DerivedDataCache/Compressed.ddp not found, will not use a pak cache.
[2023.01.20-18.19.36:350][  0]LogDerivedDataCache: Unable to find inner node EnterprisePak for hierarchical cache Hierarchy.
[2023.01.20-18.19.36:353][  0]LogDerivedDataCache: Speed tests for C:/Users/jenni/AppData/Local/UnrealEngine/Common/DerivedDataCache took 0.00 seconds
[2023.01.20-18.19.36:353][  0]LogDerivedDataCache: Display: Performance to C:/Users/jenni/AppData/Local/UnrealEngine/Common/DerivedDataCache: Latency=0.02ms. RandomReadSpeed=1826.86MBs, RandomWriteSpeed=375.15MBs. Assigned SpeedClass 'Local'
[2023.01.20-18.19.36:354][  0]LogDerivedDataCache: Using Local data cache path C:/Users/jenni/AppData/Local/UnrealEngine/Common/DerivedDataCache: Writable
[2023.01.20-18.19.36:354][  0]LogDerivedDataCache: Shared data cache path not found in *engine.ini, will not use an Shared cache.
[2023.01.20-18.19.36:354][  0]LogDerivedDataCache: Unable to find inner node Shared for hierarchical cache Hierarchy.
[2023.01.20-18.19.36:358][  0]LogAssetRegistry: FAssetRegistry took 0.0009 seconds to start up
[2023.01.20-18.19.36:476][  0]LogInit: Selected Device Profile: [Windows]
[2023.01.20-18.19.36:476][  0]LogInit: Active device profile: [0000016D4CF88700][0000016D4942AFC0 49] Windows
[2023.01.20-18.19.36:476][  0]LogInit: Profiles: [0000016D4CF88700][0000016D4942AFC0 49] Windows, [0000016D4CF4B700][0000016D45CFF140 49] WindowsNoEditor, [0000016D4CF8B300][0000016D45D032C0 49] WindowsServer, [0000016D4CF48F00][0000016D45D07440 49] WindowsClient, [0000016D4CF8B500][0000016D45D0B5C0 49] IOS, [0000016D4CF2FF00][0000016D4CAFD740 49] iPadAir, [0000016D4CF4BB00][0000016D4CB018C0 49] iPadAir2, [0000016D4CEE8500][0000016D4CB0FB80 49] IPadPro, [0000016D4CEE8600][0000016D4CB05BC0 49] iPadAir3, [0000016D4CF2C100][0000016D4CB181C0 49] iPadAir4, [0000016D4CEEAC00][0000016D4CB1C340 49] iPadMini2, [0000016D4CF2E500][0000016D4CB204C0 49] iPadMini3, [0000016D4CEEB400][0000016D4CB24640 49] iPadMini4, [0000016D4CF2CF00][0000016D4CB287C0 49] iPadMini5, [0000016D4CEE3E00][0000016D4CB30A80 49] iPhone6, [0000016D4CEE3F00][0000016D4CB2CAC0 49] iPodTouch6, [0000016D4CF8B900][0000016D4CB38D80 49] iPhone7, [0000016D4CF8A100][0000016D4CB34DC0 49] iPodTouch7, [0000016D4CEE0400][0000016D45CFAF00 49] iPhone5S, [0000016D4CEEBD00][0000016D4CB3D040 49] iPhone6Plus, [0000016D4CF8B400][0000016D4CB41180 49] iPhone6S, [0000016D4CEEA000][0000016D4CB49300 49] iPhone6SPlus, [0000016D4CF88900][0000016D4CB4D480 49] iPhone7Plus, [0000016D4CEE8E00][0000016D4CB51600 49] iPhoneSE, [0000016D4CF88200][0000016D4CB55780 49] iPhone8, [0000016D4CEEA400][0000016D4CB59900 49] iPhone8Plus, [0000016D4CF89E00][0000016D4CB5DA80 49] iPhoneX, [0000016D4CEEBE00][0000016D4CB61C00 49] iPhoneXS, [0000016D4CF89600][0000016D4CB64200 49] iPhoneXSMax, [0000016D4CEEA500][0000016D4CB68380 49] iPhoneXR, [0000016D4CF8AA00][0000016D4CB6C500 49] iPhone11, [0000016D4CEEBA00][0000016D4CB70680 49] iPhone11Pro, [0000016D4CF88F00][0000016D4CB74800 49] iPhone11ProMax, [0000016D4CEEA300][0000016D4CB78980 49] iPhoneSE2, [0000016D4CF8A700][0000016D4CB7CB00 49] iPhone12Mini, [0000016D4CEE8700][0000016D4CB80C80 49] iPhone12, [0000016D4CF8B100][0000016D4CB84E00 49] iPhone12Pro, [0000016D4CEEB500][0000016D4CB88F80 49] iPhone12ProMax, [0000016D4CF88800][0000016D4CB450C0 49] iPadPro105, [0000016D4CEE9C00][0000016D4CB8D200 49] iPadPro129, [0000016D4CF88300][0000016D4CB91340 49] iPadPro97, [0000016D4CEE9D00][0000016D4CB994C0 49] iPadPro2_129, [0000016D4CF88C00][0000016D4CB9D640 49] iPad5, [0000016D4CEEB000][0000016D4CBA17C0 49] iPad6, [0000016D4CF8AC00][0000016D4CBA5940 49] iPad7, [0000016D4CEEAE00][0000016D4CBA9AC0 49] iPad8, [0000016D4CF89800][0000016D4CBAC0C0 49] iPadPro11, [0000016D4CEE9B00][0000016D4CBB0240 49] iPadPro2_11, [0000016D4CF89500][0000016D4CBB43C0 49] iPadPro3_129, [0000016D4CEEA700][0000016D4CBB8540 49] iPadPro4_129, [0000016D4CF88100][0000016D4CBBC6C0 49] AppleTV, [0000016D4CEEAB00][0000016D4CBC0840 49] AppleTV4K, [0000016D4CF89B00][0000016D4CBC49C0 49] TVOS, [0000016D4CEE8900][0000016D4CBC8B40 49] Mac, [0000016D4CF89700][0000016D4CBCCCC0 49] MacClient, [0000016D4CEEAF00][0000016D4CBD0E40 49] MacNoEditor, [0000016D4CF88D00][0000016D4CBD4FC0 49] MacServer, [0000016D4CEE8300][0000016D4CBD9140 49] Linux, [0000016D4CF8AE00][0000016D4CB95280 49] LinuxAArch64, [0000016D4CEE9500][0000016D4CBDD3C0 49] LinuxNoEditor, [0000016D4CF8A400][0000016D4CBE1500 49] LinuxAArch64NoEditor, [0000016D4CEE8200][0000016D4CBE5640 49] LinuxClient, [0000016D4CF8AD00][0000016D4CBED7C0 49] LinuxAArch64Client, [0000016D4CEE8C00][0000016D4CBF1940 49] LinuxServer, [0000016D4CF88400][0000016D4CBF5AC0 49] LinuxAArch64Server, [0000016D4CEE9000][0000016D4CBF80C0 49] Android, [0000016D4CF2F900][0000016D4CBFC240 49] Android_Low, [0000016D4CEE1B00][0000016D4CC003C0 49] Android_Mid, [0000016D4CF2F000][0000016D4CC04540 49] Android_High, [0000016D4CEE2300][0000016D4CC086C0 49] Android_Default, [0000016D4CF2E000][0000016D4CC0C840 49] Android_Adreno4xx, [0000016D4CEE0100][0000016D4CC109C0 49] Android_Adreno5xx_Low, [0000016D4CF2CB00][0000016D4CC14B40 49] Android_Adreno5xx, [0000016D4CEE1800][0000016D4CC18CC0 49] Android_Adreno6xx, [0000016D4CF2D100][0000016D4CC1CE40 49] Android_Adreno6xx_Vulkan, [0000016D4CEE0800][0000016D4CC20FC0 49] Android_Mali_T6xx, [0000016D4CF2F600][0000016D4CC25140 49] Android_Mali_T7xx, [0000016D4CEE0D00][0000016D4CC292C0 49] Android_Mali_T8xx, [0000016D4CF2FC00][0000016D4CBE9400 49] Android_Mali_G71, [0000016D4CEE1500][0000016D4CC2D540 49] Android_Mali_G72, [0000016D4CF2FE00][0000016D4CC31680 49] Android_Mali_G72_Vulkan, [0000016D4CEE3D00][0000016D4CC357C0 49] Android_Mali_G76, [0000016D4CF2FA00][0000016D4CC3D940 49] Android_Mali_G76_Vulkan, [0000016D4CEE3600][0000016D4CC41AC0 49] Android_Mali_G77, [0000016D4CF2E200][0000016D4CC440C0 49] Android_Mali_G77_Vulkan, [0000016D4CEE1200][0000016D4CC48240 49] Android_Mali_G78, [0000016D4CF2CA00][0000016D4CC4C3C0 49] Android_Mali_G78_Vulkan, [0000016D4CEE3000][0000016D4DC60540 49] Android_Mali_G710, [0000016D4CF2D400][0000016D4DC646C0 49] Android_Mali_G710_Vulkan, [0000016D4CEE0700][0000016D4DC68840 49] Android_Vulkan_SM5, [0000016D4CF2D800][0000016D4DC6C9C0 49] Android_PowerVR_G6xxx, [0000016D4CEE0E00][0000016D4DC70B40 49] Android_PowerVR_GT7xxx, [0000016D4CF2C200][0000016D4DC74CC0 49] Android_PowerVR_GE8xxx, [0000016D4CEE0600][0000016D4DC78E40 49] Android_PowerVR_GM9xxx, [0000016D4CF2E600][0000016D4DC7CFC0 49] Android_PowerVR_GM9xxx_Vulkan, [0000016D4CEE8F00][0000016D4DC81140 49] Android_TegraK1, [0000016D4CF2EA00][0000016D4DC852C0 49] Android_Unknown_Vulkan, [0000016D4CEE8D00][0000016D4DC89440 49] Lumin, [0000016D4CF2D200][0000016D4DC8D5C0 49] Lumin_Desktop, [0000016D4CEE8B00][0000016D4CC39700 49] HoloLens, 
[2023.01.20-18.19.36:493][  0]LogMeshReduction: Using QuadricMeshReduction for automatic static mesh reduction
[2023.01.20-18.19.36:493][  0]LogMeshReduction: Using SimplygonMeshReduction for automatic skeletal mesh reduction
[2023.01.20-18.19.36:493][  0]LogMeshReduction: Using ProxyLODMeshReduction for automatic mesh merging
[2023.01.20-18.19.36:493][  0]LogMeshReduction: No distributed automatic mesh merging module available
[2023.01.20-18.19.36:493][  0]LogMeshMerging: No distributed automatic mesh merging module available
[2023.01.20-18.19.36:508][  0]LogNetVersion: Week8 1.0.0, NetCL: 17155196, EngineNetVer: 17, GameNetVer: 0 (Checksum: 3668228383)
[2023.01.20-18.19.36:583][  0]LogHMD: PokeAHoleMaterial loaded successfully
[2023.01.20-18.19.36:632][  0]LogCollectionManager: Loaded 0 collections in 0.000380 seconds
[2023.01.20-18.19.36:634][  0]LogFileCache: Scanning file cache for directory 'D:/cgspectrum/term2/projects/cgspectrum-term2/Week8/Saved/Collections/' took 0.00s
[2023.01.20-18.19.36:634][  0]LogFileCache: Scanning file cache for directory 'D:/cgspectrum/term2/projects/cgspectrum-term2/Week8/Content/Developers/jenni/Collections/' took 0.00s
[2023.01.20-18.19.36:634][  0]LogFileCache: Scanning file cache for directory 'D:/cgspectrum/term2/projects/cgspectrum-term2/Week8/Content/Collections/' took 0.00s
[2023.01.20-18.19.36:634][  0]LogCollectionManager: Fixed up redirectors for 0 collections in 0.000001 seconds (updated 0 objects)
[2023.01.20-18.19.36:689][  0]LogPython: Using Python 3.7.7
[2023.01.20-18.19.36:967][  0]LogNiagaraDebuggerClient: Niagara Debugger Client Initialized | Session: 6802D09649965C97952623AA7DA6CF94 | Instance: 6BB7A3D14693E2ECB5AD70A5852F3691 (SERENITY-28620).
[2023.01.20-18.19.37:109][  0]SourceControl: Source control is disabled
[2023.01.20-18.19.37:109][  0]SourceControl: Source control is disabled
[2023.01.20-18.19.37:125][  0]SourceControl: Source control is disabled
[2023.01.20-18.19.37:126][  0]SourceControl: Source control is disabled
[2023.01.20-18.19.37:128][  0]SourceControl: Source control is disabled
[2023.01.20-18.19.37:184][  0]LogOpenImageDenoise: OIDN starting up
[2023.01.20-18.19.37:209][  0]LogAndroidPermission: UAndroidPermissionCallbackProxy::GetInstance
[2023.01.20-18.19.37:214][  0]LogAudioCaptureCore: Display: No Audio Capture implementations found. Audio input will be silent.
[2023.01.20-18.19.37:214][  0]LogAudioCaptureCore: Display: No Audio Capture implementations found. Audio input will be silent.
[2023.01.20-18.19.37:266][  0]LogUProjectInfo: Found projects:
[2023.01.20-18.19.37:281][  0]LogOcInput: OculusInput pre-init called
[2023.01.20-18.19.37:299][  0]LogUObjectArray: 23056 objects as part of root set at end of initial load.
[2023.01.20-18.19.37:299][  0]LogUObjectAllocator: 6355248 out of 0 bytes used by permanent object pool.
[2023.01.20-18.19.37:299][  0]LogUObjectArray: CloseDisregardForGC: 0/0 objects in disregard for GC pool
[2023.01.20-18.19.37:300][  0]LogInit: Error: VisualStudioToolsCommandlet looked like a commandlet, but we could not find the class.
[2023.01.20-18.19.37:300][  0]LogCore: Engine exit requested (reason: Failed to find commandlet class VisualStudioToolsCommandlet)
[2023.01.20-18.19.37:300][  0]LogCore: Engine exit requested (reason: EngineExit() was called; note: exit was already requested)
[2023.01.20-18.19.37:300][  0]LogExit: Preparing to exit.
[2023.01.20-18.19.37:304][  0]LogUObjectHash: Compacting FUObjectHashTables data took   0.39ms
[2023.01.20-18.19.37:349][  0]LogDemo: Cleaned up 0 splitscreen connections with owner deletion
[2023.01.20-18.19.37:370][  0]LogExit: Object subsystem successfully closed.
[2023.01.20-18.19.37:391][  0]LogModuleManager: Shutting down and abandoning module AudioSynesthesiaEditor (594)
[2023.01.20-18.19.37:391][  0]LogModuleManager: Shutting down and abandoning module OculusEditor (592)
[2023.01.20-18.19.37:391][  0]LogModuleManager: Shutting down and abandoning module OculusInput (590)
[2023.01.20-18.19.37:391][  0]LogModuleManager: Shutting down and abandoning module ContentBrowserAssetDataSource (588)
[2023.01.20-18.19.37:391][  0]LogModuleManager: Shutting down and abandoning module ContentBrowserFileDataSource (586)
[2023.01.20-18.19.37:391][  0]LogModuleManager: Shutting down and abandoning module ContentBrowserClassDataSource (584)
[2023.01.20-18.19.37:391][  0]LogModuleManager: Shutting down and abandoning module ToolMenus (583)
[2023.01.20-18.19.37:391][  0]LogModuleManager: Shutting down and abandoning module MediaCompositing (580)
[2023.01.20-18.19.37:391][  0]LogModuleManager: Shutting down and abandoning module VisualStudioCodeSourceCodeAccess (578)
[2023.01.20-18.19.37:391][  0]LogModuleManager: Shutting down and abandoning module VisualStudioSourceCodeAccess (576)
[2023.01.20-18.19.37:391][  0]LogModuleManager: Shutting down and abandoning module SynthesisEditor (574)
[2023.01.20-18.19.37:391][  0]LogModuleManager: Shutting down and abandoning module Synthesis (572)
[2023.01.20-18.19.37:391][  0]LogModuleManager: Shutting down and abandoning module ProceduralMeshComponentEditor (570)
[2023.01.20-18.19.37:391][  0]LogModuleManager: Shutting down and abandoning module ProceduralMeshComponent (568)
[2023.01.20-18.19.37:391][  0]LogModuleManager: Shutting down and abandoning module OpenXREditor (566)
[2023.01.20-18.19.37:391][  0]LogModuleManager: Shutting down and abandoning module MobilePatchingUtils (564)
[2023.01.20-18.19.37:391][  0]LogModuleManager: Shutting down and abandoning module GooglePAD (562)
[2023.01.20-18.19.37:391][  0]LogModuleManager: Shutting down and abandoning module AssetTags (560)
[2023.01.20-18.19.37:391][  0]LogModuleManager: Shutting down and abandoning module EditableMesh (558)
[2023.01.20-18.19.37:391][  0]LogModuleManager: Shutting down and abandoning module CustomMeshComponent (556)
[2023.01.20-18.19.37:391][  0]LogModuleManager: Shutting down and abandoning module CableComponent (554)
[2023.01.20-18.19.37:391][  0]LogModuleManager: Shutting down and abandoning module AudioCapture (552)
[2023.01.20-18.19.37:391][  0]LogModuleManager: Shutting down and abandoning module AudioCaptureRtAudio (551)
[2023.01.20-18.19.37:391][  0]LogModuleManager: Shutting down and abandoning module ArchVisCharacter (548)
[2023.01.20-18.19.37:391][  0]LogModuleManager: Shutting down and abandoning module AndroidPermission (546)
[2023.01.20-18.19.37:391][  0]LogModuleManager: Shutting down and abandoning module AppleImageUtilsBlueprintSupport (544)
[2023.01.20-18.19.37:391][  0]LogModuleManager: Shutting down and abandoning module AppleImageUtils (542)
[2023.01.20-18.19.37:391][  0]LogModuleManager: Shutting down and abandoning module ActorLayerUtilitiesEditor (540)
[2023.01.20-18.19.37:391][  0]LogModuleManager: Shutting down and abandoning module ActorLayerUtilities (538)
[2023.01.20-18.19.37:391][  0]LogModuleManager: Shutting down and abandoning module TakeSequencer (536)
[2023.01.20-18.19.37:391][  0]LogModuleManager: Shutting down and abandoning module TakeMovieScene (534)
[2023.01.20-18.19.37:391][  0]LogModuleManager: Shutting down and abandoning module ScreenshotTools (532)
[2023.01.20-18.19.37:391][  0]LogModuleManager: Shutting down and abandoning module TemplateSequence (530)
[2023.01.20-18.19.37:391][  0]LogModuleManager: Shutting down and abandoning module MagicLeapSharedWorld (528)
[2023.01.20-18.19.37:391][  0]LogModuleManager: Shutting down and abandoning module MagicLeapLightEstimation (526)
[2023.01.20-18.19.37:391][  0]LogModuleManager: Shutting down and abandoning module MagicLeapHelperVulkan (524)
[2023.01.20-18.19.37:391][  0]LogModuleManager: Shutting down and abandoning module MagicLeapHelperOpenGL (522)
[2023.01.20-18.19.37:391][  0]LogModuleManager: Shutting down and abandoning module MagicLeapAudio (520)
[2023.01.20-18.19.37:391][  0]LogModuleManager: Shutting down and abandoning module NiagaraEditorWidgets (518)
[2023.01.20-18.19.37:391][  0]LogModuleManager: Shutting down and abandoning module VariantManagerContentEditor (516)
[2023.01.20-18.19.37:391][  0]LogModuleManager: Shutting down and abandoning module DatasmithContentEditor (514)
[2023.01.20-18.19.37:391][  0]LogModuleManager: Shutting down and abandoning module OpenImageDenoise (512)
[2023.01.20-18.19.37:391][  0]LogOpenImageDenoise: OIDN shutting down
[2023.01.20-18.19.37:391][  0]LogModuleManager: Shutting down and abandoning module MotoSynthEditor (510)
[2023.01.20-18.19.37:391][  0]LogModuleManager: Shutting down and abandoning module MotoSynth (508)
[2023.01.20-18.19.37:391][  0]LogModuleManager: Shutting down and abandoning module MeshConversion (506)
[2023.01.20-18.19.37:391][  0]LogModuleManager: Shutting down and abandoning module DynamicMesh (504)
[2023.01.20-18.19.37:391][  0]LogModuleManager: Shutting down and abandoning module GeometryAlgorithms (502)
[2023.01.20-18.19.37:391][  0]LogModuleManager: Shutting down and abandoning module GeometricObjects (500)
[2023.01.20-18.19.37:391][  0]LogModuleManager: Shutting down and abandoning module GeometryCacheTracks (498)
[2023.01.20-18.19.37:391][  0]LogModuleManager: Shutting down and abandoning module GeometryCacheStreamer (496)
[2023.01.20-18.19.37:391][  0]LogModuleManager: Shutting down and abandoning module GeometryCacheSequencer (494)
[2023.01.20-18.19.37:391][  0]LogModuleManager: Shutting down and abandoning module GeometryCollectionTracks (492)
[2023.01.20-18.19.37:391][  0]LogModuleManager: Shutting down and abandoning module GeometryCollectionSequencer (491)
[2023.01.20-18.19.37:391][  0]LogModuleManager: Shutting down and abandoning module GeometryCollectionEditor (488)
[2023.01.20-18.19.37:391][  0]LogModuleManager: Shutting down and abandoning module ChaosClothEditor (486)
[2023.01.20-18.19.37:391][  0]LogModuleManager: Shutting down and abandoning module ChaosNiagara (484)
[2023.01.20-18.19.37:391][  0]LogModuleManager: Shutting down and abandoning module ChaosSolverEditor (482)
[2023.01.20-18.19.37:391][  0]LogModuleManager: Shutting down and abandoning module FractureEditor (480)
[2023.01.20-18.19.37:391][  0]LogModuleManager: Shutting down and abandoning module FieldSystemEngine (479)
[2023.01.20-18.19.37:391][  0]LogModuleManager: Shutting down and abandoning module AlembicImporter (476)
[2023.01.20-18.19.37:391][  0]LogModuleManager: Shutting down and abandoning module AlembicLibrary (475)
[2023.01.20-18.19.37:391][  0]LogModuleManager: Shutting down and abandoning module GeometryCache (474)
[2023.01.20-18.19.37:391][  0]LogModuleManager: Shutting down and abandoning module GeometryCacheEd (473)
[2023.01.20-18.19.37:391][  0]LogModuleManager: Shutting down and abandoning module AutomationUtilsEditor (468)
[2023.01.20-18.19.37:391][  0]LogModuleManager: Shutting down and abandoning module AutomationUtils (466)
[2023.01.20-18.19.37:391][  0]LogModuleManager: Shutting down and abandoning module UObjectPlugin (464)
[2023.01.20-18.19.37:391][  0]LogModuleManager: Shutting down and abandoning module SubversionSourceControl (462)
[2023.01.20-18.19.37:391][  0]LogModuleManager: Shutting down and abandoning module PluginUtils (460)
[2023.01.20-18.19.37:391][  0]LogModuleManager: Shutting down and abandoning module PlasticSourceControl (458)
[2023.01.20-18.19.37:391][  0]LogModuleManager: Shutting down and abandoning module PerforceSourceControl (456)
[2023.01.20-18.19.37:392][  0]LogModuleManager: Shutting down and abandoning module PluginBrowser (454)
[2023.01.20-18.19.37:392][  0]LogModuleManager: Shutting down and abandoning module SpeedTreeImporter (452)
[2023.01.20-18.19.37:392][  0]LogModuleManager: Shutting down and abandoning module GitSourceControl (450)
[2023.01.20-18.19.37:392][  0]LogModuleManager: Shutting down and abandoning module SourceControl (449)
[2023.01.20-18.19.37:392][  0]LogModuleManager: Shutting down and abandoning module CLionSourceCodeAccess (446)
[2023.01.20-18.19.37:392][  0]LogModuleManager: Shutting down and abandoning module MobileLauncherProfileWizard (444)
[2023.01.20-18.19.37:392][  0]LogModuleManager: Shutting down and abandoning module MaterialAnalyzer (442)
[2023.01.20-18.19.37:392][  0]LogModuleManager: Shutting down and abandoning module CurveEditorTools (440)
[2023.01.20-18.19.37:392][  0]LogModuleManager: Shutting down and abandoning module AnimationSharingEd (438)
[2023.01.20-18.19.37:392][  0]LogModuleManager: Shutting down and abandoning module CryptoKeysOpenSSL (436)
[2023.01.20-18.19.37:392][  0]LogModuleManager: Shutting down and abandoning module CryptoKeys (434)
[2023.01.20-18.19.37:392][  0]LogModuleManager: Shutting down and abandoning module LightPropagationVolumeEditor (432)
[2023.01.20-18.19.37:392][  0]LogModuleManager: Shutting down and abandoning module LiveLinkSequencer (430)
[2023.01.20-18.19.37:392][  0]LogModuleManager: Shutting down and abandoning module LiveLinkMovieScene (428)
[2023.01.20-18.19.37:392][  0]LogModuleManager: Shutting down and abandoning module LiveLinkGraphNode (426)
[2023.01.20-18.19.37:392][  0]LogModuleManager: Shutting down and abandoning module LiveLinkEditor (424)
[2023.01.20-18.19.37:392][  0]LogModuleManager: Shutting down and abandoning module LiveLinkComponents (422)
[2023.01.20-18.19.37:392][  0]LogModuleManager: Shutting down and abandoning module LiveLink (420)
[2023.01.20-18.19.38:073][  0]LogModuleManager: Shutting down and abandoning module OodleNetworkHandlerComponent (418)
[2023.01.20-18.19.38:073][  0]LogModuleManager: Shutting down and abandoning module PaperTiledImporter (416)
[2023.01.20-18.19.38:073][  0]LogModuleManager: Shutting down and abandoning module PaperSpriteSheetImporter (414)
[2023.01.20-18.19.38:073][  0]LogModuleManager: Shutting down and abandoning module Paper2DEditor (412)
[2023.01.20-18.19.38:073][  0]LogModuleManager: Shutting down and abandoning module MeshPaintingToolset (410)
[2023.01.20-18.19.38:073][  0]LogModuleManager: Shutting down and abandoning module MeshPaintEditorMode (408)
[2023.01.20-18.19.38:073][  0]LogModuleManager: Shutting down and abandoning module Week8 (406)
[2023.01.20-18.19.38:073][  0]LogModuleManager: Shutting down and abandoning module RuntimePhysXCooking (404)
[2023.01.20-18.19.38:073][  0]LogModuleManager: Shutting down and abandoning module SoundFields (402)
[2023.01.20-18.19.38:073][  0]LogModuleManager: Shutting down and abandoning module SignificanceManager (400)
[2023.01.20-18.19.38:073][  0]LogModuleManager: Shutting down and abandoning module PropertyAccessEditor (398)
[2023.01.20-18.19.38:073][  0]LogModuleManager: Shutting down and abandoning module PhysXVehiclesEditor (396)
[2023.01.20-18.19.38:073][  0]LogModuleManager: Shutting down and abandoning module LocationServicesBPLibrary (392)
[2023.01.20-18.19.38:073][  0]LogModuleManager: Shutting down and abandoning module AudioSynesthesia (390)
[2023.01.20-18.19.38:074][  0]LogModuleManager: Shutting down and abandoning module AudioSynesthesiaCore (388)
[2023.01.20-18.19.38:074][  0]LogModuleManager: Shutting down and abandoning module UdpMessaging (386)
[2023.01.20-18.19.38:074][  0]LogModuleManager: Shutting down and abandoning module ActorSequence (384)
[2023.01.20-18.19.38:074][  0]LogModuleManager: Shutting down and abandoning module TcpMessaging (382)
[2023.01.20-18.19.38:074][  0]LogModuleManager: Shutting down and abandoning module MagicLeapARPin (380)
[2023.01.20-18.19.38:074][  0]LogModuleManager: Shutting down and abandoning module MagicLeapHandMeshing (378)
[2023.01.20-18.19.38:074][  0]LogModuleManager: Shutting down and abandoning module MagicLeapSecureStorage (376)
[2023.01.20-18.19.38:074][  0]LogModuleManager: Shutting down and abandoning module MagicLeapPrivileges (374)
[2023.01.20-18.19.38:074][  0]LogModuleManager: Shutting down and abandoning module MagicLeapPlanes (372)
[2023.01.20-18.19.38:074][  0]LogMagicLeapPlanes: Planes tracker already destroyed.
[2023.01.20-18.19.38:074][  0]LogModuleManager: Shutting down and abandoning module MagicLeapImageTracker (370)
[2023.01.20-18.19.38:074][  0]LogModuleManager: Shutting down and abandoning module MagicLeapIdentity (368)
[2023.01.20-18.19.38:074][  0]LogModuleManager: Shutting down and abandoning module MagicLeapHandTracking (366)
[2023.01.20-18.19.38:074][  0]LogModuleManager: Shutting down and abandoning module MagicLeapEyeTracker (364)
[2023.01.20-18.19.38:074][  0]LogModuleManager: Shutting down and abandoning module MagicLeapController (362)
[2023.01.20-18.19.38:074][  0]LogModuleManager: Shutting down and abandoning module MagicLeapARPinImpl (360)
[2023.01.20-18.19.38:074][  0]LogModuleManager: Shutting down and abandoning module MagicLeapAR (358)
[2023.01.20-18.19.38:074][  0]LogModuleManager: Shutting down and abandoning module NiagaraAnimNotifies (356)
[2023.01.20-18.19.38:074][  0]LogModuleManager: Shutting down and abandoning module Niagara (354)
[2023.01.20-18.19.38:074][  0]LogModuleManager: Shutting down and abandoning module SignalProcessing (353)
[2023.01.20-18.19.38:074][  0]LogModuleManager: Shutting down and abandoning module NiagaraEditor (351)
[2023.01.20-18.19.38:074][  0]LogModuleManager: Shutting down and abandoning module NiagaraCore (348)
[2023.01.20-18.19.38:074][  0]LogModuleManager: Shutting down and abandoning module PythonScriptPlugin (346)
[2023.01.20-18.19.38:074][  0]LogModuleManager: Shutting down and abandoning module GameplayCameras (344)
[2023.01.20-18.19.38:075][  0]LogModuleManager: Shutting down and abandoning module PropertyAccessNode (342)
[2023.01.20-18.19.38:075][  0]LogModuleManager: Shutting down and abandoning module DataValidation (340)
[2023.01.20-18.19.38:075][  0]LogModuleManager: Shutting down and abandoning module AnimationSharing (338)
[2023.01.20-18.19.38:075][  0]LogModuleManager: Shutting down and abandoning module FacialAnimationEditor (336)
[2023.01.20-18.19.38:075][  0]LogModuleManager: Shutting down and abandoning module FacialAnimation (334)
[2023.01.20-18.19.38:075][  0]LogModuleManager: Shutting down and abandoning module GameplayTagsEditor (332)
[2023.01.20-18.19.38:075][  0]LogModuleManager: Shutting down and abandoning module LightPropagationVolumeRuntime (330)
[2023.01.20-18.19.38:075][  0]LogModuleManager: Shutting down and abandoning module AssetManagerEditor (328)
[2023.01.20-18.19.38:075][  0]LogModuleManager: Shutting down and abandoning module TreeMap (327)
[2023.01.20-18.19.38:075][  0]LogModuleManager: Shutting down and abandoning module EnvironmentQueryEditor (324)
[2023.01.20-18.19.38:075][  0]LogModuleManager: Shutting down and abandoning module Paper2D (322)
[2023.01.20-18.19.38:075][  0]LogModuleManager: Shutting down and abandoning module NetworkReplayStreaming (320)
[2023.01.20-18.19.38:075][  0]LogModuleManager: Shutting down and abandoning module PacketHandler (318)
[2023.01.20-18.19.38:075][  0]LogModuleManager: Shutting down and abandoning module ClothingSystemEditor (316)
[2023.01.20-18.19.38:075][  0]LogModuleManager: Shutting down and abandoning module ClothingSystemRuntimeNv (314)
[2023.01.20-18.19.38:075][  0]LogModuleManager: Shutting down and abandoning module MediaAssets (312)
[2023.01.20-18.19.38:075][  0]LogModuleManager: Shutting down and abandoning module Overlay (310)
[2023.01.20-18.19.38:075][  0]LogModuleManager: Shutting down and abandoning module OverlayEditor (309)
[2023.01.20-18.19.38:075][  0]LogModuleManager: Shutting down and abandoning module Blutility (306)
[2023.01.20-18.19.38:075][  0]LogModuleManager: Shutting down and abandoning module LevelEditor (305)
[2023.01.20-18.19.38:076][  0]LogModuleManager: Shutting down and abandoning module PixelInspectorModule (304)
[2023.01.20-18.19.38:076][  0]LogModuleManager: Shutting down and abandoning module CommonMenuExtensions (302)
[2023.01.20-18.19.38:076][  0]LogModuleManager: Shutting down and abandoning module MainFrame (300)
[2023.01.20-18.19.38:076][  0]LogModuleManager: Shutting down and abandoning module HotReload (299)
[2023.01.20-18.19.38:076][  0]LogModuleManager: Shutting down and abandoning module ContentBrowser (295)
[2023.01.20-18.19.38:076][  0]LogModuleManager: Shutting down and abandoning module CollectionManager (294)
[2023.01.20-18.19.38:076][  0]LogModuleManager: Shutting down and abandoning module ContentBrowserData (292)
[2023.01.20-18.19.38:077][  0]LogModuleManager: Shutting down and abandoning module IntroTutorials (288)
[2023.01.20-18.19.38:077][  0]LogModuleManager: Shutting down and abandoning module VREditor (286)
[2023.01.20-18.19.38:077][  0]LogModuleManager: Shutting down and abandoning module StringTableEditor (284)
[2023.01.20-18.19.38:077][  0]LogModuleManager: Shutting down and abandoning module GameplayTasksEditor (282)
[2023.01.20-18.19.38:077][  0]LogModuleManager: Shutting down and abandoning module BehaviorTreeEditor (280)
[2023.01.20-18.19.38:077][  0]LogModuleManager: Shutting down and abandoning module FunctionalTesting (278)
[2023.01.20-18.19.38:077][  0]LogModuleManager: Shutting down and abandoning module CollisionAnalyzer (276)
[2023.01.20-18.19.38:077][  0]LogModuleManager: Shutting down and abandoning module WorkspaceMenuStructure (275)
[2023.01.20-18.19.38:077][  0]LogModuleManager: Shutting down and abandoning module UMG (272)
[2023.01.20-18.19.38:077][  0]LogModuleManager: Shutting down and abandoning module UMGEditor (271)
[2023.01.20-18.19.38:077][  0]LogModuleManager: Shutting down and abandoning module MessageLog (269)
[2023.01.20-18.19.38:077][  0]LogModuleManager: Shutting down and abandoning module SlateReflector (264)
[2023.01.20-18.19.38:077][  0]LogModuleManager: Shutting down and abandoning module Slate (262)
[2023.01.20-18.19.38:077][  0]LogModuleManager: Shutting down and abandoning module SlateCore (260)
[2023.01.20-18.19.38:078][  0]LogModuleManager: Shutting down and abandoning module LandscapeEditorUtilities (258)
[2023.01.20-18.19.38:078][  0]LogModuleManager: Shutting down and abandoning module UnrealEd (256)
[2023.01.20-18.19.38:078][  0]LogModuleManager: Shutting down and abandoning module MRMesh (254)
[2023.01.20-18.19.38:078][  0]LogModuleManager: Shutting down and abandoning module SourceCodeAccess (252)
[2023.01.20-18.19.38:078][  0]LogModuleManager: Shutting down and abandoning module HeadMountedDisplay (250)
[2023.01.20-18.19.38:078][  0]LogModuleManager: Shutting down and abandoning module XAudio2 (248)
[2023.01.20-18.19.38:078][  0]LogModuleManager: Shutting down and abandoning module Networking (246)
[2023.01.20-18.19.38:078][  0]LogModuleManager: Shutting down and abandoning module Core (244)
[2023.01.20-18.19.38:078][  0]LogModuleManager: Shutting down and abandoning module MaterialEditor (242)
[2023.01.20-18.19.38:078][  0]LogModuleManager: Shutting down and abandoning module Settings (241)
[2023.01.20-18.19.38:078][  0]LogModuleManager: Shutting down and abandoning module MovieSceneTools (238)
[2023.01.20-18.19.38:078][  0]LogModuleManager: Shutting down and abandoning module CurveEditor (237)
[2023.01.20-18.19.38:078][  0]LogModuleManager: Shutting down and abandoning module Sequencer (235)
[2023.01.20-18.19.38:079][  0]LogModuleManager: Shutting down and abandoning module EditorStyle (234)
[2023.01.20-18.19.38:079][  0]LogModuleManager: Shutting down and abandoning module KismetCompiler (230)
[2023.01.20-18.19.38:079][  0]LogModuleManager: Shutting down and abandoning module MeshBuilder (228)
[2023.01.20-18.19.38:079][  0]LogModuleManager: Shutting down and abandoning module MeshUtilities (226)
[2023.01.20-18.19.38:079][  0]LogModuleManager: Shutting down and abandoning module MeshMergeUtilities (225)
[2023.01.20-18.19.38:079][  0]LogModuleManager: Shutting down and abandoning module MeshReductionInterface (224)
[2023.01.20-18.19.38:079][  0]LogModuleManager: Shutting down and abandoning module MeshBoneReduction (223)
[2023.01.20-18.19.38:079][  0]LogModuleManager: Shutting down and abandoning module SkeletalMeshReduction (221)
[2023.01.20-18.19.38:079][  0]LogModuleManager: Shutting down and abandoning module ProxyLODMeshReduction (219)
[2023.01.20-18.19.38:079][  0]LogModuleManager: Shutting down and abandoning module QuadricMeshReduction (217)
[2023.01.20-18.19.38:079][  0]LogModuleManager: Shutting down and abandoning module MaterialBaking (213)
[2023.01.20-18.19.38:079][  0]LogModuleManager: Shutting down and abandoning module DirectoryWatcher (209)
[2023.01.20-18.19.38:079][  0]LogModuleManager: Shutting down and abandoning module NullInstallBundleManager (206)
[2023.01.20-18.19.38:079][  0]LogModuleManager: Shutting down and abandoning module DerivedDataCache (204)
[2023.01.20-18.19.38:079][  0]LogModuleManager: Shutting down and abandoning module TargetPlatform (202)
[2023.01.20-18.19.38:079][  0]LogModuleManager: Shutting down and abandoning module VulkanShaderFormat (201)
[2023.01.20-18.19.38:079][  0]LogModuleManager: Shutting down and abandoning module ShaderFormatVectorVM (199)
[2023.01.20-18.19.38:079][  0]LogModuleManager: Shutting down and abandoning module ShaderFormatOpenGL (197)
[2023.01.20-18.19.38:079][  0]LogModuleManager: Shutting down and abandoning module ShaderFormatD3D (195)
[2023.01.20-18.19.38:079][  0]LogModuleManager: Shutting down and abandoning module MetalShaderFormat (193)
[2023.01.20-18.19.38:079][  0]LogModuleManager: Shutting down and abandoning module TextureFormatOodle (191)
[2023.01.20-18.19.38:079][  0]LogModuleManager: Shutting down and abandoning module TextureFormatUncompressed (189)
[2023.01.20-18.19.38:079][  0]LogModuleManager: Shutting down and abandoning module TextureFormatPVR (187)
[2023.01.20-18.19.38:079][  0]LogModuleManager: Shutting down and abandoning module TextureFormatETC2 (185)
[2023.01.20-18.19.38:079][  0]LogModuleManager: Shutting down and abandoning module TextureFormatDXT (183)
[2023.01.20-18.19.38:079][  0]LogModuleManager: Shutting down and abandoning module TextureFormatIntelISPCTexComp (181)
[2023.01.20-18.19.38:080][  0]LogModuleManager: Shutting down and abandoning module TextureFormatASTC (179)
[2023.01.20-18.19.38:080][  0]LogModuleManager: Shutting down and abandoning module ImageWrapper (178)
[2023.01.20-18.19.38:080][  0]LogModuleManager: Shutting down and abandoning module AudioFormatOpus (175)
[2023.01.20-18.19.38:080][  0]LogModuleManager: Shutting down and abandoning module AudioFormatOgg (173)
[2023.01.20-18.19.38:080][  0]LogModuleManager: Shutting down and abandoning module AudioFormatADPCM (171)
[2023.01.20-18.19.38:080][  0]LogModuleManager: Shutting down and abandoning module WindowsServerTargetPlatform (169)
[2023.01.20-18.19.38:080][  0]LogModuleManager: Shutting down and abandoning module WindowsClientTargetPlatform (167)
[2023.01.20-18.19.38:080][  0]LogModuleManager: Shutting down and abandoning module WindowsTargetPlatform (165)
[2023.01.20-18.19.38:080][  0]LogModuleManager: Shutting down and abandoning module WindowsNoEditorTargetPlatform (163)
[2023.01.20-18.19.38:080][  0]LogModuleManager: Shutting down and abandoning module TVOSTargetPlatform (161)
[2023.01.20-18.19.38:080][  0]LogModuleManager: Shutting down and abandoning module MacServerTargetPlatform (159)
[2023.01.20-18.19.38:080][  0]LogModuleManager: Shutting down and abandoning module MacClientTargetPlatform (157)
[2023.01.20-18.19.38:080][  0]LogModuleManager: Shutting down and abandoning module MacTargetPlatform (155)
[2023.01.20-18.19.38:080][  0]LogModuleManager: Shutting down and abandoning module MacNoEditorTargetPlatform (153)
[2023.01.20-18.19.38:080][  0]LogModuleManager: Shutting down and abandoning module LuminTargetPlatform (151)
[2023.01.20-18.19.38:080][  0]LogModuleManager: Shutting down and abandoning module LinuxAArch64ServerTargetPlatform (149)
[2023.01.20-18.19.38:080][  0]LogModuleManager: Shutting down and abandoning module LinuxAArch64ClientTargetPlatform (147)
[2023.01.20-18.19.38:080][  0]LogModuleManager: Shutting down and abandoning module LinuxAArch64NoEditorTargetPlatform (145)
[2023.01.20-18.19.38:080][  0]LogModuleManager: Shutting down and abandoning module LinuxServerTargetPlatform (143)
[2023.01.20-18.19.38:080][  0]LogModuleManager: Shutting down and abandoning module LinuxClientTargetPlatform (141)
[2023.01.20-18.19.38:080][  0]LogModuleManager: Shutting down and abandoning module LinuxNoEditorTargetPlatform (139)
[2023.01.20-18.19.38:080][  0]LogModuleManager: Shutting down and abandoning module LinuxTargetPlatform (137)
[2023.01.20-18.19.38:080][  0]LogModuleManager: Shutting down and abandoning module Messaging (135)
[2023.01.20-18.19.38:080][  0]LogModuleManager: Shutting down and abandoning module IOSTargetPlatform (133)
[2023.01.20-18.19.38:081][  0]LogModuleManager: Shutting down and abandoning module AndroidTargetPlatform (131)
[2023.01.20-18.19.38:082][  0]LogModuleManager: Shutting down and abandoning module AllDesktopTargetPlatform (129)
[2023.01.20-18.19.38:082][  0]LogModuleManager: Shutting down and abandoning module NullDrv (126)
[2023.01.20-18.19.38:082][  0]LogModuleManager: Shutting down and abandoning module PhysXCooking (124)
[2023.01.20-18.19.38:082][  0]LogModuleManager: Shutting down and abandoning module Chaos (122)
[2023.01.20-18.19.38:082][  0]LogModuleManager: Shutting down and abandoning module WindowsPlatformFeatures (120)
[2023.01.20-18.19.38:082][  0]LogModuleManager: Shutting down and abandoning module GameplayMediaEncoder (119)
[2023.01.20-18.19.38:082][  0]LogModuleManager: Shutting down and abandoning module AVEncoder (118)
[2023.01.20-18.19.38:082][  0]LogModuleManager: Shutting down and abandoning module ExampleDeviceProfileSelector (114)
[2023.01.20-18.19.38:082][  0]LogModuleManager: Shutting down and abandoning module SteamVRInputDevice (112)
[2023.01.20-18.19.38:082][  0]LogModuleManager: Shutting down and abandoning module SteamVRInput (110)
[2023.01.20-18.19.38:082][  0]LogModuleManager: Shutting down and abandoning module SteamVR (108)
[2023.01.20-18.19.38:082][  0]LogHMD: Freeing OpenVRDLLHandle.
[2023.01.20-18.19.38:082][  0]LogModuleManager: Shutting down and abandoning module OculusHMD (106)
[2023.01.20-18.19.38:082][  0]LogModuleManager: Shutting down and abandoning module WmfMedia (104)
[2023.01.20-18.19.38:083][  0]LogModuleManager: Shutting down and abandoning module Media (103)
[2023.01.20-18.19.38:083][  0]LogModuleManager: Shutting down and abandoning module MediaInfo (102)
[2023.01.20-18.19.38:083][  0]LogModuleManager: Shutting down and abandoning module ExrReaderGpu (98)
[2023.01.20-18.19.38:083][  0]LogModuleManager: Shutting down and abandoning module OpenXRHandTracking (96)
[2023.01.20-18.19.38:083][  0]LogModuleManager: Shutting down and abandoning module OpenXRAR (94)
[2023.01.20-18.19.38:083][  0]LogModuleManager: Shutting down and abandoning module AugmentedReality (93)
[2023.01.20-18.19.38:083][  0]LogModuleManager: Shutting down and abandoning module OpenXRHMD (90)
[2023.01.20-18.19.38:083][  0]LogModuleManager: Shutting down and abandoning module OpenXREyeTracker (88)
[2023.01.20-18.19.38:083][  0]LogModuleManager: Shutting down and abandoning module ChunkDownloader (86)
[2023.01.20-18.19.38:083][  0]LogModuleManager: Shutting down and abandoning module OnlineBlueprintSupport (84)
[2023.01.20-18.19.38:083][  0]LogModuleManager: Shutting down and abandoning module OnlineSubsystem (80)
[2023.01.20-18.19.38:083][  0]LogModuleManager: Shutting down and abandoning module XMPP (75)
[2023.01.20-18.19.38:083][  0]LogModuleManager: Shutting down and abandoning module WebSockets (74)
[2023.01.20-18.19.38:105][  0]LogModuleManager: Shutting down and abandoning module HTTP (71)
[2023.01.20-18.19.38:105][  0]LogHttp: Display: cleaning up 0 outstanding Http requests.
[2023.01.20-18.19.38:133][  0]LogModuleManager: Shutting down and abandoning module SSL (70)
[2023.01.20-18.19.38:134][  0]LogModuleManager: Shutting down and abandoning module LauncherChunkInstaller (66)
[2023.01.20-18.19.38:134][  0]LogModuleManager: Shutting down and abandoning module MLSDK (64)
[2023.01.20-18.19.38:134][  0]LogModuleManager: Shutting down and abandoning module MagicLeap (62)
[2023.01.20-18.19.38:134][  0]LogModuleManager: Shutting down and abandoning module NiagaraVertexFactories (60)
[2023.01.20-18.19.38:134][  0]LogModuleManager: Shutting down and abandoning module NiagaraShader (58)
[2023.01.20-18.19.38:134][  0]LogModuleManager: Shutting down and abandoning module VariantManagerContent (56)
[2023.01.20-18.19.38:134][  0]LogModuleManager: Shutting down and abandoning module DatasmithContent (54)
[2023.01.20-18.19.38:134][  0]LogModuleManager: Shutting down and abandoning module ChaosCloth (52)
[2023.01.20-18.19.38:134][  0]LogModuleManager: Shutting down and abandoning module PixWinPlugin (50)
[2023.01.20-18.19.38:134][  0]LogModuleManager: Shutting down and abandoning module AISupportModule (48)
[2023.01.20-18.19.38:134][  0]LogModuleManager: Shutting down and abandoning module PlatformCryptoOpenSSL (46)
[2023.01.20-18.19.38:134][  0]LogModuleManager: Shutting down and abandoning module PlatformCryptoTypes (44)
[2023.01.20-18.19.38:134][  0]LogModuleManager: Shutting down and abandoning module PlatformCrypto (42)
[2023.01.20-18.19.38:134][  0]LogModuleManager: Shutting down and abandoning module PythonScriptPluginPreload (40)
[2023.01.20-18.19.38:134][  0]LogModuleManager: Shutting down and abandoning module OodleDataCompressionFormat (38)
[2023.01.20-18.19.38:134][  0]LogModuleManager: Shutting down and abandoning module XGEController (36)
[2023.01.20-18.19.38:135][  0]LogXGEController: Cannot use XGE Controller as Incredibuild is not installed on this machine.
[2023.01.20-18.19.38:135][  0]LogModuleManager: Shutting down and abandoning module AnimationModifiers (34)
[2023.01.20-18.19.38:135][  0]LogModuleManager: Shutting down and abandoning module AudioEditor (32)
[2023.01.20-18.19.38:135][  0]LogModuleManager: Shutting down and abandoning module PropertyEditor (31)
[2023.01.20-18.19.38:135][  0]LogModuleManager: Shutting down and abandoning module TextureCompressor (28)
[2023.01.20-18.19.38:135][  0]LogModuleManager: Shutting down and abandoning module RenderCore (26)
[2023.01.20-18.19.38:135][  0]LogModuleManager: Shutting down and abandoning module Landscape (24)
[2023.01.20-18.19.38:135][  0]LogModuleManager: Shutting down and abandoning module SlateRHIRenderer (22)
[2023.01.20-18.19.38:135][  0]LogModuleManager: Shutting down and abandoning module AnimGraphRuntime (20)
[2023.01.20-18.19.38:135][  0]LogModuleManager: Shutting down and abandoning module Renderer (18)
[2023.01.20-18.19.38:135][  0]LogModuleManager: Shutting down and abandoning module Engine (16)
[2023.01.20-18.19.38:135][  0]LogModuleManager: Shutting down and abandoning module CoreUObject (14)
[2023.01.20-18.19.38:135][  0]LogModuleManager: Shutting down and abandoning module NetworkFile (12)
[2023.01.20-18.19.38:135][  0]LogModuleManager: Shutting down and abandoning module CookedIterativeFile (10)
[2023.01.20-18.19.38:135][  0]LogModuleManager: Shutting down and abandoning module StreamingFile (8)
[2023.01.20-18.19.38:135][  0]LogModuleManager: Shutting down and abandoning module SandboxFile (6)
[2023.01.20-18.19.38:135][  0]LogModuleManager: Shutting down and abandoning module PakFile (4)
[2023.01.20-18.19.38:135][  0]LogModuleManager: Shutting down and abandoning module RSA (3)
[2023.01.20-18.19.38:511][  0]LogContentStreaming: Display: There are 1 unreleased StreamingManagers
[2023.01.20-18.19.38:524][  0]LogExit: Exiting.
[2023.01.20-18.19.38:539][  0]Log file closed, 01/20/23 10:19:38
