Log file open, 01/20/23 09:13:56
LogWindows: Failed to load 'aqProf.dll' (GetLastError=126)
LogWindows: File 'aqProf.dll' does not exist
LogWindows: Failed to load 'VtuneApi.dll' (GetLastError=126)
LogWindows: File 'VtuneApi.dll' does not exist
LogWindows: Failed to load 'VtuneApi32e.dll' (GetLastError=126)
LogWindows: File 'VtuneApi32e.dll' does not exist
LogConsoleResponse: Display: Failed to find resolution value strings in scalability ini. Falling back to default.
LogConsoleResponse: Display: Failed to find resolution value strings in scalability ini. Falling back to default.
LogInit: Display: Running engine for game: Week8
LogPlatformFile: Not using cached read wrapper
LogTaskGraph: Started task graph with 5 named threads and 71 total threads with 3 sets of task threads.
LogStats: Stats thread started at 0.174410
LogICUInternationalization: ICU TimeZone Detection - Raw Offset: -8:00, Platform Override: ''
LogInit: Display: Loading text-based GConfig....
LogPluginManager: Mounting plugin MeshPainting
LogPluginManager: Mounting plugin XGEController
LogPluginManager: Mounting plugin AISupport
LogPluginManager: Mounting plugin Paper2D
LogPluginManager: Mounting plugin EnvironmentQueryEditor
LogPluginManager: Mounting plugin LiveLink
LogPluginManager: Mounting plugin LightPropagationVolume
LogPluginManager: Mounting plugin CameraShakePreviewer
LogPluginManager: Mounting plugin AnimationSharing
LogPluginManager: Mounting plugin GameplayCameras
LogPluginManager: Mounting plugin CLionSourceCodeAccess
LogPluginManager: Mounting plugin CodeLiteSourceCodeAccess
LogPluginManager: Mounting plugin NullSourceCodeAccess
LogPluginManager: Mounting plugin PerforceSourceControl
LogPluginManager: Mounting plugin KDevelopSourceCodeAccess
LogPluginManager: Mounting plugin PixWinPlugin
LogPluginManager: Mounting plugin PlasticSourceControl
LogPluginManager: Mounting plugin GitSourceControl
LogPluginManager: Mounting plugin PluginUtils
LogPluginManager: Mounting plugin SubversionSourceControl
LogPluginManager: Mounting plugin TextureFormatOodle
LogPluginManager: Mounting plugin RiderSourceCodeAccess
LogPluginManager: Mounting plugin PropertyAccessNode
LogPluginManager: Mounting plugin UObjectPlugin
LogPluginManager: Mounting plugin VisualStudioCodeSourceCodeAccess
LogPluginManager: Mounting plugin VisualStudioSourceCodeAccess
LogPluginManager: Mounting plugin AssetManagerEditor
LogPluginManager: Mounting plugin XCodeSourceCodeAccess
LogPluginManager: Mounting plugin OodleData
LogPluginManager: Mounting plugin Niagara
LogPluginManager: Mounting plugin CurveEditorTools
LogPluginManager: Mounting plugin CryptoKeys
LogPluginManager: Mounting plugin FacialAnimation
LogPluginManager: Mounting plugin GameplayTagsEditor
LogPluginManager: Mounting plugin GeometryMode
LogPluginManager: Mounting plugin DataValidation
LogPluginManager: Mounting plugin MaterialAnalyzer
LogPluginManager: Mounting plugin MobileLauncherProfileWizard
LogPluginManager: Mounting plugin PluginBrowser
LogPluginManager: Mounting plugin MacGraphicsSwitching
LogPluginManager: Mounting plugin SpeedTreeImporter
LogPluginManager: Mounting plugin AlembicImporter
LogPluginManager: Mounting plugin BackChannel
LogPluginManager: Mounting plugin AutomationUtils
LogPluginManager: Mounting plugin ChaosEditor
LogPluginManager: Mounting plugin ChaosClothEditor
LogPluginManager: Mounting plugin ChaosSolverPlugin
LogPluginManager: Mounting plugin ChaosCloth
LogPluginManager: Mounting plugin ChaosNiagara
LogPluginManager: Mounting plugin CharacterAI
LogPluginManager: Mounting plugin GeometryCache
LogPluginManager: Mounting plugin GeometryCollectionPlugin
LogPluginManager: Mounting plugin GeometryProcessing
LogPluginManager: Mounting plugin DatasmithContent
LogPluginManager: Mounting plugin MotoSynth
LogPluginManager: Mounting plugin OpenImageDenoise
LogPluginManager: Mounting plugin PlanarCut
LogPluginManager: Mounting plugin PlatformCrypto
LogPluginManager: Mounting plugin ProxyLODPlugin
LogPluginManager: Mounting plugin PythonScriptPlugin
LogPluginManager: Mounting plugin SkeletalReduction
LogPluginManager: Mounting plugin VariantManagerContent
LogPluginManager: Mounting plugin AndroidMedia
LogPluginManager: Mounting plugin AvfMedia
LogPluginManager: Mounting plugin ImgMedia
LogPluginManager: Mounting plugin MediaCompositing
LogPluginManager: Mounting plugin MediaPlayerEditor
LogPluginManager: Mounting plugin WmfMedia
LogPluginManager: Mounting plugin WebMMedia
LogPluginManager: Mounting plugin LuminPlatformFeatures
LogPluginManager: Mounting plugin MagicLeap
LogPluginManager: Mounting plugin MagicLeapLightEstimation
LogPluginManager: Mounting plugin MagicLeapMedia
LogPluginManager: Mounting plugin MagicLeapPassableWorld
LogPluginManager: Mounting plugin MLSDK
LogPluginManager: Mounting plugin TcpMessaging
LogPluginManager: Mounting plugin UdpMessaging
LogPluginManager: Mounting plugin ActorSequence
LogPluginManager: Mounting plugin MatineeToLevelSequence
LogPluginManager: Mounting plugin LevelSequenceEditor
LogPluginManager: Mounting plugin TemplateSequence
LogPluginManager: Mounting plugin OnlineSubsystem
LogPluginManager: Mounting plugin OnlineSubsystemNull
LogPluginManager: Mounting plugin OnlineSubsystemUtils
LogPluginManager: Mounting plugin ActorLayerUtilities
LogPluginManager: Mounting plugin AndroidDeviceProfileSelector
LogPluginManager: Mounting plugin AndroidPermission
LogPluginManager: Mounting plugin AndroidMoviePlayer
LogPluginManager: Mounting plugin AppleMoviePlayer
LogPluginManager: Mounting plugin AppleImageUtils
LogPluginManager: Mounting plugin AssetTags
LogPluginManager: Mounting plugin AudioCapture
LogPluginManager: Mounting plugin ArchVisCharacter
LogPluginManager: Mounting plugin AudioSynesthesia
LogPluginManager: Mounting plugin CableComponent
LogPluginManager: Mounting plugin ChunkDownloader
LogPluginManager: Mounting plugin CustomMeshComponent
LogPluginManager: Mounting plugin EditableMesh
LogPluginManager: Mounting plugin ExampleDeviceProfileSelector
LogPluginManager: Mounting plugin GoogleCloudMessaging
LogPluginManager: Mounting plugin GooglePAD
LogPluginManager: Mounting plugin IOSDeviceProfileSelector
LogPluginManager: Mounting plugin LauncherChunkInstaller
LogPluginManager: Mounting plugin LinuxDeviceProfileSelector
LogPluginManager: Mounting plugin LocationServicesBPLibrary
LogPluginManager: Mounting plugin MobilePatchingUtils
LogPluginManager: Mounting plugin OpenXR
LogPluginManager: Mounting plugin OpenXREyeTracker
LogPluginManager: Mounting plugin OpenXRHandTracking
LogPluginManager: Mounting plugin PhysXVehicles
LogPluginManager: Mounting plugin PropertyAccessEditor
LogPluginManager: Mounting plugin PostSplashScreen
LogPluginManager: Mounting plugin ProceduralMeshComponent
LogPluginManager: Mounting plugin SignificanceManager
LogPluginManager: Mounting plugin SoundFields
LogPluginManager: Mounting plugin RuntimePhysXCooking
LogPluginManager: Mounting plugin Synthesis
LogPluginManager: Mounting plugin WebMMoviePlayer
LogPluginManager: Mounting plugin WindowsMoviePlayer
LogPluginManager: Mounting plugin ScreenshotTools
LogPluginManager: Mounting plugin Takes
LogPluginManager: Mounting plugin OodleNetwork
LogPluginManager: Mounting plugin ContentBrowserFileDataSource
LogPluginManager: Mounting plugin ContentBrowserAssetDataSource
LogPluginManager: Mounting plugin ContentBrowserClassDataSource
LogPluginManager: Mounting plugin OnlineSubsystemGooglePlay
LogPluginManager: Mounting plugin OnlineSubsystemIOS
LogPluginManager: Mounting plugin OculusVR
LogPluginManager: Mounting plugin SteamVR
PixWinPlugin: PIX capture plugin failed to initialize! Check that the process is launched from PIX.
LogInit: Using libcurl 7.55.1-DEV
LogInit:  - built for x86_64-pc-win32
LogInit:  - supports SSL with OpenSSL/1.1.1
LogInit:  - supports HTTP deflate (compression) using libz 1.2.8
LogInit:  - other features:
LogInit:      CURL_VERSION_SSL
LogInit:      CURL_VERSION_LIBZ
LogInit:      CURL_VERSION_IPV6
LogInit:      CURL_VERSION_ASYNCHDNS
LogInit:      CURL_VERSION_LARGEFILE
LogInit:      CURL_VERSION_IDN
LogInit:  CurlRequestOptions (configurable via config and command line):
LogInit:  - bVerifyPeer = true  - Libcurl will verify peer certificate
LogInit:  - bUseHttpProxy = false  - Libcurl will NOT use HTTP proxy
LogInit:  - bDontReuseConnections = false  - Libcurl will reuse connections
LogInit:  - MaxHostConnections = 16  - Libcurl will limit the number of connections to a host
LogInit:  - LocalHostAddr = Default
LogInit:  - BufferSize = 65536
LogOnline: OSS: Creating online subsystem instance for: NULL
LogInit: WinSock: version 1.1 (2.2), MaxSocks=32767, MaxUdp=65467
LogOnline: OSS: TryLoadSubsystemAndSetDefault: Loaded subsystem for module [NULL]
LogInit: Build: ++UE4+Release-4.27-CL-18319896
LogInit: Engine Version: 4.27.2-18319896+++UE4+Release-4.27
LogInit: Compatible Engine Version: 4.27.0-17155196+++UE4+Release-4.27
LogInit: Net CL: 17155196
LogInit: OS: Windows 10 (Release 2009) (), CPU: 12th Gen Intel(R) Core(TM) i9-12900KF, GPU: NVIDIA GeForce RTX 3080
LogInit: Compiled (64-bit): Nov 30 2021 07:12:08
LogInit: Compiled with Visual C++: 19.24.28315.00
LogInit: Build Configuration: Development
LogInit: Branch Name: ++UE4+Release-4.27
LogInit: Command Line:  D:\cgspectrum\term2\projects\cgspectrum-term2\Week8\Week8.uproject -run=VisualStudioTools -unattended -noshadercompile -noaudio -nullrhi -nocpuprofilertrace -nocrashreports -nosplash -output C:\Users\jenni\AppData\Local\Temp\tmp855E.tmp
LogInit: Base Directory: D:/epic games/UE_4.27/Engine/Binaries/Win64/
LogInit: Allocator: TBB
LogInit: Installed Engine Build: 1
LogDevObjectVersion: Number of dev versions registered: 29
LogDevObjectVersion:   Dev-Blueprints (B0D832E4-1F89-4F0D-ACCF-7EB736FD4AA2): 10
LogDevObjectVersion:   Dev-Build (E1C64328-A22C-4D53-A36C-8E866417BD8C): 0
LogDevObjectVersion:   Dev-Core (375EC13C-06E4-48FB-B500-84F0262A717E): 4
LogDevObjectVersion:   Dev-Editor (E4B068ED-F494-42E9-A231-DA0B2E46BB41): 40
LogDevObjectVersion:   Dev-Framework (CFFC743F-43B0-4480-9391-14DF171D2073): 37
LogDevObjectVersion:   Dev-Mobile (B02B49B5-BB20-44E9-A304-32B752E40360): 3
LogDevObjectVersion:   Dev-Networking (A4E4105C-59A1-49B5-A7C5-40C4547EDFEE): 0
LogDevObjectVersion:   Dev-Online (39C831C9-5AE6-47DC-9A44-9C173E1C8E7C): 0
LogDevObjectVersion:   Dev-Physics (78F01B33-EBEA-4F98-B9B4-84EACCB95AA2): 14
LogDevObjectVersion:   Dev-Platform (6631380F-2D4D-43E0-8009-CF276956A95A): 0
LogDevObjectVersion:   Dev-Rendering (12F88B9F-8875-4AFC-A67C-D90C383ABD29): 45
LogDevObjectVersion:   Dev-Sequencer (7B5AE74C-D270-4C10-A958-57980B212A5A): 13
LogDevObjectVersion:   Dev-VR (D7296918-1DD6-4BDD-9DE2-64A83CC13884): 3
LogDevObjectVersion:   Dev-LoadTimes (C2A15278-BFE7-4AFE-6C17-90FF531DF755): 1
LogDevObjectVersion:   Private-Geometry (6EACA3D4-40EC-4CC1-B786-8BED09428FC5): 3
LogDevObjectVersion:   Dev-AnimPhys (29E575DD-E0A3-4627-9D10-D276232CDCEA): 17
LogDevObjectVersion:   Dev-Anim (AF43A65D-7FD3-4947-9873-3E8ED9C1BB05): 15
LogDevObjectVersion:   Dev-ReflectionCapture (6B266CEC-1EC7-4B8F-A30B-E4D90942FC07): 1
LogDevObjectVersion:   Dev-Automation (0DF73D61-A23F-47EA-B727-89E90C41499A): 1
LogDevObjectVersion:   FortniteMain (601D1886-AC64-4F84-AA16-D3DE0DEAC7D6): 47
LogDevObjectVersion:   FortniteRelease (E7086368-6B23-4C58-8439-1B7016265E91): 1
LogDevObjectVersion:   Dev-Enterprise (9DFFBCD6-494F-0158-E221-12823C92A888): 10
LogDevObjectVersion:   Dev-Niagara (F2AED0AC-9AFE-416F-8664-AA7FFA26D6FC): 1
LogDevObjectVersion:   Dev-Destruction (174F1F0B-B4C6-45A5-B13F-2EE8D0FB917D): 10
LogDevObjectVersion:   Dev-Physics-Ext (35F94A83-E258-406C-A318-09F59610247C): 41
LogDevObjectVersion:   Dev-PhysicsMaterial-Chaos (B68FC16E-8B1B-42E2-B453-215C058844FE): 1
LogDevObjectVersion:   Dev-CineCamera (B2E18506-4273-CFC2-A54E-F4BB758BBA07): 1
LogDevObjectVersion:   Dev-VirtualProduction (64F58936-FD1B-42BA-BA96-7289D5D0FA4E): 1
LogDevObjectVersion:   Dev-MediaFramework (6F0ED827-A609-4895-9C91-998D90180EA4): 2
LogInit: Presizing for max 25165824 objects, including 0 objects not considered by GC, pre-allocating 0 bytes for permanent pool.
LogConfig: Applying CVar settings from Section [/Script/Engine.StreamingSettings] File [D:/cgspectrum/term2/projects/cgspectrum-term2/Week8/Saved/Config/Windows/Engine.ini]
LogConfig: Setting CVar [[s.MinBulkDataSizeForAsyncLoading:131072]]
LogConfig: Setting CVar [[s.AsyncLoadingThreadEnabled:0]]
LogConfig: Setting CVar [[s.EventDrivenLoaderEnabled:1]]
LogConfig: Setting CVar [[s.WarnIfTimeLimitExceeded:0]]
LogConfig: Setting CVar [[s.TimeLimitExceededMultiplier:1.5]]
LogConfig: Setting CVar [[s.TimeLimitExceededMinTime:0.005]]
LogConfig: Setting CVar [[s.UseBackgroundLevelStreaming:1]]
LogConfig: Setting CVar [[s.PriorityAsyncLoadingExtraTime:15.0]]
LogConfig: Setting CVar [[s.LevelStreamingActorsUpdateTimeLimit:5.0]]
LogConfig: Setting CVar [[s.PriorityLevelStreamingActorsUpdateExtraTime:5.0]]
LogConfig: Setting CVar [[s.LevelStreamingComponentsRegistrationGranularity:10]]
LogConfig: Setting CVar [[s.UnregisterComponentsTimeLimit:1.0]]
LogConfig: Setting CVar [[s.LevelStreamingComponentsUnregistrationGranularity:5]]
LogConfig: Setting CVar [[s.FlushStreamingOnExit:1]]
LogInit: Object subsystem initialized
LogConfig: Setting CVar [[con.DebugEarlyDefault:1]]
LogConfig: Setting CVar [[r.setres:1280x720]]
[2023.01.20-17.13.57:168][  0]LogConfig: Setting CVar [[con.DebugEarlyDefault:1]]
[2023.01.20-17.13.57:169][  0]LogConfig: Setting CVar [[r.setres:1280x720]]
[2023.01.20-17.13.57:169][  0]LogConfig: Applying CVar settings from Section [/Script/Engine.RendererSettings] File [D:/cgspectrum/term2/projects/cgspectrum-term2/Week8/Saved/Config/Windows/Engine.ini]
[2023.01.20-17.13.57:169][  0]LogConfig: Setting CVar [[r.GPUCrashDebugging:0]]
[2023.01.20-17.13.57:169][  0]LogConfig: Applying CVar settings from Section [/Script/Engine.RendererOverrideSettings] File [D:/cgspectrum/term2/projects/cgspectrum-term2/Week8/Saved/Config/Windows/Engine.ini]
[2023.01.20-17.13.57:169][  0]LogConfig: Applying CVar settings from Section [/Script/Engine.StreamingSettings] File [D:/cgspectrum/term2/projects/cgspectrum-term2/Week8/Saved/Config/Windows/Engine.ini]
[2023.01.20-17.13.57:169][  0]LogConfig: Setting CVar [[s.MinBulkDataSizeForAsyncLoading:131072]]
[2023.01.20-17.13.57:169][  0]LogConfig: Setting CVar [[s.AsyncLoadingThreadEnabled:0]]
[2023.01.20-17.13.57:169][  0]LogConfig: Setting CVar [[s.EventDrivenLoaderEnabled:1]]
[2023.01.20-17.13.57:169][  0]LogConfig: Setting CVar [[s.WarnIfTimeLimitExceeded:0]]
[2023.01.20-17.13.57:169][  0]LogConfig: Setting CVar [[s.TimeLimitExceededMultiplier:1.5]]
[2023.01.20-17.13.57:169][  0]LogConfig: Setting CVar [[s.TimeLimitExceededMinTime:0.005]]
[2023.01.20-17.13.57:169][  0]LogConfig: Setting CVar [[s.UseBackgroundLevelStreaming:1]]
[2023.01.20-17.13.57:169][  0]LogConfig: Setting CVar [[s.PriorityAsyncLoadingExtraTime:15.0]]
[2023.01.20-17.13.57:169][  0]LogConfig: Setting CVar [[s.LevelStreamingActorsUpdateTimeLimit:5.0]]
[2023.01.20-17.13.57:169][  0]LogConfig: Setting CVar [[s.PriorityLevelStreamingActorsUpdateExtraTime:5.0]]
[2023.01.20-17.13.57:169][  0]LogConfig: Setting CVar [[s.LevelStreamingComponentsRegistrationGranularity:10]]
[2023.01.20-17.13.57:169][  0]LogConfig: Setting CVar [[s.UnregisterComponentsTimeLimit:1.0]]
[2023.01.20-17.13.57:169][  0]LogConfig: Setting CVar [[s.LevelStreamingComponentsUnregistrationGranularity:5]]
[2023.01.20-17.13.57:169][  0]LogConfig: Setting CVar [[s.FlushStreamingOnExit:1]]
[2023.01.20-17.13.57:169][  0]LogConfig: Applying CVar settings from Section [/Script/Engine.GarbageCollectionSettings] File [D:/cgspectrum/term2/projects/cgspectrum-term2/Week8/Saved/Config/Windows/Engine.ini]
[2023.01.20-17.13.57:169][  0]LogConfig: Setting CVar [[gc.MaxObjectsNotConsideredByGC:1]]
[2023.01.20-17.13.57:169][  0]LogConfig: Setting CVar [[gc.SizeOfPermanentObjectPool:0]]
[2023.01.20-17.13.57:169][  0]LogConfig: Setting CVar [[gc.FlushStreamingOnGC:0]]
[2023.01.20-17.13.57:169][  0]LogConfig: Setting CVar [[gc.NumRetriesBeforeForcingGC:10]]
[2023.01.20-17.13.57:169][  0]LogConfig: Setting CVar [[gc.AllowParallelGC:1]]
[2023.01.20-17.13.57:169][  0]LogConfig: Setting CVar [[gc.TimeBetweenPurgingPendingKillObjects:61.1]]
[2023.01.20-17.13.57:169][  0]LogConfig: Setting CVar [[gc.MaxObjectsInEditor:25165824]]
[2023.01.20-17.13.57:169][  0]LogConfig: Setting CVar [[gc.IncrementalBeginDestroyEnabled:1]]
[2023.01.20-17.13.57:169][  0]LogConfig: Setting CVar [[gc.CreateGCClusters:1]]
[2023.01.20-17.13.57:169][  0]LogConfig: Setting CVar [[gc.MinGCClusterSize:5]]
[2023.01.20-17.13.57:169][  0]LogConfig: Setting CVar [[gc.ActorClusteringEnabled:0]]
[2023.01.20-17.13.57:169][  0]LogConfig: Setting CVar [[gc.BlueprintClusteringEnabled:0]]
[2023.01.20-17.13.57:169][  0]LogConfig: Setting CVar [[gc.UseDisregardForGCOnDedicatedServers:0]]
[2023.01.20-17.13.57:169][  0]LogConfig: Setting CVar [[gc.MultithreadedDestructionEnabled:1]]
[2023.01.20-17.13.57:169][  0]LogConfig: Applying CVar settings from Section [/Script/Engine.NetworkSettings] File [D:/cgspectrum/term2/projects/cgspectrum-term2/Week8/Saved/Config/Windows/Engine.ini]
[2023.01.20-17.13.57:169][  0]LogConfig: Applying CVar settings from Section [/Script/UnrealEd.CookerSettings] File [D:/cgspectrum/term2/projects/cgspectrum-term2/Week8/Saved/Config/Windows/Engine.ini]
[2023.01.20-17.13.57:169][  0]LogConfig: Applying CVar settings from Section [ViewDistanceQuality@3] File [D:/cgspectrum/term2/projects/cgspectrum-term2/Week8/Saved/Config/Windows/Scalability.ini]
[2023.01.20-17.13.57:169][  0]LogConfig: Setting CVar [[r.SkeletalMeshLODBias:0]]
[2023.01.20-17.13.57:169][  0]LogConfig: Setting CVar [[r.ViewDistanceScale:1.0]]
[2023.01.20-17.13.57:169][  0]LogConfig: Applying CVar settings from Section [AntiAliasingQuality@3] File [D:/cgspectrum/term2/projects/cgspectrum-term2/Week8/Saved/Config/Windows/Scalability.ini]
[2023.01.20-17.13.57:169][  0]LogConfig: Setting CVar [[r.PostProcessAAQuality:4]]
[2023.01.20-17.13.57:169][  0]LogConfig: Applying CVar settings from Section [ShadowQuality@3] File [D:/cgspectrum/term2/projects/cgspectrum-term2/Week8/Saved/Config/Windows/Scalability.ini]
[2023.01.20-17.13.57:169][  0]LogConfig: Setting CVar [[r.LightFunctionQuality:1]]
[2023.01.20-17.13.57:169][  0]LogConfig: Setting CVar [[r.ShadowQuality:5]]
[2023.01.20-17.13.57:169][  0]LogConfig: Setting CVar [[r.Shadow.CSM.MaxCascades:10]]
[2023.01.20-17.13.57:169][  0]LogConfig: Setting CVar [[r.Shadow.MaxResolution:2048]]
[2023.01.20-17.13.57:169][  0]LogConfig: Setting CVar [[r.Shadow.MaxCSMResolution:2048]]
[2023.01.20-17.13.57:169][  0]LogConfig: Setting CVar [[r.Shadow.RadiusThreshold:0.01]]
[2023.01.20-17.13.57:169][  0]LogConfig: Setting CVar [[r.Shadow.DistanceScale:1.0]]
[2023.01.20-17.13.57:169][  0]LogConfig: Setting CVar [[r.Shadow.CSM.TransitionScale:1.0]]
[2023.01.20-17.13.57:169][  0]LogConfig: Setting CVar [[r.Shadow.PreShadowResolutionFactor:1.0]]
[2023.01.20-17.13.57:169][  0]LogConfig: Setting CVar [[r.DistanceFieldShadowing:1]]
[2023.01.20-17.13.57:169][  0]LogConfig: Setting CVar [[r.DistanceFieldAO:1]]
[2023.01.20-17.13.57:169][  0]LogConfig: Setting CVar [[r.AOQuality:2]]
[2023.01.20-17.13.57:169][  0]LogConfig: Setting CVar [[r.VolumetricFog:1]]
[2023.01.20-17.13.57:169][  0]LogConfig: Setting CVar [[r.VolumetricFog.GridPixelSize:8]]
[2023.01.20-17.13.57:169][  0]LogConfig: Setting CVar [[r.VolumetricFog.GridSizeZ:128]]
[2023.01.20-17.13.57:169][  0]LogConfig: Setting CVar [[r.VolumetricFog.HistoryMissSupersampleCount:4]]
[2023.01.20-17.13.57:169][  0]LogConfig: Setting CVar [[r.LightMaxDrawDistanceScale:1]]
[2023.01.20-17.13.57:169][  0]LogConfig: Setting CVar [[r.CapsuleShadows:1]]
[2023.01.20-17.13.57:169][  0]LogConfig: Applying CVar settings from Section [PostProcessQuality@3] File [D:/cgspectrum/term2/projects/cgspectrum-term2/Week8/Saved/Config/Windows/Scalability.ini]
[2023.01.20-17.13.57:169][  0]LogConfig: Setting CVar [[r.MotionBlurQuality:4]]
[2023.01.20-17.13.57:169][  0]LogConfig: Setting CVar [[r.AmbientOcclusionMipLevelFactor:0.4]]
[2023.01.20-17.13.57:169][  0]LogConfig: Setting CVar [[r.AmbientOcclusionMaxQuality:100]]
[2023.01.20-17.13.57:169][  0]LogConfig: Setting CVar [[r.AmbientOcclusionLevels:-1]]
[2023.01.20-17.13.57:169][  0]LogConfig: Setting CVar [[r.AmbientOcclusionRadiusScale:1.0]]
[2023.01.20-17.13.57:169][  0]LogConfig: Setting CVar [[r.DepthOfFieldQuality:2]]
[2023.01.20-17.13.57:169][  0]LogConfig: Setting CVar [[r.RenderTargetPoolMin:400]]
[2023.01.20-17.13.57:169][  0]LogConfig: Setting CVar [[r.LensFlareQuality:2]]
[2023.01.20-17.13.57:169][  0]LogConfig: Setting CVar [[r.SceneColorFringeQuality:1]]
[2023.01.20-17.13.57:169][  0]LogConfig: Setting CVar [[r.EyeAdaptationQuality:2]]
[2023.01.20-17.13.57:169][  0]LogConfig: Setting CVar [[r.BloomQuality:5]]
[2023.01.20-17.13.57:169][  0]LogConfig: Setting CVar [[r.FastBlurThreshold:100]]
[2023.01.20-17.13.57:169][  0]LogConfig: Setting CVar [[r.Upscale.Quality:3]]
[2023.01.20-17.13.57:169][  0]LogConfig: Setting CVar [[r.Tonemapper.GrainQuantization:1]]
[2023.01.20-17.13.57:169][  0]LogConfig: Setting CVar [[r.LightShaftQuality:1]]
[2023.01.20-17.13.57:169][  0]LogConfig: Setting CVar [[r.Filter.SizeScale:1]]
[2023.01.20-17.13.57:169][  0]LogConfig: Setting CVar [[r.Tonemapper.Quality:5]]
[2023.01.20-17.13.57:169][  0]LogConfig: Setting CVar [[r.DOF.Gather.AccumulatorQuality:1        ; higher gathering accumulator quality]]
[2023.01.20-17.13.57:169][  0]LogConfig: Setting CVar [[r.DOF.Gather.PostfilterMethod:1          ; Median3x3 postfilering method]]
[2023.01.20-17.13.57:169][  0]LogConfig: Setting CVar [[r.DOF.Gather.EnableBokehSettings:0       ; no bokeh simulation when gathering]]
[2023.01.20-17.13.57:169][  0]LogConfig: Setting CVar [[r.DOF.Gather.RingCount:4                 ; medium number of samples when gathering]]
[2023.01.20-17.13.57:169][  0]LogConfig: Setting CVar [[r.DOF.Scatter.ForegroundCompositing:1    ; additive foreground scattering]]
[2023.01.20-17.13.57:169][  0]LogConfig: Setting CVar [[r.DOF.Scatter.BackgroundCompositing:2    ; additive background scattering]]
[2023.01.20-17.13.57:169][  0]LogConfig: Setting CVar [[r.DOF.Scatter.EnableBokehSettings:1      ; bokeh simulation when scattering]]
[2023.01.20-17.13.57:169][  0]LogConfig: Setting CVar [[r.DOF.Scatter.MaxSpriteRatio:0.1         ; only a maximum of 10% of scattered bokeh]]
[2023.01.20-17.13.57:169][  0]LogConfig: Setting CVar [[r.DOF.Recombine.Quality:1                ; cheap slight out of focus]]
[2023.01.20-17.13.57:169][  0]LogConfig: Setting CVar [[r.DOF.Recombine.EnableBokehSettings:0    ; no bokeh simulation on slight out of focus]]
[2023.01.20-17.13.57:169][  0]LogConfig: Setting CVar [[r.DOF.TemporalAAQuality:1                ; more stable temporal accumulation]]
[2023.01.20-17.13.57:169][  0]LogConfig: Setting CVar [[r.DOF.Kernel.MaxForegroundRadius:0.025]]
[2023.01.20-17.13.57:169][  0]LogConfig: Setting CVar [[r.DOF.Kernel.MaxBackgroundRadius:0.025]]
[2023.01.20-17.13.57:169][  0]LogConfig: Applying CVar settings from Section [TextureQuality@3] File [D:/cgspectrum/term2/projects/cgspectrum-term2/Week8/Saved/Config/Windows/Scalability.ini]
[2023.01.20-17.13.57:169][  0]LogConfig: Setting CVar [[r.Streaming.MipBias:0]]
[2023.01.20-17.13.57:169][  0]LogConfig: Setting CVar [[r.Streaming.AmortizeCPUToGPUCopy:0]]
[2023.01.20-17.13.57:169][  0]LogConfig: Setting CVar [[r.Streaming.MaxNumTexturesToStreamPerFrame:0]]
[2023.01.20-17.13.57:169][  0]LogConfig: Setting CVar [[r.Streaming.Boost:1]]
[2023.01.20-17.13.57:169][  0]LogConfig: Setting CVar [[r.MaxAnisotropy:8]]
[2023.01.20-17.13.57:169][  0]LogConfig: Setting CVar [[r.VT.MaxAnisotropy:8]]
[2023.01.20-17.13.57:169][  0]LogConfig: Setting CVar [[r.Streaming.LimitPoolSizeToVRAM:0]]
[2023.01.20-17.13.57:169][  0]LogConfig: Setting CVar [[r.Streaming.PoolSize:1000]]
[2023.01.20-17.13.57:169][  0]LogConfig: Setting CVar [[r.Streaming.MaxEffectiveScreenSize:0]]
[2023.01.20-17.13.57:169][  0]LogConfig: Applying CVar settings from Section [EffectsQuality@3] File [D:/cgspectrum/term2/projects/cgspectrum-term2/Week8/Saved/Config/Windows/Scalability.ini]
[2023.01.20-17.13.57:169][  0]LogConfig: Setting CVar [[r.TranslucencyLightingVolumeDim:64]]
[2023.01.20-17.13.57:169][  0]LogConfig: Setting CVar [[r.RefractionQuality:2]]
[2023.01.20-17.13.57:169][  0]LogConfig: Setting CVar [[r.SSR.Quality:3]]
[2023.01.20-17.13.57:169][  0]LogConfig: Setting CVar [[r.SSR.HalfResSceneColor:0]]
[2023.01.20-17.13.57:169][  0]LogConfig: Setting CVar [[r.SceneColorFormat:4]]
[2023.01.20-17.13.57:169][  0]LogConfig: Setting CVar [[r.DetailMode:2]]
[2023.01.20-17.13.57:169][  0]LogConfig: Setting CVar [[r.TranslucencyVolumeBlur:1]]
[2023.01.20-17.13.57:169][  0]LogConfig: Setting CVar [[r.MaterialQualityLevel:1 ; High quality]]
[2023.01.20-17.13.57:169][  0]LogConfig: Setting CVar [[r.AnisotropicMaterials:1]]
[2023.01.20-17.13.57:169][  0]LogConfig: Setting CVar [[r.SSS.Scale:1]]
[2023.01.20-17.13.57:169][  0]LogConfig: Setting CVar [[r.SSS.SampleSet:2]]
[2023.01.20-17.13.57:169][  0]LogConfig: Setting CVar [[r.SSS.Quality:1]]
[2023.01.20-17.13.57:169][  0]LogConfig: Setting CVar [[r.SSS.HalfRes:0]]
[2023.01.20-17.13.57:169][  0]LogConfig: Setting CVar [[r.SSGI.Quality:3]]
[2023.01.20-17.13.57:169][  0]LogConfig: Setting CVar [[r.EmitterSpawnRateScale:1.0]]
[2023.01.20-17.13.57:169][  0]LogConfig: Setting CVar [[r.ParticleLightQuality:2]]
[2023.01.20-17.13.57:169][  0]LogConfig: Setting CVar [[r.SkyAtmosphere.AerialPerspectiveLUT.FastApplyOnOpaque:1 ; Always have FastSkyLUT 1 in this case to avoid wrong sky]]
[2023.01.20-17.13.57:169][  0]LogConfig: Setting CVar [[r.SkyAtmosphere.AerialPerspectiveLUT.SampleCountMaxPerSlice:4]]
[2023.01.20-17.13.57:169][  0]LogConfig: Setting CVar [[r.SkyAtmosphere.AerialPerspectiveLUT.DepthResolution:16.0]]
[2023.01.20-17.13.57:169][  0]LogConfig: Setting CVar [[r.SkyAtmosphere.FastSkyLUT:1]]
[2023.01.20-17.13.57:169][  0]LogConfig: Setting CVar [[r.SkyAtmosphere.FastSkyLUT.SampleCountMin:4.0]]
[2023.01.20-17.13.57:169][  0]LogConfig: Setting CVar [[r.SkyAtmosphere.FastSkyLUT.SampleCountMax:128.0]]
[2023.01.20-17.13.57:169][  0]LogConfig: Setting CVar [[r.SkyAtmosphere.SampleCountMin:4.0]]
[2023.01.20-17.13.57:169][  0]LogConfig: Setting CVar [[r.SkyAtmosphere.SampleCountMax:128.0]]
[2023.01.20-17.13.57:169][  0]LogConfig: Setting CVar [[r.SkyAtmosphere.TransmittanceLUT.UseSmallFormat:0]]
[2023.01.20-17.13.57:169][  0]LogConfig: Setting CVar [[r.SkyAtmosphere.TransmittanceLUT.SampleCount:10.0]]
[2023.01.20-17.13.57:169][  0]LogConfig: Setting CVar [[r.SkyAtmosphere.MultiScatteringLUT.SampleCount:15.0]]
[2023.01.20-17.13.57:169][  0]LogConfig: Setting CVar [[r.SkyLight.RealTimeReflectionCapture:1]]
[2023.01.20-17.13.57:169][  0]LogConfig: Applying CVar settings from Section [FoliageQuality@3] File [D:/cgspectrum/term2/projects/cgspectrum-term2/Week8/Saved/Config/Windows/Scalability.ini]
[2023.01.20-17.13.57:169][  0]LogConfig: Setting CVar [[foliage.DensityScale:1.0]]
[2023.01.20-17.13.57:169][  0]LogConfig: Setting CVar [[grass.DensityScale:1.0]]
[2023.01.20-17.13.57:169][  0]LogConfig: Applying CVar settings from Section [ShadingQuality@3] File [D:/cgspectrum/term2/projects/cgspectrum-term2/Week8/Saved/Config/Windows/Scalability.ini]
[2023.01.20-17.13.57:169][  0]LogConfig: Setting CVar [[r.HairStrands.SkyLighting.IntegrationType:2]]
[2023.01.20-17.13.57:169][  0]LogConfig: Setting CVar [[r.HairStrands.SkyAO.SampleCount:4]]
[2023.01.20-17.13.57:169][  0]LogConfig: Setting CVar [[r.HairStrands.Visibility.MSAA.SamplePerPixel:4]]
[2023.01.20-17.13.57:171][  0]LogInit: Selected Device Profile: [Windows]
[2023.01.20-17.13.57:171][  0]LogInit: Applying CVar settings loaded from the selected device profile: [Windows]
[2023.01.20-17.13.57:171][  0]LogHAL: Display: Platform has ~ 32 GB [34141798400 / 34359738368 / 32], which maps to Largest [LargestMinGB=32, LargerMinGB=12, DefaultMinGB=8, SmallerMinGB=6, SmallestMinGB=0)
[2023.01.20-17.13.57:171][  0]LogInit: Going up to parent DeviceProfile []
[2023.01.20-17.13.57:171][  0]LogConfig: Applying CVar settings from Section [ViewDistanceQuality@3] File [D:/cgspectrum/term2/projects/cgspectrum-term2/Week8/Saved/Config/Windows/Scalability.ini]
[2023.01.20-17.13.57:171][  0]LogConfig: Setting CVar [[r.SkeletalMeshLODBias:0]]
[2023.01.20-17.13.57:171][  0]LogConfig: Setting CVar [[r.ViewDistanceScale:1.0]]
[2023.01.20-17.13.57:171][  0]LogConfig: Applying CVar settings from Section [AntiAliasingQuality@3] File [D:/cgspectrum/term2/projects/cgspectrum-term2/Week8/Saved/Config/Windows/Scalability.ini]
[2023.01.20-17.13.57:171][  0]LogConfig: Setting CVar [[r.PostProcessAAQuality:4]]
[2023.01.20-17.13.57:171][  0]LogConfig: Applying CVar settings from Section [ShadowQuality@3] File [D:/cgspectrum/term2/projects/cgspectrum-term2/Week8/Saved/Config/Windows/Scalability.ini]
[2023.01.20-17.13.57:171][  0]LogConfig: Setting CVar [[r.LightFunctionQuality:1]]
[2023.01.20-17.13.57:171][  0]LogConfig: Setting CVar [[r.ShadowQuality:5]]
[2023.01.20-17.13.57:171][  0]LogConfig: Setting CVar [[r.Shadow.CSM.MaxCascades:10]]
[2023.01.20-17.13.57:171][  0]LogConfig: Setting CVar [[r.Shadow.MaxResolution:2048]]
[2023.01.20-17.13.57:171][  0]LogConfig: Setting CVar [[r.Shadow.MaxCSMResolution:2048]]
[2023.01.20-17.13.57:171][  0]LogConfig: Setting CVar [[r.Shadow.RadiusThreshold:0.01]]
[2023.01.20-17.13.57:171][  0]LogConfig: Setting CVar [[r.Shadow.DistanceScale:1.0]]
[2023.01.20-17.13.57:171][  0]LogConfig: Setting CVar [[r.Shadow.CSM.TransitionScale:1.0]]
[2023.01.20-17.13.57:171][  0]LogConfig: Setting CVar [[r.Shadow.PreShadowResolutionFactor:1.0]]
[2023.01.20-17.13.57:171][  0]LogConfig: Setting CVar [[r.DistanceFieldShadowing:1]]
[2023.01.20-17.13.57:171][  0]LogConfig: Setting CVar [[r.DistanceFieldAO:1]]
[2023.01.20-17.13.57:171][  0]LogConfig: Setting CVar [[r.AOQuality:2]]
[2023.01.20-17.13.57:171][  0]LogConfig: Setting CVar [[r.VolumetricFog:1]]
[2023.01.20-17.13.57:171][  0]LogConfig: Setting CVar [[r.VolumetricFog.GridPixelSize:8]]
[2023.01.20-17.13.57:171][  0]LogConfig: Setting CVar [[r.VolumetricFog.GridSizeZ:128]]
[2023.01.20-17.13.57:171][  0]LogConfig: Setting CVar [[r.VolumetricFog.HistoryMissSupersampleCount:4]]
[2023.01.20-17.13.57:171][  0]LogConfig: Setting CVar [[r.LightMaxDrawDistanceScale:1]]
[2023.01.20-17.13.57:171][  0]LogConfig: Setting CVar [[r.CapsuleShadows:1]]
[2023.01.20-17.13.57:171][  0]LogConfig: Applying CVar settings from Section [PostProcessQuality@3] File [D:/cgspectrum/term2/projects/cgspectrum-term2/Week8/Saved/Config/Windows/Scalability.ini]
[2023.01.20-17.13.57:171][  0]LogConfig: Setting CVar [[r.MotionBlurQuality:4]]
[2023.01.20-17.13.57:171][  0]LogConfig: Setting CVar [[r.AmbientOcclusionMipLevelFactor:0.4]]
[2023.01.20-17.13.57:171][  0]LogConfig: Setting CVar [[r.AmbientOcclusionMaxQuality:100]]
[2023.01.20-17.13.57:171][  0]LogConfig: Setting CVar [[r.AmbientOcclusionLevels:-1]]
[2023.01.20-17.13.57:171][  0]LogConfig: Setting CVar [[r.AmbientOcclusionRadiusScale:1.0]]
[2023.01.20-17.13.57:171][  0]LogConfig: Setting CVar [[r.DepthOfFieldQuality:2]]
[2023.01.20-17.13.57:171][  0]LogConfig: Setting CVar [[r.RenderTargetPoolMin:400]]
[2023.01.20-17.13.57:171][  0]LogConfig: Setting CVar [[r.LensFlareQuality:2]]
[2023.01.20-17.13.57:171][  0]LogConfig: Setting CVar [[r.SceneColorFringeQuality:1]]
[2023.01.20-17.13.57:171][  0]LogConfig: Setting CVar [[r.EyeAdaptationQuality:2]]
[2023.01.20-17.13.57:171][  0]LogConfig: Setting CVar [[r.BloomQuality:5]]
[2023.01.20-17.13.57:171][  0]LogConfig: Setting CVar [[r.FastBlurThreshold:100]]
[2023.01.20-17.13.57:171][  0]LogConfig: Setting CVar [[r.Upscale.Quality:3]]
[2023.01.20-17.13.57:171][  0]LogConfig: Setting CVar [[r.Tonemapper.GrainQuantization:1]]
[2023.01.20-17.13.57:171][  0]LogConfig: Setting CVar [[r.LightShaftQuality:1]]
[2023.01.20-17.13.57:171][  0]LogConfig: Setting CVar [[r.Filter.SizeScale:1]]
[2023.01.20-17.13.57:171][  0]LogConfig: Setting CVar [[r.Tonemapper.Quality:5]]
[2023.01.20-17.13.57:171][  0]LogConfig: Setting CVar [[r.DOF.Gather.AccumulatorQuality:1        ; higher gathering accumulator quality]]
[2023.01.20-17.13.57:171][  0]LogConfig: Setting CVar [[r.DOF.Gather.PostfilterMethod:1          ; Median3x3 postfilering method]]
[2023.01.20-17.13.57:171][  0]LogConfig: Setting CVar [[r.DOF.Gather.EnableBokehSettings:0       ; no bokeh simulation when gathering]]
[2023.01.20-17.13.57:171][  0]LogConfig: Setting CVar [[r.DOF.Gather.RingCount:4                 ; medium number of samples when gathering]]
[2023.01.20-17.13.57:171][  0]LogConfig: Setting CVar [[r.DOF.Scatter.ForegroundCompositing:1    ; additive foreground scattering]]
[2023.01.20-17.13.57:171][  0]LogConfig: Setting CVar [[r.DOF.Scatter.BackgroundCompositing:2    ; additive background scattering]]
[2023.01.20-17.13.57:171][  0]LogConfig: Setting CVar [[r.DOF.Scatter.EnableBokehSettings:1      ; bokeh simulation when scattering]]
[2023.01.20-17.13.57:171][  0]LogConfig: Setting CVar [[r.DOF.Scatter.MaxSpriteRatio:0.1         ; only a maximum of 10% of scattered bokeh]]
[2023.01.20-17.13.57:171][  0]LogConfig: Setting CVar [[r.DOF.Recombine.Quality:1                ; cheap slight out of focus]]
[2023.01.20-17.13.57:171][  0]LogConfig: Setting CVar [[r.DOF.Recombine.EnableBokehSettings:0    ; no bokeh simulation on slight out of focus]]
[2023.01.20-17.13.57:171][  0]LogConfig: Setting CVar [[r.DOF.TemporalAAQuality:1                ; more stable temporal accumulation]]
[2023.01.20-17.13.57:171][  0]LogConfig: Setting CVar [[r.DOF.Kernel.MaxForegroundRadius:0.025]]
[2023.01.20-17.13.57:171][  0]LogConfig: Setting CVar [[r.DOF.Kernel.MaxBackgroundRadius:0.025]]
[2023.01.20-17.13.57:171][  0]LogConfig: Applying CVar settings from Section [TextureQuality@3] File [D:/cgspectrum/term2/projects/cgspectrum-term2/Week8/Saved/Config/Windows/Scalability.ini]
[2023.01.20-17.13.57:171][  0]LogConfig: Setting CVar [[r.Streaming.MipBias:0]]
[2023.01.20-17.13.57:171][  0]LogConfig: Setting CVar [[r.Streaming.AmortizeCPUToGPUCopy:0]]
[2023.01.20-17.13.57:171][  0]LogConfig: Setting CVar [[r.Streaming.MaxNumTexturesToStreamPerFrame:0]]
[2023.01.20-17.13.57:171][  0]LogConfig: Setting CVar [[r.Streaming.Boost:1]]
[2023.01.20-17.13.57:171][  0]LogConfig: Setting CVar [[r.MaxAnisotropy:8]]
[2023.01.20-17.13.57:171][  0]LogConfig: Setting CVar [[r.VT.MaxAnisotropy:8]]
[2023.01.20-17.13.57:171][  0]LogConfig: Setting CVar [[r.Streaming.LimitPoolSizeToVRAM:0]]
[2023.01.20-17.13.57:172][  0]LogConfig: Setting CVar [[r.Streaming.PoolSize:1000]]
[2023.01.20-17.13.57:172][  0]LogConfig: Setting CVar [[r.Streaming.MaxEffectiveScreenSize:0]]
[2023.01.20-17.13.57:172][  0]LogConfig: Applying CVar settings from Section [EffectsQuality@3] File [D:/cgspectrum/term2/projects/cgspectrum-term2/Week8/Saved/Config/Windows/Scalability.ini]
[2023.01.20-17.13.57:172][  0]LogConfig: Setting CVar [[r.TranslucencyLightingVolumeDim:64]]
[2023.01.20-17.13.57:172][  0]LogConfig: Setting CVar [[r.RefractionQuality:2]]
[2023.01.20-17.13.57:172][  0]LogConfig: Setting CVar [[r.SSR.Quality:3]]
[2023.01.20-17.13.57:172][  0]LogConfig: Setting CVar [[r.SSR.HalfResSceneColor:0]]
[2023.01.20-17.13.57:172][  0]LogConfig: Setting CVar [[r.SceneColorFormat:4]]
[2023.01.20-17.13.57:172][  0]LogConfig: Setting CVar [[r.DetailMode:2]]
[2023.01.20-17.13.57:172][  0]LogConfig: Setting CVar [[r.TranslucencyVolumeBlur:1]]
[2023.01.20-17.13.57:172][  0]LogConfig: Setting CVar [[r.MaterialQualityLevel:1 ; High quality]]
[2023.01.20-17.13.57:172][  0]LogConfig: Setting CVar [[r.AnisotropicMaterials:1]]
[2023.01.20-17.13.57:172][  0]LogConfig: Setting CVar [[r.SSS.Scale:1]]
[2023.01.20-17.13.57:172][  0]LogConfig: Setting CVar [[r.SSS.SampleSet:2]]
[2023.01.20-17.13.57:172][  0]LogConfig: Setting CVar [[r.SSS.Quality:1]]
[2023.01.20-17.13.57:172][  0]LogConfig: Setting CVar [[r.SSS.HalfRes:0]]
[2023.01.20-17.13.57:172][  0]LogConfig: Setting CVar [[r.SSGI.Quality:3]]
[2023.01.20-17.13.57:172][  0]LogConfig: Setting CVar [[r.EmitterSpawnRateScale:1.0]]
[2023.01.20-17.13.57:172][  0]LogConfig: Setting CVar [[r.ParticleLightQuality:2]]
[2023.01.20-17.13.57:172][  0]LogConfig: Setting CVar [[r.SkyAtmosphere.AerialPerspectiveLUT.FastApplyOnOpaque:1 ; Always have FastSkyLUT 1 in this case to avoid wrong sky]]
[2023.01.20-17.13.57:172][  0]LogConfig: Setting CVar [[r.SkyAtmosphere.AerialPerspectiveLUT.SampleCountMaxPerSlice:4]]
[2023.01.20-17.13.57:172][  0]LogConfig: Setting CVar [[r.SkyAtmosphere.AerialPerspectiveLUT.DepthResolution:16.0]]
[2023.01.20-17.13.57:172][  0]LogConfig: Setting CVar [[r.SkyAtmosphere.FastSkyLUT:1]]
[2023.01.20-17.13.57:172][  0]LogConfig: Setting CVar [[r.SkyAtmosphere.FastSkyLUT.SampleCountMin:4.0]]
[2023.01.20-17.13.57:172][  0]LogConfig: Setting CVar [[r.SkyAtmosphere.FastSkyLUT.SampleCountMax:128.0]]
[2023.01.20-17.13.57:172][  0]LogConfig: Setting CVar [[r.SkyAtmosphere.SampleCountMin:4.0]]
[2023.01.20-17.13.57:172][  0]LogConfig: Setting CVar [[r.SkyAtmosphere.SampleCountMax:128.0]]
[2023.01.20-17.13.57:172][  0]LogConfig: Setting CVar [[r.SkyAtmosphere.TransmittanceLUT.UseSmallFormat:0]]
[2023.01.20-17.13.57:172][  0]LogConfig: Setting CVar [[r.SkyAtmosphere.TransmittanceLUT.SampleCount:10.0]]
[2023.01.20-17.13.57:172][  0]LogConfig: Setting CVar [[r.SkyAtmosphere.MultiScatteringLUT.SampleCount:15.0]]
[2023.01.20-17.13.57:172][  0]LogConfig: Setting CVar [[r.SkyLight.RealTimeReflectionCapture:1]]
[2023.01.20-17.13.57:172][  0]LogConfig: Applying CVar settings from Section [FoliageQuality@3] File [D:/cgspectrum/term2/projects/cgspectrum-term2/Week8/Saved/Config/Windows/Scalability.ini]
[2023.01.20-17.13.57:172][  0]LogConfig: Setting CVar [[foliage.DensityScale:1.0]]
[2023.01.20-17.13.57:172][  0]LogConfig: Setting CVar [[grass.DensityScale:1.0]]
[2023.01.20-17.13.57:172][  0]LogConfig: Applying CVar settings from Section [ShadingQuality@3] File [D:/cgspectrum/term2/projects/cgspectrum-term2/Week8/Saved/Config/Windows/Scalability.ini]
[2023.01.20-17.13.57:172][  0]LogConfig: Setting CVar [[r.HairStrands.SkyLighting.IntegrationType:2]]
[2023.01.20-17.13.57:172][  0]LogConfig: Setting CVar [[r.HairStrands.SkyAO.SampleCount:4]]
[2023.01.20-17.13.57:172][  0]LogConfig: Setting CVar [[r.HairStrands.Visibility.MSAA.SamplePerPixel:4]]
[2023.01.20-17.13.57:172][  0]LogConfig: Applying CVar settings from Section [Startup] File [../../../Engine/Config/ConsoleVariables.ini]
[2023.01.20-17.13.57:172][  0]LogConfig: Setting CVar [[net.UseAdaptiveNetUpdateFrequency:0]]
[2023.01.20-17.13.57:172][  0]LogConfig: Setting CVar [[p.chaos.AllowCreatePhysxBodies:1]]
[2023.01.20-17.13.57:172][  0]LogConfig: Setting CVar [[fx.SkipVectorVMBackendOptimizations:1]]
[2023.01.20-17.13.57:172][  0]LogConfig: Applying CVar settings from Section [ConsoleVariables] File [D:/cgspectrum/term2/projects/cgspectrum-term2/Week8/Saved/Config/Windows/Engine.ini]
[2023.01.20-17.13.57:172][  0]LogConfig: Applying CVar settings from Section [ConsoleVariables] File [D:/cgspectrum/term2/projects/cgspectrum-term2/Week8/Saved/Config/Windows/Editor.ini]
[2023.01.20-17.13.57:172][  0]LogInit: Computer: SERENITY
[2023.01.20-17.13.57:172][  0]LogInit: User: jenni
[2023.01.20-17.13.57:172][  0]LogInit: CPU Page size=4096, Cores=16
[2023.01.20-17.13.57:172][  0]LogInit: High frequency timer resolution =10.000000 MHz
[2023.01.20-17.13.57:172][  0]LogMemory: Memory total: Physical=31.8GB (32GB approx)
[2023.01.20-17.13.57:172][  0]LogMemory: Platform Memory Stats for Windows
[2023.01.20-17.13.57:172][  0]LogMemory: Process Physical Memory: 145.36 MB used, 145.36 MB peak
[2023.01.20-17.13.57:172][  0]LogMemory: Process Virtual Memory: 127.47 MB used, 127.47 MB peak
[2023.01.20-17.13.57:172][  0]LogMemory: Physical Memory: 14006.46 MB used,  18553.70 MB free, 32560.16 MB total
[2023.01.20-17.13.57:172][  0]LogMemory: Virtual Memory: 134183768.00 MB used,  33961.09 MB free, 134217728.00 MB total
[2023.01.20-17.13.57:321][  0]LogWindows: WindowsPlatformFeatures enabled
[2023.01.20-17.13.57:342][  0]LogInit: Physics initialised using underlying interface: PhysX
[2023.01.20-17.13.57:342][  0]LogInit: Using OS detected language (en-US).
[2023.01.20-17.13.57:342][  0]LogInit: Using OS detected locale (en-US).
[2023.01.20-17.13.57:343][  0]LogTextLocalizationManager: No specific localization for 'en-US' exists, so the 'en' localization will be used.
[2023.01.20-17.13.57:642][  0]LogTargetPlatformManager: Display: Loaded TargetPlatform 'AllDesktop'
[2023.01.20-17.13.57:654][  0]LogTargetPlatformManager: Display: Loaded TargetPlatform 'Android'
[2023.01.20-17.13.57:654][  0]LogTargetPlatformManager: Display: Loaded TargetPlatform 'Android_ASTC'
[2023.01.20-17.13.57:654][  0]LogTargetPlatformManager: Display: Loaded TargetPlatform 'Android_DXT'
[2023.01.20-17.13.57:654][  0]LogTargetPlatformManager: Display: Loaded TargetPlatform 'Android_ETC2'
[2023.01.20-17.13.57:654][  0]LogTargetPlatformManager: Display: Loaded TargetPlatform 'AndroidClient'
[2023.01.20-17.13.57:654][  0]LogTargetPlatformManager: Display: Loaded TargetPlatform 'Android_ASTCClient'
[2023.01.20-17.13.57:654][  0]LogTargetPlatformManager: Display: Loaded TargetPlatform 'Android_DXTClient'
[2023.01.20-17.13.57:654][  0]LogTargetPlatformManager: Display: Loaded TargetPlatform 'Android_ETC2Client'
[2023.01.20-17.13.57:654][  0]LogTargetPlatformManager: Display: Loaded TargetPlatform 'Android_Multi'
[2023.01.20-17.13.57:654][  0]LogTargetPlatformManager: Display: Loaded TargetPlatform 'Android_MultiClient'
[2023.01.20-17.13.57:663][  0]LogTargetPlatformManager: Display: Loaded TargetPlatform 'IOSClient'
[2023.01.20-17.13.57:663][  0]LogTargetPlatformManager: Display: Loaded TargetPlatform 'IOS'
[2023.01.20-17.13.57:668][  0]LogTargetPlatformManager: Display: Loaded TargetPlatform 'Linux'
[2023.01.20-17.13.57:671][  0]LogTargetPlatformManager: Display: Loaded TargetPlatform 'LinuxNoEditor'
[2023.01.20-17.13.57:673][  0]LogTargetPlatformManager: Display: Loaded TargetPlatform 'LinuxClient'
[2023.01.20-17.13.57:676][  0]LogTargetPlatformManager: Display: Loaded TargetPlatform 'LinuxServer'
[2023.01.20-17.13.57:681][  0]LogTargetPlatformManager: Display: Loaded TargetPlatform 'LinuxAArch64NoEditor'
[2023.01.20-17.13.57:683][  0]LogTargetPlatformManager: Display: Loaded TargetPlatform 'LinuxAArch64Client'
[2023.01.20-17.13.57:685][  0]LogTargetPlatformManager: Display: Loaded TargetPlatform 'LinuxAArch64Server'
[2023.01.20-17.13.57:696][  0]LogTargetPlatformManager: Display: Loaded TargetPlatform 'Lumin'
[2023.01.20-17.13.57:696][  0]LogTargetPlatformManager: Display: Loaded TargetPlatform 'LuminClient'
[2023.01.20-17.13.57:700][  0]LogTargetPlatformManager: Display: Loaded TargetPlatform 'MacNoEditor'
[2023.01.20-17.13.57:702][  0]LogTargetPlatformManager: Display: Loaded TargetPlatform 'Mac'
[2023.01.20-17.13.57:705][  0]LogTargetPlatformManager: Display: Loaded TargetPlatform 'MacClient'
[2023.01.20-17.13.57:707][  0]LogTargetPlatformManager: Display: Loaded TargetPlatform 'MacServer'
[2023.01.20-17.13.57:712][  0]LogTargetPlatformManager: Display: Loaded TargetPlatform 'TVOSClient'
[2023.01.20-17.13.57:712][  0]LogTargetPlatformManager: Display: Loaded TargetPlatform 'TVOS'
[2023.01.20-17.13.57:716][  0]LogTargetPlatformManager: Display: Loaded TargetPlatform 'WindowsNoEditor'
[2023.01.20-17.13.57:718][  0]LogTargetPlatformManager: Display: Loaded TargetPlatform 'Windows'
[2023.01.20-17.13.57:721][  0]LogTargetPlatformManager: Display: Loaded TargetPlatform 'WindowsClient'
[2023.01.20-17.13.57:723][  0]LogTargetPlatformManager: Display: Loaded TargetPlatform 'WindowsServer'
[2023.01.20-17.13.57:723][  0]LogTargetPlatformManager: Display: Building Assets For Windows
[2023.01.20-17.13.57:727][  0]LogAudioDebug: Display: Lib vorbis DLL was dynamically loaded.
[2023.01.20-17.13.57:741][  0]LogTextureFormatOodle: Display: Oodle Texture 2.9.0 init RDO Off
[2023.01.20-17.13.57:759][  0]LogRendererCore: Ray tracing is disabled. Reason: r.RayTracing=0.
[2023.01.20-17.13.57:759][  0]LogDerivedDataCache: Display: Max Cache Size: 512 MB
[2023.01.20-17.13.57:798][  0]LogDerivedDataCache: Loaded boot cache 0.04s 94MB C:/Users/jenni/AppData/Local/UnrealEngine/4.27/DerivedDataCache/Boot.ddc.
[2023.01.20-17.13.57:798][  0]LogDerivedDataCache: Display: Loaded Boot cache: C:/Users/jenni/AppData/Local/UnrealEngine/4.27/DerivedDataCache/Boot.ddc
[2023.01.20-17.13.57:798][  0]LogDerivedDataCache: FDerivedDataBackendGraph:  Pak pak cache file ../../../../../cgspectrum/term2/projects/cgspectrum-term2/Week8/DerivedDataCache/DDC.ddp not found, will not use a pak cache.
[2023.01.20-17.13.57:798][  0]LogDerivedDataCache: Unable to find inner node Pak for hierarchical cache Hierarchy.
[2023.01.20-17.13.57:798][  0]LogDerivedDataCache: FDerivedDataBackendGraph:  CompressedPak pak cache file ../../../../../cgspectrum/term2/projects/cgspectrum-term2/Week8/DerivedDataCache/Compressed.ddp not found, will not use a pak cache.
[2023.01.20-17.13.57:798][  0]LogDerivedDataCache: Unable to find inner node CompressedPak for hierarchical cache Hierarchy.
[2023.01.20-17.13.57:810][  0]LogDerivedDataCache: Display: Pak cache opened for reading ../../../Engine/DerivedDataCache/Compressed.ddp.
[2023.01.20-17.13.57:810][  0]LogDerivedDataCache: FDerivedDataBackendGraph:  EnterprisePak pak cache file ../../../Enterprise/DerivedDataCache/Compressed.ddp not found, will not use a pak cache.
[2023.01.20-17.13.57:810][  0]LogDerivedDataCache: Unable to find inner node EnterprisePak for hierarchical cache Hierarchy.
[2023.01.20-17.13.57:814][  0]LogDerivedDataCache: Speed tests for C:/Users/jenni/AppData/Local/UnrealEngine/Common/DerivedDataCache took 0.00 seconds
[2023.01.20-17.13.57:814][  0]LogDerivedDataCache: Display: Performance to C:/Users/jenni/AppData/Local/UnrealEngine/Common/DerivedDataCache: Latency=0.01ms. RandomReadSpeed=2568.20MBs, RandomWriteSpeed=264.69MBs. Assigned SpeedClass 'Local'
[2023.01.20-17.13.57:815][  0]LogDerivedDataCache: Using Local data cache path C:/Users/jenni/AppData/Local/UnrealEngine/Common/DerivedDataCache: Writable
[2023.01.20-17.13.57:815][  0]LogDerivedDataCache: Shared data cache path not found in *engine.ini, will not use an Shared cache.
[2023.01.20-17.13.57:815][  0]LogDerivedDataCache: Unable to find inner node Shared for hierarchical cache Hierarchy.
[2023.01.20-17.13.57:818][  0]LogAssetRegistry: FAssetRegistry took 0.0009 seconds to start up
[2023.01.20-17.13.57:945][  0]LogInit: Selected Device Profile: [Windows]
[2023.01.20-17.13.57:945][  0]LogInit: Active device profile: [00000254E8450700][00000254E333F000 49] Windows
[2023.01.20-17.13.57:945][  0]LogInit: Profiles: [00000254E8450700][00000254E333F000 49] Windows, [00000254E8413700][00000254E6C4D180 49] WindowsNoEditor, [00000254E8453300][00000254E6C51300 49] WindowsServer, [00000254E8410F00][00000254E6C55480 49] WindowsClient, [00000254E8453500][00000254E6C59600 49] IOS, [00000254E83F7F00][00000254E6C5D780 49] iPadAir, [00000254E8413B00][00000254E6C61900 49] iPadAir2, [00000254E83AC500][00000254EB24FBC0 49] IPadPro, [00000254E83AC600][00000254E6C65C00 49] iPadAir3, [00000254E83F4100][00000254EB258200 49] iPadAir4, [00000254E83AEC00][00000254EB25C380 49] iPadMini2, [00000254E83F6500][00000254EB260500 49] iPadMini3, [00000254E83AF400][00000254EB264680 49] iPadMini4, [00000254E83F4F00][00000254EB268800 49] iPadMini5, [00000254E83ABE00][00000254EB270AC0 49] iPhone6, [00000254E83ABF00][00000254EB26CB00 49] iPodTouch6, [00000254E8453900][00000254EB278DC0 49] iPhone7, [00000254E8452100][00000254EB274E00 49] iPodTouch7, [00000254E83A8400][00000254E3348F40 49] iPhone5S, [00000254E83AFD00][00000254EB27D080 49] iPhone6Plus, [00000254E8453400][00000254EB2811C0 49] iPhone6S, [00000254E83AE000][00000254EB289340 49] iPhone6SPlus, [00000254E8450900][00000254EB28D4C0 49] iPhone7Plus, [00000254E83ACE00][00000254EB291640 49] iPhoneSE, [00000254E8450200][00000254EB2957C0 49] iPhone8, [00000254E83AE400][00000254EB299940 49] iPhone8Plus, [00000254E8451E00][00000254EB29DAC0 49] iPhoneX, [00000254E83AFE00][00000254EB2A00C0 49] iPhoneXS, [00000254E8451600][00000254EB2A4240 49] iPhoneXSMax, [00000254E83AE500][00000254EB2A83C0 49] iPhoneXR, [00000254E8452A00][00000254EB2AC540 49] iPhone11, [00000254E83AFA00][00000254EB2B06C0 49] iPhone11Pro, [00000254E8450F00][00000254EB2B4840 49] iPhone11ProMax, [00000254E83AE300][00000254EB2B89C0 49] iPhoneSE2, [00000254E8452700][00000254EB2BCB40 49] iPhone12Mini, [00000254E83AC700][00000254EB2C0CC0 49] iPhone12, [00000254E8453100][00000254EB2C4E40 49] iPhone12Pro, [00000254E83AF500][00000254EB2C8FC0 49] iPhone12ProMax, [00000254E8450800][00000254EB285100 49] iPadPro105, [00000254E83ADC00][00000254EB2CD240 49] iPadPro129, [00000254E8450300][00000254EB2D1380 49] iPadPro97, [00000254E83ADD00][00000254EB2D9500 49] iPadPro2_129, [00000254E8450C00][00000254EB2DD680 49] iPad5, [00000254E83AF000][00000254EB2E1800 49] iPad6, [00000254E8452C00][00000254EB2E5980 49] iPad7, [00000254E83AEE00][00000254EB2E9B00 49] iPad8, [00000254E8451800][00000254EB2EC100 49] iPadPro11, [00000254E83ADB00][00000254EB2F0280 49] iPadPro2_11, [00000254E8451500][00000254EB2F4400 49] iPadPro3_129, [00000254E83AE700][00000254EB2F8580 49] iPadPro4_129, [00000254E8450100][00000254EB2FC700 49] AppleTV, [00000254E83AEB00][00000254EB300880 49] AppleTV4K, [00000254E8451B00][00000254EB304A00 49] TVOS, [00000254E83AC900][00000254EB308B80 49] Mac, [00000254E8451700][00000254EB30CD00 49] MacClient, [00000254E83AEF00][00000254EB310E80 49] MacNoEditor, [00000254E8450D00][00000254EB315000 49] MacServer, [00000254E83AC300][00000254EB319180 49] Linux, [00000254E8452E00][00000254EB2D52C0 49] LinuxAArch64, [00000254E83AD500][00000254EB31D400 49] LinuxNoEditor, [00000254E8452400][00000254EB321540 49] LinuxAArch64NoEditor, [00000254E83AC200][00000254EB3296C0 49] LinuxClient, [00000254E8452D00][00000254EB32D840 49] LinuxAArch64Client, [00000254E83ACC00][00000254EB3319C0 49] LinuxServer, [00000254E8450400][00000254EB335B40 49] LinuxAArch64Server, [00000254E83AD000][00000254EB338140 49] Android, [00000254E83F7900][00000254EB33C2C0 49] Android_Low, [00000254E83A9B00][00000254EB340440 49] Android_Mid, [00000254E83F7000][00000254EB3445C0 49] Android_High, [00000254E83AA300][00000254EB348740 49] Android_Default, [00000254E83F6000][00000254EB34C8C0 49] Android_Adreno4xx, [00000254E83A8100][00000254EB350A40 49] Android_Adreno5xx_Low, [00000254E83F4B00][00000254EB354BC0 49] Android_Adreno5xx, [00000254E83A9800][00000254EB358D40 49] Android_Adreno6xx, [00000254E83F5100][00000254EB35CEC0 49] Android_Adreno6xx_Vulkan, [00000254E83A8800][00000254EB361040 49] Android_Mali_T6xx, [00000254E83F7600][00000254EB3651C0 49] Android_Mali_T7xx, [00000254E83A8D00][00000254EB369340 49] Android_Mali_T8xx, [00000254E83F7C00][00000254EB325480 49] Android_Mali_G71, [00000254E83A9500][00000254EB36D5C0 49] Android_Mali_G72, [00000254E83F7E00][00000254EB371700 49] Android_Mali_G72_Vulkan, [00000254E83ABD00][00000254EB375840 49] Android_Mali_G76, [00000254E83F7A00][00000254EB37D9C0 49] Android_Mali_G76_Vulkan, [00000254E83AB600][00000254EB381B40 49] Android_Mali_G77, [00000254E83F6200][00000254EB384140 49] Android_Mali_G77_Vulkan, [00000254E83A9200][00000254EB3882C0 49] Android_Mali_G78, [00000254E83F4A00][00000254EB38C440 49] Android_Mali_G78_Vulkan, [00000254E83AB000][00000254EB3905C0 49] Android_Mali_G710, [00000254E83F5400][00000254EB394740 49] Android_Mali_G710_Vulkan, [00000254E83A8700][00000254EB3988C0 49] Android_Vulkan_SM5, [00000254E83F5800][00000254EB39CA40 49] Android_PowerVR_G6xxx, [00000254E83A8E00][00000254EB3A0BC0 49] Android_PowerVR_GT7xxx, [00000254E83F4200][00000254EB3A4D40 49] Android_PowerVR_GE8xxx, [00000254E83A8600][00000254EB3A8EC0 49] Android_PowerVR_GM9xxx, [00000254E83F6600][00000254EB3AD040 49] Android_PowerVR_GM9xxx_Vulkan, [00000254E83ACF00][00000254EB3B11C0 49] Android_TegraK1, [00000254E83F6A00][00000254EB3B5340 49] Android_Unknown_Vulkan, [00000254E83ACD00][00000254EB3B94C0 49] Lumin, [00000254E83F5200][00000254EB379600 49] Lumin_Desktop, [00000254E83ACB00][00000254EB3BD740 49] HoloLens, 
[2023.01.20-17.13.57:963][  0]LogMeshReduction: Using QuadricMeshReduction for automatic static mesh reduction
[2023.01.20-17.13.57:963][  0]LogMeshReduction: Using SimplygonMeshReduction for automatic skeletal mesh reduction
[2023.01.20-17.13.57:963][  0]LogMeshReduction: Using ProxyLODMeshReduction for automatic mesh merging
[2023.01.20-17.13.57:963][  0]LogMeshReduction: No distributed automatic mesh merging module available
[2023.01.20-17.13.57:963][  0]LogMeshMerging: No distributed automatic mesh merging module available
[2023.01.20-17.13.57:991][  0]LogNetVersion: Week8 1.0.0, NetCL: 17155196, EngineNetVer: 17, GameNetVer: 0 (Checksum: 3668228383)
[2023.01.20-17.13.58:070][  0]LogHMD: PokeAHoleMaterial loaded successfully
[2023.01.20-17.13.58:121][  0]LogCollectionManager: Loaded 0 collections in 0.000370 seconds
[2023.01.20-17.13.58:122][  0]LogFileCache: Scanning file cache for directory 'D:/cgspectrum/term2/projects/cgspectrum-term2/Week8/Saved/Collections/' took 0.00s
[2023.01.20-17.13.58:122][  0]LogFileCache: Scanning file cache for directory 'D:/cgspectrum/term2/projects/cgspectrum-term2/Week8/Content/Developers/jenni/Collections/' took 0.00s
[2023.01.20-17.13.58:122][  0]LogFileCache: Scanning file cache for directory 'D:/cgspectrum/term2/projects/cgspectrum-term2/Week8/Content/Collections/' took 0.00s
[2023.01.20-17.13.58:122][  0]LogCollectionManager: Fixed up redirectors for 0 collections in 0.000001 seconds (updated 0 objects)
[2023.01.20-17.13.58:181][  0]LogNiagaraDebuggerClient: Niagara Debugger Client Initialized | Session: 17862FE9423C042D4B9671B2BF9EEBD7 | Instance: 1CD437D446A901E330DEA8B56021B965 (SERENITY-23444).
[2023.01.20-17.13.58:205][  0]LogPython: Using Python 3.7.7
[2023.01.20-17.13.58:606][  0]SourceControl: Source control is disabled
[2023.01.20-17.13.58:606][  0]SourceControl: Source control is disabled
[2023.01.20-17.13.58:607][  0]SourceControl: Source control is disabled
[2023.01.20-17.13.58:609][  0]SourceControl: Source control is disabled
[2023.01.20-17.13.58:611][  0]SourceControl: Source control is disabled
[2023.01.20-17.13.58:615][  0]LogUProjectInfo: Found projects:
[2023.01.20-17.13.58:699][  0]LogOpenImageDenoise: OIDN starting up
[2023.01.20-17.13.58:716][  0]LogAndroidPermission: UAndroidPermissionCallbackProxy::GetInstance
[2023.01.20-17.13.58:724][  0]LogAudioCaptureCore: Display: No Audio Capture implementations found. Audio input will be silent.
[2023.01.20-17.13.58:724][  0]LogAudioCaptureCore: Display: No Audio Capture implementations found. Audio input will be silent.
[2023.01.20-17.13.58:791][  0]LogOcInput: OculusInput pre-init called
[2023.01.20-17.13.58:808][  0]LogUObjectArray: 23053 objects as part of root set at end of initial load.
[2023.01.20-17.13.58:808][  0]LogUObjectAllocator: 6354176 out of 0 bytes used by permanent object pool.
[2023.01.20-17.13.58:808][  0]LogUObjectArray: CloseDisregardForGC: 0/0 objects in disregard for GC pool
[2023.01.20-17.13.58:809][  0]LogInit: Error: VisualStudioToolsCommandlet looked like a commandlet, but we could not find the class.
[2023.01.20-17.13.58:809][  0]LogCore: Engine exit requested (reason: Failed to find commandlet class VisualStudioToolsCommandlet)
[2023.01.20-17.13.58:810][  0]LogCore: Engine exit requested (reason: EngineExit() was called; note: exit was already requested)
[2023.01.20-17.13.58:811][  0]LogExit: Preparing to exit.
[2023.01.20-17.13.58:824][  0]LogUObjectHash: Compacting FUObjectHashTables data took   0.40ms
[2023.01.20-17.13.58:857][  0]LogDemo: Cleaned up 0 splitscreen connections with owner deletion
[2023.01.20-17.13.58:909][  0]LogExit: Object subsystem successfully closed.
[2023.01.20-17.13.58:937][  0]LogModuleManager: Shutting down and abandoning module AudioSynesthesiaEditor (594)
[2023.01.20-17.13.58:937][  0]LogModuleManager: Shutting down and abandoning module OculusEditor (592)
[2023.01.20-17.13.58:937][  0]LogModuleManager: Shutting down and abandoning module OculusInput (590)
[2023.01.20-17.13.58:937][  0]LogModuleManager: Shutting down and abandoning module ContentBrowserClassDataSource (588)
[2023.01.20-17.13.58:937][  0]LogModuleManager: Shutting down and abandoning module ContentBrowserAssetDataSource (586)
[2023.01.20-17.13.58:937][  0]LogModuleManager: Shutting down and abandoning module ToolMenus (585)
[2023.01.20-17.13.58:937][  0]LogModuleManager: Shutting down and abandoning module ContentBrowserFileDataSource (582)
[2023.01.20-17.13.58:937][  0]LogModuleManager: Shutting down and abandoning module OodleNetworkHandlerComponent (580)
[2023.01.20-17.13.58:937][  0]LogModuleManager: Shutting down and abandoning module TakeSequencer (578)
[2023.01.20-17.13.58:937][  0]LogModuleManager: Shutting down and abandoning module TakeMovieScene (576)
[2023.01.20-17.13.58:937][  0]LogModuleManager: Shutting down and abandoning module ScreenshotTools (574)
[2023.01.20-17.13.58:937][  0]LogModuleManager: Shutting down and abandoning module SynthesisEditor (572)
[2023.01.20-17.13.58:937][  0]LogModuleManager: Shutting down and abandoning module Synthesis (570)
[2023.01.20-17.13.58:937][  0]LogModuleManager: Shutting down and abandoning module ProceduralMeshComponentEditor (568)
[2023.01.20-17.13.58:937][  0]LogModuleManager: Shutting down and abandoning module ProceduralMeshComponent (566)
[2023.01.20-17.13.58:937][  0]LogModuleManager: Shutting down and abandoning module OpenXREditor (564)
[2023.01.20-17.13.58:937][  0]LogModuleManager: Shutting down and abandoning module MobilePatchingUtils (562)
[2023.01.20-17.13.58:937][  0]LogModuleManager: Shutting down and abandoning module GooglePAD (560)
[2023.01.20-17.13.58:937][  0]LogModuleManager: Shutting down and abandoning module EditableMesh (558)
[2023.01.20-17.13.58:937][  0]LogModuleManager: Shutting down and abandoning module CustomMeshComponent (556)
[2023.01.20-17.13.58:938][  0]LogModuleManager: Shutting down and abandoning module CableComponent (554)
[2023.01.20-17.13.58:938][  0]LogModuleManager: Shutting down and abandoning module ArchVisCharacter (552)
[2023.01.20-17.13.58:938][  0]LogModuleManager: Shutting down and abandoning module AudioCapture (550)
[2023.01.20-17.13.58:938][  0]LogModuleManager: Shutting down and abandoning module AudioCaptureRtAudio (549)
[2023.01.20-17.13.58:938][  0]LogModuleManager: Shutting down and abandoning module AssetTags (546)
[2023.01.20-17.13.58:938][  0]LogModuleManager: Shutting down and abandoning module AppleImageUtilsBlueprintSupport (544)
[2023.01.20-17.13.58:938][  0]LogModuleManager: Shutting down and abandoning module AppleImageUtils (542)
[2023.01.20-17.13.58:938][  0]LogModuleManager: Shutting down and abandoning module AndroidPermission (540)
[2023.01.20-17.13.58:938][  0]LogModuleManager: Shutting down and abandoning module ActorLayerUtilitiesEditor (538)
[2023.01.20-17.13.58:938][  0]LogModuleManager: Shutting down and abandoning module ActorLayerUtilities (536)
[2023.01.20-17.13.58:938][  0]LogModuleManager: Shutting down and abandoning module TemplateSequence (534)
[2023.01.20-17.13.58:938][  0]LogModuleManager: Shutting down and abandoning module MagicLeapSharedWorld (532)
[2023.01.20-17.13.58:938][  0]LogModuleManager: Shutting down and abandoning module MagicLeapLightEstimation (530)
[2023.01.20-17.13.58:938][  0]LogModuleManager: Shutting down and abandoning module MagicLeapHelperVulkan (528)
[2023.01.20-17.13.58:938][  0]LogModuleManager: Shutting down and abandoning module MagicLeapHelperOpenGL (526)
[2023.01.20-17.13.58:938][  0]LogModuleManager: Shutting down and abandoning module MagicLeapAudio (524)
[2023.01.20-17.13.58:938][  0]LogModuleManager: Shutting down and abandoning module MediaCompositing (522)
[2023.01.20-17.13.58:938][  0]LogModuleManager: Shutting down and abandoning module VariantManagerContentEditor (520)
[2023.01.20-17.13.58:938][  0]LogModuleManager: Shutting down and abandoning module OpenImageDenoise (518)
[2023.01.20-17.13.58:938][  0]LogOpenImageDenoise: OIDN shutting down
[2023.01.20-17.13.58:938][  0]LogModuleManager: Shutting down and abandoning module MotoSynthEditor (516)
[2023.01.20-17.13.58:938][  0]LogModuleManager: Shutting down and abandoning module MotoSynth (514)
[2023.01.20-17.13.58:938][  0]LogModuleManager: Shutting down and abandoning module DatasmithContentEditor (512)
[2023.01.20-17.13.58:938][  0]LogModuleManager: Shutting down and abandoning module MeshConversion (510)
[2023.01.20-17.13.58:938][  0]LogModuleManager: Shutting down and abandoning module DynamicMesh (508)
[2023.01.20-17.13.58:939][  0]LogModuleManager: Shutting down and abandoning module GeometryAlgorithms (506)
[2023.01.20-17.13.58:939][  0]LogModuleManager: Shutting down and abandoning module GeometricObjects (504)
[2023.01.20-17.13.58:940][  0]LogModuleManager: Shutting down and abandoning module GeometryCollectionTracks (502)
[2023.01.20-17.13.58:940][  0]LogModuleManager: Shutting down and abandoning module GeometryCollectionSequencer (501)
[2023.01.20-17.13.58:940][  0]LogModuleManager: Shutting down and abandoning module GeometryCollectionEditor (498)
[2023.01.20-17.13.58:940][  0]LogModuleManager: Shutting down and abandoning module GeometryCacheTracks (496)
[2023.01.20-17.13.58:940][  0]LogModuleManager: Shutting down and abandoning module GeometryCacheStreamer (494)
[2023.01.20-17.13.58:940][  0]LogModuleManager: Shutting down and abandoning module GeometryCacheSequencer (492)
[2023.01.20-17.13.58:940][  0]LogModuleManager: Shutting down and abandoning module ChaosNiagara (490)
[2023.01.20-17.13.58:940][  0]LogModuleManager: Shutting down and abandoning module ChaosSolverEditor (488)
[2023.01.20-17.13.58:940][  0]LogModuleManager: Shutting down and abandoning module ChaosClothEditor (486)
[2023.01.20-17.13.58:940][  0]LogModuleManager: Shutting down and abandoning module FractureEditor (484)
[2023.01.20-17.13.58:941][  0]LogModuleManager: Shutting down and abandoning module FieldSystemEngine (483)
[2023.01.20-17.13.58:941][  0]LogModuleManager: Shutting down and abandoning module AutomationUtilsEditor (480)
[2023.01.20-17.13.58:941][  0]LogModuleManager: Shutting down and abandoning module AutomationUtils (478)
[2023.01.20-17.13.58:941][  0]LogModuleManager: Shutting down and abandoning module AlembicImporter (476)
[2023.01.20-17.13.58:941][  0]LogModuleManager: Shutting down and abandoning module AlembicLibrary (475)
[2023.01.20-17.13.58:941][  0]LogModuleManager: Shutting down and abandoning module GeometryCache (474)
[2023.01.20-17.13.58:941][  0]LogModuleManager: Shutting down and abandoning module GeometryCacheEd (473)
[2023.01.20-17.13.58:941][  0]LogModuleManager: Shutting down and abandoning module SpeedTreeImporter (468)
[2023.01.20-17.13.58:941][  0]LogModuleManager: Shutting down and abandoning module PluginBrowser (466)
[2023.01.20-17.13.58:942][  0]LogModuleManager: Shutting down and abandoning module MobileLauncherProfileWizard (464)
[2023.01.20-17.13.58:942][  0]LogModuleManager: Shutting down and abandoning module MaterialAnalyzer (462)
[2023.01.20-17.13.58:942][  0]LogModuleManager: Shutting down and abandoning module CryptoKeysOpenSSL (460)
[2023.01.20-17.13.58:942][  0]LogModuleManager: Shutting down and abandoning module CryptoKeys (458)
[2023.01.20-17.13.58:942][  0]LogModuleManager: Shutting down and abandoning module CurveEditorTools (456)
[2023.01.20-17.13.58:942][  0]LogModuleManager: Shutting down and abandoning module NiagaraEditorWidgets (454)
[2023.01.20-17.13.58:944][  0]LogModuleManager: Shutting down and abandoning module VisualStudioSourceCodeAccess (452)
[2023.01.20-17.13.58:944][  0]LogModuleManager: Shutting down and abandoning module VisualStudioCodeSourceCodeAccess (450)
[2023.01.20-17.13.58:944][  0]LogModuleManager: Shutting down and abandoning module UObjectPlugin (448)
[2023.01.20-17.13.58:944][  0]LogModuleManager: Shutting down and abandoning module SubversionSourceControl (446)
[2023.01.20-17.13.58:944][  0]LogModuleManager: Shutting down and abandoning module PluginUtils (444)
[2023.01.20-17.13.58:944][  0]LogModuleManager: Shutting down and abandoning module GitSourceControl (442)
[2023.01.20-17.13.58:944][  0]LogModuleManager: Shutting down and abandoning module PlasticSourceControl (440)
[2023.01.20-17.13.58:944][  0]LogModuleManager: Shutting down and abandoning module PerforceSourceControl (438)
[2023.01.20-17.13.58:944][  0]LogModuleManager: Shutting down and abandoning module SourceControl (437)
[2023.01.20-17.13.58:944][  0]LogModuleManager: Shutting down and abandoning module CLionSourceCodeAccess (434)
[2023.01.20-17.13.58:944][  0]LogModuleManager: Shutting down and abandoning module AnimationSharingEd (432)
[2023.01.20-17.13.58:944][  0]LogModuleManager: Shutting down and abandoning module LightPropagationVolumeEditor (430)
[2023.01.20-17.13.58:944][  0]LogModuleManager: Shutting down and abandoning module LiveLinkSequencer (428)
[2023.01.20-17.13.58:944][  0]LogModuleManager: Shutting down and abandoning module LiveLinkMovieScene (426)
[2023.01.20-17.13.58:944][  0]LogModuleManager: Shutting down and abandoning module LiveLinkGraphNode (424)
[2023.01.20-17.13.58:944][  0]LogModuleManager: Shutting down and abandoning module LiveLinkEditor (422)
[2023.01.20-17.13.58:944][  0]LogModuleManager: Shutting down and abandoning module LiveLinkComponents (420)
[2023.01.20-17.13.58:944][  0]LogModuleManager: Shutting down and abandoning module LiveLink (418)
[2023.01.20-17.13.59:578][  0]LogModuleManager: Shutting down and abandoning module PaperTiledImporter (416)
[2023.01.20-17.13.59:578][  0]LogModuleManager: Shutting down and abandoning module PaperSpriteSheetImporter (414)
[2023.01.20-17.13.59:578][  0]LogModuleManager: Shutting down and abandoning module Paper2DEditor (412)
[2023.01.20-17.13.59:589][  0]LogModuleManager: Shutting down and abandoning module MeshPaintingToolset (410)
[2023.01.20-17.13.59:590][  0]LogModuleManager: Shutting down and abandoning module MeshPaintEditorMode (408)
[2023.01.20-17.13.59:590][  0]LogModuleManager: Shutting down and abandoning module Week8 (406)
[2023.01.20-17.13.59:590][  0]LogModuleManager: Shutting down and abandoning module RuntimePhysXCooking (404)
[2023.01.20-17.13.59:590][  0]LogModuleManager: Shutting down and abandoning module SoundFields (402)
[2023.01.20-17.13.59:590][  0]LogModuleManager: Shutting down and abandoning module SignificanceManager (400)
[2023.01.20-17.13.59:590][  0]LogModuleManager: Shutting down and abandoning module PropertyAccessEditor (398)
[2023.01.20-17.13.59:590][  0]LogModuleManager: Shutting down and abandoning module PhysXVehiclesEditor (396)
[2023.01.20-17.13.59:590][  0]LogModuleManager: Shutting down and abandoning module LocationServicesBPLibrary (392)
[2023.01.20-17.13.59:590][  0]LogModuleManager: Shutting down and abandoning module AudioSynesthesia (390)
[2023.01.20-17.13.59:590][  0]LogModuleManager: Shutting down and abandoning module AudioSynesthesiaCore (388)
[2023.01.20-17.13.59:590][  0]LogModuleManager: Shutting down and abandoning module ActorSequence (386)
[2023.01.20-17.13.59:590][  0]LogModuleManager: Shutting down and abandoning module UdpMessaging (384)
[2023.01.20-17.13.59:590][  0]LogModuleManager: Shutting down and abandoning module TcpMessaging (382)
[2023.01.20-17.13.59:590][  0]LogModuleManager: Shutting down and abandoning module MagicLeapARPin (380)
[2023.01.20-17.13.59:590][  0]LogModuleManager: Shutting down and abandoning module MagicLeapHandMeshing (378)
[2023.01.20-17.13.59:590][  0]LogModuleManager: Shutting down and abandoning module MagicLeapSecureStorage (376)
[2023.01.20-17.13.59:590][  0]LogModuleManager: Shutting down and abandoning module MagicLeapPrivileges (374)
[2023.01.20-17.13.59:590][  0]LogModuleManager: Shutting down and abandoning module MagicLeapPlanes (372)
[2023.01.20-17.13.59:590][  0]LogMagicLeapPlanes: Planes tracker already destroyed.
[2023.01.20-17.13.59:590][  0]LogModuleManager: Shutting down and abandoning module MagicLeapImageTracker (370)
[2023.01.20-17.13.59:590][  0]LogModuleManager: Shutting down and abandoning module MagicLeapIdentity (368)
[2023.01.20-17.13.59:590][  0]LogModuleManager: Shutting down and abandoning module MagicLeapHandTracking (366)
[2023.01.20-17.13.59:590][  0]LogModuleManager: Shutting down and abandoning module MagicLeapEyeTracker (364)
[2023.01.20-17.13.59:590][  0]LogModuleManager: Shutting down and abandoning module MagicLeapController (362)
[2023.01.20-17.13.59:590][  0]LogModuleManager: Shutting down and abandoning module MagicLeapARPinImpl (360)
[2023.01.20-17.13.59:590][  0]LogModuleManager: Shutting down and abandoning module MagicLeapAR (358)
[2023.01.20-17.13.59:590][  0]LogModuleManager: Shutting down and abandoning module PythonScriptPlugin (356)
[2023.01.20-17.13.59:590][  0]LogModuleManager: Shutting down and abandoning module DataValidation (354)
[2023.01.20-17.13.59:590][  0]LogModuleManager: Shutting down and abandoning module GameplayTagsEditor (352)
[2023.01.20-17.13.59:590][  0]LogModuleManager: Shutting down and abandoning module FacialAnimationEditor (350)
[2023.01.20-17.13.59:590][  0]LogModuleManager: Shutting down and abandoning module FacialAnimation (348)
[2023.01.20-17.13.59:590][  0]LogModuleManager: Shutting down and abandoning module NiagaraAnimNotifies (346)
[2023.01.20-17.13.59:590][  0]LogModuleManager: Shutting down and abandoning module Niagara (344)
[2023.01.20-17.13.59:590][  0]LogModuleManager: Shutting down and abandoning module SignalProcessing (343)
[2023.01.20-17.13.59:590][  0]LogModuleManager: Shutting down and abandoning module NiagaraEditor (341)
[2023.01.20-17.13.59:591][  0]LogModuleManager: Shutting down and abandoning module NiagaraCore (338)
[2023.01.20-17.13.59:591][  0]LogModuleManager: Shutting down and abandoning module AssetManagerEditor (336)
[2023.01.20-17.13.59:591][  0]LogModuleManager: Shutting down and abandoning module TreeMap (335)
[2023.01.20-17.13.59:591][  0]LogModuleManager: Shutting down and abandoning module PropertyAccessNode (332)
[2023.01.20-17.13.59:591][  0]LogModuleManager: Shutting down and abandoning module GameplayCameras (330)
[2023.01.20-17.13.59:591][  0]LogModuleManager: Shutting down and abandoning module AnimationSharing (328)
[2023.01.20-17.13.59:591][  0]LogModuleManager: Shutting down and abandoning module LightPropagationVolumeRuntime (326)
[2023.01.20-17.13.59:591][  0]LogModuleManager: Shutting down and abandoning module EnvironmentQueryEditor (324)
[2023.01.20-17.13.59:591][  0]LogModuleManager: Shutting down and abandoning module Paper2D (322)
[2023.01.20-17.13.59:591][  0]LogModuleManager: Shutting down and abandoning module NetworkReplayStreaming (320)
[2023.01.20-17.13.59:591][  0]LogModuleManager: Shutting down and abandoning module PacketHandler (318)
[2023.01.20-17.13.59:591][  0]LogModuleManager: Shutting down and abandoning module ClothingSystemEditor (316)
[2023.01.20-17.13.59:591][  0]LogModuleManager: Shutting down and abandoning module ClothingSystemRuntimeNv (314)
[2023.01.20-17.13.59:591][  0]LogModuleManager: Shutting down and abandoning module MediaAssets (312)
[2023.01.20-17.13.59:591][  0]LogModuleManager: Shutting down and abandoning module Overlay (310)
[2023.01.20-17.13.59:592][  0]LogModuleManager: Shutting down and abandoning module OverlayEditor (309)
[2023.01.20-17.13.59:592][  0]LogModuleManager: Shutting down and abandoning module Blutility (306)
[2023.01.20-17.13.59:592][  0]LogModuleManager: Shutting down and abandoning module LevelEditor (305)
[2023.01.20-17.13.59:592][  0]LogModuleManager: Shutting down and abandoning module PixelInspectorModule (304)
[2023.01.20-17.13.59:592][  0]LogModuleManager: Shutting down and abandoning module CommonMenuExtensions (302)
[2023.01.20-17.13.59:592][  0]LogModuleManager: Shutting down and abandoning module MainFrame (300)
[2023.01.20-17.13.59:592][  0]LogModuleManager: Shutting down and abandoning module HotReload (299)
[2023.01.20-17.13.59:592][  0]LogModuleManager: Shutting down and abandoning module ContentBrowser (295)
[2023.01.20-17.13.59:592][  0]LogModuleManager: Shutting down and abandoning module CollectionManager (294)
[2023.01.20-17.13.59:592][  0]LogModuleManager: Shutting down and abandoning module ContentBrowserData (292)
[2023.01.20-17.13.59:592][  0]LogModuleManager: Shutting down and abandoning module IntroTutorials (288)
[2023.01.20-17.13.59:592][  0]LogModuleManager: Shutting down and abandoning module VREditor (286)
[2023.01.20-17.13.59:593][  0]LogModuleManager: Shutting down and abandoning module StringTableEditor (284)
[2023.01.20-17.13.59:593][  0]LogModuleManager: Shutting down and abandoning module GameplayTasksEditor (282)
[2023.01.20-17.13.59:593][  0]LogModuleManager: Shutting down and abandoning module BehaviorTreeEditor (280)
[2023.01.20-17.13.59:594][  0]LogModuleManager: Shutting down and abandoning module FunctionalTesting (278)
[2023.01.20-17.13.59:594][  0]LogModuleManager: Shutting down and abandoning module CollisionAnalyzer (276)
[2023.01.20-17.13.59:594][  0]LogModuleManager: Shutting down and abandoning module WorkspaceMenuStructure (275)
[2023.01.20-17.13.59:594][  0]LogModuleManager: Shutting down and abandoning module UMG (272)
[2023.01.20-17.13.59:594][  0]LogModuleManager: Shutting down and abandoning module UMGEditor (271)
[2023.01.20-17.13.59:594][  0]LogModuleManager: Shutting down and abandoning module MessageLog (269)
[2023.01.20-17.13.59:595][  0]LogModuleManager: Shutting down and abandoning module SlateReflector (264)
[2023.01.20-17.13.59:596][  0]LogModuleManager: Shutting down and abandoning module Slate (262)
[2023.01.20-17.13.59:596][  0]LogModuleManager: Shutting down and abandoning module SlateCore (260)
[2023.01.20-17.13.59:596][  0]LogModuleManager: Shutting down and abandoning module LandscapeEditorUtilities (258)
[2023.01.20-17.13.59:596][  0]LogModuleManager: Shutting down and abandoning module UnrealEd (256)
[2023.01.20-17.13.59:597][  0]LogModuleManager: Shutting down and abandoning module MRMesh (254)
[2023.01.20-17.13.59:597][  0]LogModuleManager: Shutting down and abandoning module SourceCodeAccess (252)
[2023.01.20-17.13.59:597][  0]LogModuleManager: Shutting down and abandoning module HeadMountedDisplay (250)
[2023.01.20-17.13.59:597][  0]LogModuleManager: Shutting down and abandoning module XAudio2 (248)
[2023.01.20-17.13.59:597][  0]LogModuleManager: Shutting down and abandoning module Networking (246)
[2023.01.20-17.13.59:597][  0]LogModuleManager: Shutting down and abandoning module Core (244)
[2023.01.20-17.13.59:597][  0]LogModuleManager: Shutting down and abandoning module MaterialEditor (242)
[2023.01.20-17.13.59:598][  0]LogModuleManager: Shutting down and abandoning module Settings (241)
[2023.01.20-17.13.59:598][  0]LogModuleManager: Shutting down and abandoning module MovieSceneTools (238)
[2023.01.20-17.13.59:598][  0]LogModuleManager: Shutting down and abandoning module CurveEditor (237)
[2023.01.20-17.13.59:599][  0]LogModuleManager: Shutting down and abandoning module Sequencer (235)
[2023.01.20-17.13.59:600][  0]LogModuleManager: Shutting down and abandoning module EditorStyle (234)
[2023.01.20-17.13.59:600][  0]LogModuleManager: Shutting down and abandoning module KismetCompiler (230)
[2023.01.20-17.13.59:600][  0]LogModuleManager: Shutting down and abandoning module MeshBuilder (228)
[2023.01.20-17.13.59:600][  0]LogModuleManager: Shutting down and abandoning module MeshUtilities (226)
[2023.01.20-17.13.59:600][  0]LogModuleManager: Shutting down and abandoning module MeshMergeUtilities (225)
[2023.01.20-17.13.59:600][  0]LogModuleManager: Shutting down and abandoning module MeshReductionInterface (224)
[2023.01.20-17.13.59:600][  0]LogModuleManager: Shutting down and abandoning module MeshBoneReduction (223)
[2023.01.20-17.13.59:600][  0]LogModuleManager: Shutting down and abandoning module SkeletalMeshReduction (221)
[2023.01.20-17.13.59:601][  0]LogModuleManager: Shutting down and abandoning module ProxyLODMeshReduction (219)
[2023.01.20-17.13.59:601][  0]LogModuleManager: Shutting down and abandoning module QuadricMeshReduction (217)
[2023.01.20-17.13.59:601][  0]LogModuleManager: Shutting down and abandoning module MaterialBaking (213)
[2023.01.20-17.13.59:601][  0]LogModuleManager: Shutting down and abandoning module DirectoryWatcher (209)
[2023.01.20-17.13.59:601][  0]LogModuleManager: Shutting down and abandoning module NullInstallBundleManager (206)
[2023.01.20-17.13.59:601][  0]LogModuleManager: Shutting down and abandoning module DerivedDataCache (204)
[2023.01.20-17.13.59:601][  0]LogModuleManager: Shutting down and abandoning module TargetPlatform (202)
[2023.01.20-17.13.59:601][  0]LogModuleManager: Shutting down and abandoning module VulkanShaderFormat (201)
[2023.01.20-17.13.59:601][  0]LogModuleManager: Shutting down and abandoning module ShaderFormatVectorVM (199)
[2023.01.20-17.13.59:602][  0]LogModuleManager: Shutting down and abandoning module ShaderFormatOpenGL (197)
[2023.01.20-17.13.59:602][  0]LogModuleManager: Shutting down and abandoning module ShaderFormatD3D (195)
[2023.01.20-17.13.59:602][  0]LogModuleManager: Shutting down and abandoning module MetalShaderFormat (193)
[2023.01.20-17.13.59:602][  0]LogModuleManager: Shutting down and abandoning module TextureFormatOodle (191)
[2023.01.20-17.13.59:602][  0]LogModuleManager: Shutting down and abandoning module TextureFormatUncompressed (189)
[2023.01.20-17.13.59:602][  0]LogModuleManager: Shutting down and abandoning module TextureFormatPVR (187)
[2023.01.20-17.13.59:602][  0]LogModuleManager: Shutting down and abandoning module TextureFormatETC2 (185)
[2023.01.20-17.13.59:602][  0]LogModuleManager: Shutting down and abandoning module TextureFormatDXT (183)
[2023.01.20-17.13.59:602][  0]LogModuleManager: Shutting down and abandoning module TextureFormatIntelISPCTexComp (181)
[2023.01.20-17.13.59:602][  0]LogModuleManager: Shutting down and abandoning module TextureFormatASTC (179)
[2023.01.20-17.13.59:602][  0]LogModuleManager: Shutting down and abandoning module ImageWrapper (178)
[2023.01.20-17.13.59:602][  0]LogModuleManager: Shutting down and abandoning module AudioFormatOpus (175)
[2023.01.20-17.13.59:602][  0]LogModuleManager: Shutting down and abandoning module AudioFormatOgg (173)
[2023.01.20-17.13.59:602][  0]LogModuleManager: Shutting down and abandoning module AudioFormatADPCM (171)
[2023.01.20-17.13.59:602][  0]LogModuleManager: Shutting down and abandoning module WindowsServerTargetPlatform (169)
[2023.01.20-17.13.59:602][  0]LogModuleManager: Shutting down and abandoning module WindowsClientTargetPlatform (167)
[2023.01.20-17.13.59:602][  0]LogModuleManager: Shutting down and abandoning module WindowsTargetPlatform (165)
[2023.01.20-17.13.59:602][  0]LogModuleManager: Shutting down and abandoning module WindowsNoEditorTargetPlatform (163)
[2023.01.20-17.13.59:602][  0]LogModuleManager: Shutting down and abandoning module TVOSTargetPlatform (161)
[2023.01.20-17.13.59:602][  0]LogModuleManager: Shutting down and abandoning module MacServerTargetPlatform (159)
[2023.01.20-17.13.59:602][  0]LogModuleManager: Shutting down and abandoning module MacClientTargetPlatform (157)
[2023.01.20-17.13.59:602][  0]LogModuleManager: Shutting down and abandoning module MacTargetPlatform (155)
[2023.01.20-17.13.59:602][  0]LogModuleManager: Shutting down and abandoning module MacNoEditorTargetPlatform (153)
[2023.01.20-17.13.59:602][  0]LogModuleManager: Shutting down and abandoning module LuminTargetPlatform (151)
[2023.01.20-17.13.59:603][  0]LogModuleManager: Shutting down and abandoning module LinuxAArch64ServerTargetPlatform (149)
[2023.01.20-17.13.59:603][  0]LogModuleManager: Shutting down and abandoning module LinuxAArch64ClientTargetPlatform (147)
[2023.01.20-17.13.59:603][  0]LogModuleManager: Shutting down and abandoning module LinuxAArch64NoEditorTargetPlatform (145)
[2023.01.20-17.13.59:603][  0]LogModuleManager: Shutting down and abandoning module LinuxServerTargetPlatform (143)
[2023.01.20-17.13.59:603][  0]LogModuleManager: Shutting down and abandoning module LinuxClientTargetPlatform (141)
[2023.01.20-17.13.59:603][  0]LogModuleManager: Shutting down and abandoning module LinuxNoEditorTargetPlatform (139)
[2023.01.20-17.13.59:603][  0]LogModuleManager: Shutting down and abandoning module LinuxTargetPlatform (137)
[2023.01.20-17.13.59:603][  0]LogModuleManager: Shutting down and abandoning module Messaging (135)
[2023.01.20-17.13.59:603][  0]LogModuleManager: Shutting down and abandoning module IOSTargetPlatform (133)
[2023.01.20-17.13.59:603][  0]LogModuleManager: Shutting down and abandoning module AndroidTargetPlatform (131)
[2023.01.20-17.13.59:604][  0]LogModuleManager: Shutting down and abandoning module AllDesktopTargetPlatform (129)
[2023.01.20-17.13.59:604][  0]LogModuleManager: Shutting down and abandoning module NullDrv (126)
[2023.01.20-17.13.59:604][  0]LogModuleManager: Shutting down and abandoning module PhysXCooking (124)
[2023.01.20-17.13.59:604][  0]LogModuleManager: Shutting down and abandoning module Chaos (122)
[2023.01.20-17.13.59:605][  0]LogModuleManager: Shutting down and abandoning module WindowsPlatformFeatures (120)
[2023.01.20-17.13.59:605][  0]LogModuleManager: Shutting down and abandoning module GameplayMediaEncoder (119)
[2023.01.20-17.13.59:605][  0]LogModuleManager: Shutting down and abandoning module AVEncoder (118)
[2023.01.20-17.13.59:605][  0]LogModuleManager: Shutting down and abandoning module ExampleDeviceProfileSelector (114)
[2023.01.20-17.13.59:605][  0]LogModuleManager: Shutting down and abandoning module SteamVRInputDevice (112)
[2023.01.20-17.13.59:605][  0]LogModuleManager: Shutting down and abandoning module SteamVRInput (110)
[2023.01.20-17.13.59:605][  0]LogModuleManager: Shutting down and abandoning module SteamVR (108)
[2023.01.20-17.13.59:605][  0]LogHMD: Freeing OpenVRDLLHandle.
[2023.01.20-17.13.59:605][  0]LogModuleManager: Shutting down and abandoning module OculusHMD (106)
[2023.01.20-17.13.59:605][  0]LogModuleManager: Shutting down and abandoning module OpenXRHandTracking (104)
[2023.01.20-17.13.59:605][  0]LogModuleManager: Shutting down and abandoning module OpenXREyeTracker (102)
[2023.01.20-17.13.59:605][  0]LogModuleManager: Shutting down and abandoning module OpenXRAR (100)
[2023.01.20-17.13.59:605][  0]LogModuleManager: Shutting down and abandoning module AugmentedReality (99)
[2023.01.20-17.13.59:605][  0]LogModuleManager: Shutting down and abandoning module OpenXRHMD (96)
[2023.01.20-17.13.59:605][  0]LogModuleManager: Shutting down and abandoning module LauncherChunkInstaller (94)
[2023.01.20-17.13.59:605][  0]LogModuleManager: Shutting down and abandoning module ChunkDownloader (92)
[2023.01.20-17.13.59:605][  0]LogModuleManager: Shutting down and abandoning module OnlineBlueprintSupport (90)
[2023.01.20-17.13.59:605][  0]LogModuleManager: Shutting down and abandoning module OnlineSubsystem (86)
[2023.01.20-17.13.59:606][  0]LogModuleManager: Shutting down and abandoning module XMPP (81)
[2023.01.20-17.13.59:606][  0]LogModuleManager: Shutting down and abandoning module WebSockets (80)
[2023.01.20-17.13.59:622][  0]LogModuleManager: Shutting down and abandoning module HTTP (77)
[2023.01.20-17.13.59:622][  0]LogHttp: Display: cleaning up 0 outstanding Http requests.
[2023.01.20-17.13.59:644][  0]LogModuleManager: Shutting down and abandoning module SSL (76)
[2023.01.20-17.13.59:645][  0]LogModuleManager: Shutting down and abandoning module MLSDK (72)
[2023.01.20-17.13.59:645][  0]LogModuleManager: Shutting down and abandoning module MagicLeap (70)
[2023.01.20-17.13.59:645][  0]LogModuleManager: Shutting down and abandoning module WmfMedia (68)
[2023.01.20-17.13.59:645][  0]LogModuleManager: Shutting down and abandoning module Media (67)
[2023.01.20-17.13.59:646][  0]LogModuleManager: Shutting down and abandoning module MediaInfo (66)
[2023.01.20-17.13.59:646][  0]LogModuleManager: Shutting down and abandoning module ExrReaderGpu (62)
[2023.01.20-17.13.59:646][  0]LogModuleManager: Shutting down and abandoning module VariantManagerContent (60)
[2023.01.20-17.13.59:646][  0]LogModuleManager: Shutting down and abandoning module DatasmithContent (58)
[2023.01.20-17.13.59:646][  0]LogModuleManager: Shutting down and abandoning module ChaosCloth (56)
[2023.01.20-17.13.59:646][  0]LogModuleManager: Shutting down and abandoning module NiagaraVertexFactories (54)
[2023.01.20-17.13.59:646][  0]LogModuleManager: Shutting down and abandoning module NiagaraShader (52)
[2023.01.20-17.13.59:646][  0]LogModuleManager: Shutting down and abandoning module PixWinPlugin (50)
[2023.01.20-17.13.59:646][  0]LogModuleManager: Shutting down and abandoning module AISupportModule (48)
[2023.01.20-17.13.59:646][  0]LogModuleManager: Shutting down and abandoning module PythonScriptPluginPreload (46)
[2023.01.20-17.13.59:646][  0]LogModuleManager: Shutting down and abandoning module PlatformCryptoOpenSSL (44)
[2023.01.20-17.13.59:646][  0]LogModuleManager: Shutting down and abandoning module PlatformCryptoTypes (42)
[2023.01.20-17.13.59:646][  0]LogModuleManager: Shutting down and abandoning module PlatformCrypto (40)
[2023.01.20-17.13.59:646][  0]LogModuleManager: Shutting down and abandoning module OodleDataCompressionFormat (38)
[2023.01.20-17.13.59:646][  0]LogModuleManager: Shutting down and abandoning module XGEController (36)
[2023.01.20-17.13.59:646][  0]LogXGEController: Cannot use XGE Controller as Incredibuild is not installed on this machine.
[2023.01.20-17.13.59:646][  0]LogModuleManager: Shutting down and abandoning module AnimationModifiers (34)
[2023.01.20-17.13.59:647][  0]LogModuleManager: Shutting down and abandoning module AudioEditor (32)
[2023.01.20-17.13.59:647][  0]LogModuleManager: Shutting down and abandoning module PropertyEditor (31)
[2023.01.20-17.13.59:648][  0]LogModuleManager: Shutting down and abandoning module TextureCompressor (28)
[2023.01.20-17.13.59:648][  0]LogModuleManager: Shutting down and abandoning module RenderCore (26)
[2023.01.20-17.13.59:648][  0]LogModuleManager: Shutting down and abandoning module Landscape (24)
[2023.01.20-17.13.59:648][  0]LogModuleManager: Shutting down and abandoning module SlateRHIRenderer (22)
[2023.01.20-17.13.59:648][  0]LogModuleManager: Shutting down and abandoning module AnimGraphRuntime (20)
[2023.01.20-17.13.59:648][  0]LogModuleManager: Shutting down and abandoning module Renderer (18)
[2023.01.20-17.13.59:648][  0]LogModuleManager: Shutting down and abandoning module Engine (16)
[2023.01.20-17.13.59:649][  0]LogModuleManager: Shutting down and abandoning module CoreUObject (14)
[2023.01.20-17.13.59:649][  0]LogModuleManager: Shutting down and abandoning module NetworkFile (12)
[2023.01.20-17.13.59:649][  0]LogModuleManager: Shutting down and abandoning module CookedIterativeFile (10)
[2023.01.20-17.13.59:649][  0]LogModuleManager: Shutting down and abandoning module StreamingFile (8)
[2023.01.20-17.13.59:649][  0]LogModuleManager: Shutting down and abandoning module SandboxFile (6)
[2023.01.20-17.13.59:649][  0]LogModuleManager: Shutting down and abandoning module PakFile (4)
[2023.01.20-17.13.59:649][  0]LogModuleManager: Shutting down and abandoning module RSA (3)
[2023.01.20-17.13.59:993][  0]LogContentStreaming: Display: There are 1 unreleased StreamingManagers
[2023.01.20-17.14.00:005][  0]LogExit: Exiting.
[2023.01.20-17.14.00:021][  0]Log file closed, 01/20/23 09:14:00
