Log file open, 01/19/23 13:24:12
LogWindows: Failed to load 'aqProf.dll' (GetLastError=126)
LogWindows: File 'aqProf.dll' does not exist
LogWindows: Failed to load 'VtuneApi.dll' (GetLastError=126)
LogWindows: File 'VtuneApi.dll' does not exist
LogWindows: Failed to load 'VtuneApi32e.dll' (GetLastError=126)
LogWindows: File 'VtuneApi32e.dll' does not exist
LogConsoleResponse: Display: Failed to find resolution value strings in scalability ini. Falling back to default.
LogConsoleResponse: Display: Failed to find resolution value strings in scalability ini. Falling back to default.
LogInit: Display: Running engine for game: Week8
LogPlatformFile: Not using cached read wrapper
LogTaskGraph: Started task graph with 5 named threads and 71 total threads with 3 sets of task threads.
LogStats: Stats thread started at 0.197882
LogICUInternationalization: ICU TimeZone Detection - Raw Offset: -8:00, Platform Override: ''
LogInit: Display: Loading text-based GConfig....
LogPluginManager: Mounting plugin MeshPainting
LogPluginManager: Mounting plugin XGEController
LogPluginManager: Mounting plugin Paper2D
LogPluginManager: Mounting plugin AISupport
LogPluginManager: Mounting plugin EnvironmentQueryEditor
LogPluginManager: Mounting plugin LightPropagationVolume
LogPluginManager: Mounting plugin LiveLink
LogPluginManager: Mounting plugin CameraShakePreviewer
LogPluginManager: Mounting plugin GameplayCameras
LogPluginManager: Mounting plugin OodleNetwork
LogPluginManager: Mounting plugin OodleData
LogPluginManager: Mounting plugin DatasmithContent
LogPluginManager: Mounting plugin VariantManagerContent
LogPluginManager: Mounting plugin CLionSourceCodeAccess
LogPluginManager: Mounting plugin AlembicImporter
LogPluginManager: Mounting plugin AnimationSharing
LogPluginManager: Mounting plugin ChaosCloth
LogPluginManager: Mounting plugin BackChannel
LogPluginManager: Mounting plugin ChaosEditor
LogPluginManager: Mounting plugin AutomationUtils
LogPluginManager: Mounting plugin ChaosClothEditor
LogPluginManager: Mounting plugin ChaosNiagara
LogPluginManager: Mounting plugin CharacterAI
LogPluginManager: Mounting plugin AssetManagerEditor
LogPluginManager: Mounting plugin MagicLeap
LogPluginManager: Mounting plugin LuminPlatformFeatures
LogPluginManager: Mounting plugin ChaosSolverPlugin
LogPluginManager: Mounting plugin TcpMessaging
LogPluginManager: Mounting plugin UdpMessaging
LogPluginManager: Mounting plugin MagicLeapLightEstimation
LogPluginManager: Mounting plugin MagicLeapMedia
LogPluginManager: Mounting plugin MagicLeapPassableWorld
LogPluginManager: Mounting plugin MLSDK
LogPluginManager: Mounting plugin Niagara
LogPluginManager: Mounting plugin CodeLiteSourceCodeAccess
LogPluginManager: Mounting plugin KDevelopSourceCodeAccess
LogPluginManager: Mounting plugin NullSourceCodeAccess
LogPluginManager: Mounting plugin GitSourceControl
LogPluginManager: Mounting plugin AndroidMedia
LogPluginManager: Mounting plugin DataValidation
LogPluginManager: Mounting plugin CryptoKeys
LogPluginManager: Mounting plugin PerforceSourceControl
LogPluginManager: Mounting plugin PixWinPlugin
LogPluginManager: Mounting plugin GameplayTagsEditor
LogPluginManager: Mounting plugin CurveEditorTools
LogPluginManager: Mounting plugin GeometryMode
LogPluginManager: Mounting plugin PluginUtils
LogPluginManager: Mounting plugin MacGraphicsSwitching
LogPluginManager: Mounting plugin MobileLauncherProfileWizard
LogPluginManager: Mounting plugin PluginBrowser
LogPluginManager: Mounting plugin PlasticSourceControl
LogPluginManager: Mounting plugin PropertyAccessNode
LogPluginManager: Mounting plugin SubversionSourceControl
LogPluginManager: Mounting plugin TextureFormatOodle
LogPluginManager: Mounting plugin SpeedTreeImporter
LogPluginManager: Mounting plugin RiderSourceCodeAccess
LogPluginManager: Mounting plugin UObjectPlugin
LogPluginManager: Mounting plugin FacialAnimation
LogPluginManager: Mounting plugin AvfMedia
LogPluginManager: Mounting plugin ImgMedia
LogPluginManager: Mounting plugin MediaCompositing
LogPluginManager: Mounting plugin XCodeSourceCodeAccess
LogPluginManager: Mounting plugin ActorSequence
LogPluginManager: Mounting plugin VisualStudioCodeSourceCodeAccess
LogPluginManager: Mounting plugin VisualStudioSourceCodeAccess
LogPluginManager: Mounting plugin WebMMedia
LogPluginManager: Mounting plugin LevelSequenceEditor
LogPluginManager: Mounting plugin WmfMedia
LogPluginManager: Mounting plugin MatineeToLevelSequence
LogPluginManager: Mounting plugin TemplateSequence
LogPluginManager: Mounting plugin MaterialAnalyzer
LogPluginManager: Mounting plugin OnlineSubsystemNull
LogPluginManager: Mounting plugin MediaPlayerEditor
LogPluginManager: Mounting plugin OnlineSubsystemUtils
LogPluginManager: Mounting plugin ActorLayerUtilities
LogPluginManager: Mounting plugin AndroidMoviePlayer
LogPluginManager: Mounting plugin AndroidDeviceProfileSelector
LogPluginManager: Mounting plugin AndroidPermission
LogPluginManager: Mounting plugin AppleMoviePlayer
LogPluginManager: Mounting plugin AssetTags
LogPluginManager: Mounting plugin ArchVisCharacter
LogPluginManager: Mounting plugin AudioSynesthesia
LogPluginManager: Mounting plugin OnlineSubsystem
LogPluginManager: Mounting plugin CableComponent
LogPluginManager: Mounting plugin AudioCapture
LogPluginManager: Mounting plugin AppleImageUtils
LogPluginManager: Mounting plugin LauncherChunkInstaller
LogPluginManager: Mounting plugin ExampleDeviceProfileSelector
LogPluginManager: Mounting plugin EditableMesh
LogPluginManager: Mounting plugin CustomMeshComponent
LogPluginManager: Mounting plugin GoogleCloudMessaging
LogPluginManager: Mounting plugin ChunkDownloader
LogPluginManager: Mounting plugin GooglePAD
LogPluginManager: Mounting plugin LinuxDeviceProfileSelector
LogPluginManager: Mounting plugin IOSDeviceProfileSelector
LogPluginManager: Mounting plugin LocationServicesBPLibrary
LogPluginManager: Mounting plugin MobilePatchingUtils
LogPluginManager: Mounting plugin OpenXR
LogPluginManager: Mounting plugin ScreenshotTools
LogPluginManager: Mounting plugin GeometryCache
LogPluginManager: Mounting plugin GeometryCollectionPlugin
LogPluginManager: Mounting plugin OpenXRHandTracking
LogPluginManager: Mounting plugin PostSplashScreen
LogPluginManager: Mounting plugin ProceduralMeshComponent
LogPluginManager: Mounting plugin RuntimePhysXCooking
LogPluginManager: Mounting plugin OpenXREyeTracker
LogPluginManager: Mounting plugin SoundFields
LogPluginManager: Mounting plugin PropertyAccessEditor
LogPluginManager: Mounting plugin SignificanceManager
LogPluginManager: Mounting plugin Synthesis
LogPluginManager: Mounting plugin PhysXVehicles
LogPluginManager: Mounting plugin WindowsMoviePlayer
LogPluginManager: Mounting plugin WebMMoviePlayer
LogPluginManager: Mounting plugin GeometryProcessing
LogPluginManager: Mounting plugin OpenImageDenoise
LogPluginManager: Mounting plugin MotoSynth
LogPluginManager: Mounting plugin PlanarCut
LogPluginManager: Mounting plugin PythonScriptPlugin
LogPluginManager: Mounting plugin PlatformCrypto
LogPluginManager: Mounting plugin ProxyLODPlugin
LogPluginManager: Mounting plugin SkeletalReduction
LogPluginManager: Mounting plugin Takes
LogPluginManager: Mounting plugin ContentBrowserAssetDataSource
LogPluginManager: Mounting plugin ContentBrowserFileDataSource
LogPluginManager: Mounting plugin ContentBrowserClassDataSource
LogPluginManager: Mounting plugin OnlineSubsystemIOS
LogPluginManager: Mounting plugin OnlineSubsystemGooglePlay
LogPluginManager: Mounting plugin OculusVR
LogPluginManager: Mounting plugin SteamVR
PixWinPlugin: PIX capture plugin failed to initialize! Check that the process is launched from PIX.
LogInit: Using libcurl 7.55.1-DEV
LogInit:  - built for x86_64-pc-win32
LogInit:  - supports SSL with OpenSSL/1.1.1
LogInit:  - supports HTTP deflate (compression) using libz 1.2.8
LogInit:  - other features:
LogInit:      CURL_VERSION_SSL
LogInit:      CURL_VERSION_LIBZ
LogInit:      CURL_VERSION_IPV6
LogInit:      CURL_VERSION_ASYNCHDNS
LogInit:      CURL_VERSION_LARGEFILE
LogInit:      CURL_VERSION_IDN
LogInit:  CurlRequestOptions (configurable via config and command line):
LogInit:  - bVerifyPeer = true  - Libcurl will verify peer certificate
LogInit:  - bUseHttpProxy = false  - Libcurl will NOT use HTTP proxy
LogInit:  - bDontReuseConnections = false  - Libcurl will reuse connections
LogInit:  - MaxHostConnections = 16  - Libcurl will limit the number of connections to a host
LogInit:  - LocalHostAddr = Default
LogInit:  - BufferSize = 65536
LogOnline: OSS: Creating online subsystem instance for: NULL
LogInit: WinSock: version 1.1 (2.2), MaxSocks=32767, MaxUdp=65467
LogOnline: OSS: TryLoadSubsystemAndSetDefault: Loaded subsystem for module [NULL]
LogInit: Build: ++UE4+Release-4.27-CL-18319896
LogInit: Engine Version: 4.27.2-18319896+++UE4+Release-4.27
LogInit: Compatible Engine Version: 4.27.0-17155196+++UE4+Release-4.27
LogInit: Net CL: 17155196
LogInit: OS: Windows 10 (Release 2009) (), CPU: 12th Gen Intel(R) Core(TM) i9-12900KF, GPU: NVIDIA GeForce RTX 3080
LogInit: Compiled (64-bit): Nov 30 2021 07:12:08
LogInit: Compiled with Visual C++: 19.24.28315.00
LogInit: Build Configuration: Development
LogInit: Branch Name: ++UE4+Release-4.27
LogInit: Command Line:  "C:\Users\jenni\Documents\Unreal Projects\Week8\Week8.uproject" -run=VisualStudioTools -unattended -noshadercompile -noaudio -nullrhi -nocpuprofilertrace -nocrashreports -nosplash -output C:\Users\jenni\AppData\Local\Temp\tmp63C9.tmp
LogInit: Base Directory: D:/epic games/UE_4.27/Engine/Binaries/Win64/
LogInit: Allocator: TBB
LogInit: Installed Engine Build: 1
LogDevObjectVersion: Number of dev versions registered: 29
LogDevObjectVersion:   Dev-Blueprints (B0D832E4-1F89-4F0D-ACCF-7EB736FD4AA2): 10
LogDevObjectVersion:   Dev-Build (E1C64328-A22C-4D53-A36C-8E866417BD8C): 0
LogDevObjectVersion:   Dev-Core (375EC13C-06E4-48FB-B500-84F0262A717E): 4
LogDevObjectVersion:   Dev-Editor (E4B068ED-F494-42E9-A231-DA0B2E46BB41): 40
LogDevObjectVersion:   Dev-Framework (CFFC743F-43B0-4480-9391-14DF171D2073): 37
LogDevObjectVersion:   Dev-Mobile (B02B49B5-BB20-44E9-A304-32B752E40360): 3
LogDevObjectVersion:   Dev-Networking (A4E4105C-59A1-49B5-A7C5-40C4547EDFEE): 0
LogDevObjectVersion:   Dev-Online (39C831C9-5AE6-47DC-9A44-9C173E1C8E7C): 0
LogDevObjectVersion:   Dev-Physics (78F01B33-EBEA-4F98-B9B4-84EACCB95AA2): 14
LogDevObjectVersion:   Dev-Platform (6631380F-2D4D-43E0-8009-CF276956A95A): 0
LogDevObjectVersion:   Dev-Rendering (12F88B9F-8875-4AFC-A67C-D90C383ABD29): 45
LogDevObjectVersion:   Dev-Sequencer (7B5AE74C-D270-4C10-A958-57980B212A5A): 13
LogDevObjectVersion:   Dev-VR (D7296918-1DD6-4BDD-9DE2-64A83CC13884): 3
LogDevObjectVersion:   Dev-LoadTimes (C2A15278-BFE7-4AFE-6C17-90FF531DF755): 1
LogDevObjectVersion:   Private-Geometry (6EACA3D4-40EC-4CC1-B786-8BED09428FC5): 3
LogDevObjectVersion:   Dev-AnimPhys (29E575DD-E0A3-4627-9D10-D276232CDCEA): 17
LogDevObjectVersion:   Dev-Anim (AF43A65D-7FD3-4947-9873-3E8ED9C1BB05): 15
LogDevObjectVersion:   Dev-ReflectionCapture (6B266CEC-1EC7-4B8F-A30B-E4D90942FC07): 1
LogDevObjectVersion:   Dev-Automation (0DF73D61-A23F-47EA-B727-89E90C41499A): 1
LogDevObjectVersion:   FortniteMain (601D1886-AC64-4F84-AA16-D3DE0DEAC7D6): 47
LogDevObjectVersion:   FortniteRelease (E7086368-6B23-4C58-8439-1B7016265E91): 1
LogDevObjectVersion:   Dev-Enterprise (9DFFBCD6-494F-0158-E221-12823C92A888): 10
LogDevObjectVersion:   Dev-Niagara (F2AED0AC-9AFE-416F-8664-AA7FFA26D6FC): 1
LogDevObjectVersion:   Dev-Destruction (174F1F0B-B4C6-45A5-B13F-2EE8D0FB917D): 10
LogDevObjectVersion:   Dev-Physics-Ext (35F94A83-E258-406C-A318-09F59610247C): 41
LogDevObjectVersion:   Dev-PhysicsMaterial-Chaos (B68FC16E-8B1B-42E2-B453-215C058844FE): 1
LogDevObjectVersion:   Dev-CineCamera (B2E18506-4273-CFC2-A54E-F4BB758BBA07): 1
LogDevObjectVersion:   Dev-VirtualProduction (64F58936-FD1B-42BA-BA96-7289D5D0FA4E): 1
LogDevObjectVersion:   Dev-MediaFramework (6F0ED827-A609-4895-9C91-998D90180EA4): 2
LogInit: Presizing for max 25165824 objects, including 0 objects not considered by GC, pre-allocating 0 bytes for permanent pool.
LogConfig: Applying CVar settings from Section [/Script/Engine.StreamingSettings] File [C:/Users/jenni/Documents/Unreal Projects/Week8/Saved/Config/Windows/Engine.ini]
LogConfig: Setting CVar [[s.MinBulkDataSizeForAsyncLoading:131072]]
LogConfig: Setting CVar [[s.AsyncLoadingThreadEnabled:0]]
LogConfig: Setting CVar [[s.EventDrivenLoaderEnabled:1]]
LogConfig: Setting CVar [[s.WarnIfTimeLimitExceeded:0]]
LogConfig: Setting CVar [[s.TimeLimitExceededMultiplier:1.5]]
LogConfig: Setting CVar [[s.TimeLimitExceededMinTime:0.005]]
LogConfig: Setting CVar [[s.UseBackgroundLevelStreaming:1]]
LogConfig: Setting CVar [[s.PriorityAsyncLoadingExtraTime:15.0]]
LogConfig: Setting CVar [[s.LevelStreamingActorsUpdateTimeLimit:5.0]]
LogConfig: Setting CVar [[s.PriorityLevelStreamingActorsUpdateExtraTime:5.0]]
LogConfig: Setting CVar [[s.LevelStreamingComponentsRegistrationGranularity:10]]
LogConfig: Setting CVar [[s.UnregisterComponentsTimeLimit:1.0]]
LogConfig: Setting CVar [[s.LevelStreamingComponentsUnregistrationGranularity:5]]
LogConfig: Setting CVar [[s.FlushStreamingOnExit:1]]
LogInit: Object subsystem initialized
LogConfig: Setting CVar [[con.DebugEarlyDefault:1]]
LogConfig: Setting CVar [[r.setres:1280x720]]
[2023.01.19-21.24.12:834][  0]LogConfig: Setting CVar [[con.DebugEarlyDefault:1]]
[2023.01.19-21.24.12:834][  0]LogConfig: Setting CVar [[r.setres:1280x720]]
[2023.01.19-21.24.12:834][  0]LogConfig: Applying CVar settings from Section [/Script/Engine.RendererSettings] File [C:/Users/jenni/Documents/Unreal Projects/Week8/Saved/Config/Windows/Engine.ini]
[2023.01.19-21.24.12:834][  0]LogConfig: Setting CVar [[r.GPUCrashDebugging:0]]
[2023.01.19-21.24.12:834][  0]LogConfig: Applying CVar settings from Section [/Script/Engine.RendererOverrideSettings] File [C:/Users/jenni/Documents/Unreal Projects/Week8/Saved/Config/Windows/Engine.ini]
[2023.01.19-21.24.12:834][  0]LogConfig: Applying CVar settings from Section [/Script/Engine.StreamingSettings] File [C:/Users/jenni/Documents/Unreal Projects/Week8/Saved/Config/Windows/Engine.ini]
[2023.01.19-21.24.12:834][  0]LogConfig: Setting CVar [[s.MinBulkDataSizeForAsyncLoading:131072]]
[2023.01.19-21.24.12:834][  0]LogConfig: Setting CVar [[s.AsyncLoadingThreadEnabled:0]]
[2023.01.19-21.24.12:834][  0]LogConfig: Setting CVar [[s.EventDrivenLoaderEnabled:1]]
[2023.01.19-21.24.12:834][  0]LogConfig: Setting CVar [[s.WarnIfTimeLimitExceeded:0]]
[2023.01.19-21.24.12:834][  0]LogConfig: Setting CVar [[s.TimeLimitExceededMultiplier:1.5]]
[2023.01.19-21.24.12:834][  0]LogConfig: Setting CVar [[s.TimeLimitExceededMinTime:0.005]]
[2023.01.19-21.24.12:834][  0]LogConfig: Setting CVar [[s.UseBackgroundLevelStreaming:1]]
[2023.01.19-21.24.12:834][  0]LogConfig: Setting CVar [[s.PriorityAsyncLoadingExtraTime:15.0]]
[2023.01.19-21.24.12:834][  0]LogConfig: Setting CVar [[s.LevelStreamingActorsUpdateTimeLimit:5.0]]
[2023.01.19-21.24.12:834][  0]LogConfig: Setting CVar [[s.PriorityLevelStreamingActorsUpdateExtraTime:5.0]]
[2023.01.19-21.24.12:834][  0]LogConfig: Setting CVar [[s.LevelStreamingComponentsRegistrationGranularity:10]]
[2023.01.19-21.24.12:834][  0]LogConfig: Setting CVar [[s.UnregisterComponentsTimeLimit:1.0]]
[2023.01.19-21.24.12:834][  0]LogConfig: Setting CVar [[s.LevelStreamingComponentsUnregistrationGranularity:5]]
[2023.01.19-21.24.12:834][  0]LogConfig: Setting CVar [[s.FlushStreamingOnExit:1]]
[2023.01.19-21.24.12:834][  0]LogConfig: Applying CVar settings from Section [/Script/Engine.GarbageCollectionSettings] File [C:/Users/jenni/Documents/Unreal Projects/Week8/Saved/Config/Windows/Engine.ini]
[2023.01.19-21.24.12:834][  0]LogConfig: Setting CVar [[gc.MaxObjectsNotConsideredByGC:1]]
[2023.01.19-21.24.12:834][  0]LogConfig: Setting CVar [[gc.SizeOfPermanentObjectPool:0]]
[2023.01.19-21.24.12:834][  0]LogConfig: Setting CVar [[gc.FlushStreamingOnGC:0]]
[2023.01.19-21.24.12:834][  0]LogConfig: Setting CVar [[gc.NumRetriesBeforeForcingGC:10]]
[2023.01.19-21.24.12:834][  0]LogConfig: Setting CVar [[gc.AllowParallelGC:1]]
[2023.01.19-21.24.12:834][  0]LogConfig: Setting CVar [[gc.TimeBetweenPurgingPendingKillObjects:61.1]]
[2023.01.19-21.24.12:834][  0]LogConfig: Setting CVar [[gc.MaxObjectsInEditor:25165824]]
[2023.01.19-21.24.12:834][  0]LogConfig: Setting CVar [[gc.IncrementalBeginDestroyEnabled:1]]
[2023.01.19-21.24.12:834][  0]LogConfig: Setting CVar [[gc.CreateGCClusters:1]]
[2023.01.19-21.24.12:834][  0]LogConfig: Setting CVar [[gc.MinGCClusterSize:5]]
[2023.01.19-21.24.12:834][  0]LogConfig: Setting CVar [[gc.ActorClusteringEnabled:0]]
[2023.01.19-21.24.12:834][  0]LogConfig: Setting CVar [[gc.BlueprintClusteringEnabled:0]]
[2023.01.19-21.24.12:834][  0]LogConfig: Setting CVar [[gc.UseDisregardForGCOnDedicatedServers:0]]
[2023.01.19-21.24.12:834][  0]LogConfig: Setting CVar [[gc.MultithreadedDestructionEnabled:1]]
[2023.01.19-21.24.12:834][  0]LogConfig: Applying CVar settings from Section [/Script/Engine.NetworkSettings] File [C:/Users/jenni/Documents/Unreal Projects/Week8/Saved/Config/Windows/Engine.ini]
[2023.01.19-21.24.12:834][  0]LogConfig: Applying CVar settings from Section [/Script/UnrealEd.CookerSettings] File [C:/Users/jenni/Documents/Unreal Projects/Week8/Saved/Config/Windows/Engine.ini]
[2023.01.19-21.24.12:834][  0]LogConfig: Applying CVar settings from Section [ViewDistanceQuality@3] File [C:/Users/jenni/Documents/Unreal Projects/Week8/Saved/Config/Windows/Scalability.ini]
[2023.01.19-21.24.12:834][  0]LogConfig: Setting CVar [[r.SkeletalMeshLODBias:0]]
[2023.01.19-21.24.12:834][  0]LogConfig: Setting CVar [[r.ViewDistanceScale:1.0]]
[2023.01.19-21.24.12:834][  0]LogConfig: Applying CVar settings from Section [AntiAliasingQuality@3] File [C:/Users/jenni/Documents/Unreal Projects/Week8/Saved/Config/Windows/Scalability.ini]
[2023.01.19-21.24.12:834][  0]LogConfig: Setting CVar [[r.PostProcessAAQuality:4]]
[2023.01.19-21.24.12:834][  0]LogConfig: Applying CVar settings from Section [ShadowQuality@3] File [C:/Users/jenni/Documents/Unreal Projects/Week8/Saved/Config/Windows/Scalability.ini]
[2023.01.19-21.24.12:834][  0]LogConfig: Setting CVar [[r.LightFunctionQuality:1]]
[2023.01.19-21.24.12:834][  0]LogConfig: Setting CVar [[r.ShadowQuality:5]]
[2023.01.19-21.24.12:834][  0]LogConfig: Setting CVar [[r.Shadow.CSM.MaxCascades:10]]
[2023.01.19-21.24.12:834][  0]LogConfig: Setting CVar [[r.Shadow.MaxResolution:2048]]
[2023.01.19-21.24.12:834][  0]LogConfig: Setting CVar [[r.Shadow.MaxCSMResolution:2048]]
[2023.01.19-21.24.12:834][  0]LogConfig: Setting CVar [[r.Shadow.RadiusThreshold:0.01]]
[2023.01.19-21.24.12:834][  0]LogConfig: Setting CVar [[r.Shadow.DistanceScale:1.0]]
[2023.01.19-21.24.12:834][  0]LogConfig: Setting CVar [[r.Shadow.CSM.TransitionScale:1.0]]
[2023.01.19-21.24.12:834][  0]LogConfig: Setting CVar [[r.Shadow.PreShadowResolutionFactor:1.0]]
[2023.01.19-21.24.12:834][  0]LogConfig: Setting CVar [[r.DistanceFieldShadowing:1]]
[2023.01.19-21.24.12:834][  0]LogConfig: Setting CVar [[r.DistanceFieldAO:1]]
[2023.01.19-21.24.12:834][  0]LogConfig: Setting CVar [[r.AOQuality:2]]
[2023.01.19-21.24.12:834][  0]LogConfig: Setting CVar [[r.VolumetricFog:1]]
[2023.01.19-21.24.12:834][  0]LogConfig: Setting CVar [[r.VolumetricFog.GridPixelSize:8]]
[2023.01.19-21.24.12:834][  0]LogConfig: Setting CVar [[r.VolumetricFog.GridSizeZ:128]]
[2023.01.19-21.24.12:834][  0]LogConfig: Setting CVar [[r.VolumetricFog.HistoryMissSupersampleCount:4]]
[2023.01.19-21.24.12:834][  0]LogConfig: Setting CVar [[r.LightMaxDrawDistanceScale:1]]
[2023.01.19-21.24.12:834][  0]LogConfig: Setting CVar [[r.CapsuleShadows:1]]
[2023.01.19-21.24.12:834][  0]LogConfig: Applying CVar settings from Section [PostProcessQuality@3] File [C:/Users/jenni/Documents/Unreal Projects/Week8/Saved/Config/Windows/Scalability.ini]
[2023.01.19-21.24.12:834][  0]LogConfig: Setting CVar [[r.MotionBlurQuality:4]]
[2023.01.19-21.24.12:834][  0]LogConfig: Setting CVar [[r.AmbientOcclusionMipLevelFactor:0.4]]
[2023.01.19-21.24.12:834][  0]LogConfig: Setting CVar [[r.AmbientOcclusionMaxQuality:100]]
[2023.01.19-21.24.12:834][  0]LogConfig: Setting CVar [[r.AmbientOcclusionLevels:-1]]
[2023.01.19-21.24.12:834][  0]LogConfig: Setting CVar [[r.AmbientOcclusionRadiusScale:1.0]]
[2023.01.19-21.24.12:834][  0]LogConfig: Setting CVar [[r.DepthOfFieldQuality:2]]
[2023.01.19-21.24.12:834][  0]LogConfig: Setting CVar [[r.RenderTargetPoolMin:400]]
[2023.01.19-21.24.12:834][  0]LogConfig: Setting CVar [[r.LensFlareQuality:2]]
[2023.01.19-21.24.12:834][  0]LogConfig: Setting CVar [[r.SceneColorFringeQuality:1]]
[2023.01.19-21.24.12:834][  0]LogConfig: Setting CVar [[r.EyeAdaptationQuality:2]]
[2023.01.19-21.24.12:834][  0]LogConfig: Setting CVar [[r.BloomQuality:5]]
[2023.01.19-21.24.12:834][  0]LogConfig: Setting CVar [[r.FastBlurThreshold:100]]
[2023.01.19-21.24.12:834][  0]LogConfig: Setting CVar [[r.Upscale.Quality:3]]
[2023.01.19-21.24.12:834][  0]LogConfig: Setting CVar [[r.Tonemapper.GrainQuantization:1]]
[2023.01.19-21.24.12:834][  0]LogConfig: Setting CVar [[r.LightShaftQuality:1]]
[2023.01.19-21.24.12:834][  0]LogConfig: Setting CVar [[r.Filter.SizeScale:1]]
[2023.01.19-21.24.12:834][  0]LogConfig: Setting CVar [[r.Tonemapper.Quality:5]]
[2023.01.19-21.24.12:834][  0]LogConfig: Setting CVar [[r.DOF.Gather.AccumulatorQuality:1        ; higher gathering accumulator quality]]
[2023.01.19-21.24.12:834][  0]LogConfig: Setting CVar [[r.DOF.Gather.PostfilterMethod:1          ; Median3x3 postfilering method]]
[2023.01.19-21.24.12:834][  0]LogConfig: Setting CVar [[r.DOF.Gather.EnableBokehSettings:0       ; no bokeh simulation when gathering]]
[2023.01.19-21.24.12:834][  0]LogConfig: Setting CVar [[r.DOF.Gather.RingCount:4                 ; medium number of samples when gathering]]
[2023.01.19-21.24.12:834][  0]LogConfig: Setting CVar [[r.DOF.Scatter.ForegroundCompositing:1    ; additive foreground scattering]]
[2023.01.19-21.24.12:834][  0]LogConfig: Setting CVar [[r.DOF.Scatter.BackgroundCompositing:2    ; additive background scattering]]
[2023.01.19-21.24.12:834][  0]LogConfig: Setting CVar [[r.DOF.Scatter.EnableBokehSettings:1      ; bokeh simulation when scattering]]
[2023.01.19-21.24.12:834][  0]LogConfig: Setting CVar [[r.DOF.Scatter.MaxSpriteRatio:0.1         ; only a maximum of 10% of scattered bokeh]]
[2023.01.19-21.24.12:834][  0]LogConfig: Setting CVar [[r.DOF.Recombine.Quality:1                ; cheap slight out of focus]]
[2023.01.19-21.24.12:834][  0]LogConfig: Setting CVar [[r.DOF.Recombine.EnableBokehSettings:0    ; no bokeh simulation on slight out of focus]]
[2023.01.19-21.24.12:834][  0]LogConfig: Setting CVar [[r.DOF.TemporalAAQuality:1                ; more stable temporal accumulation]]
[2023.01.19-21.24.12:834][  0]LogConfig: Setting CVar [[r.DOF.Kernel.MaxForegroundRadius:0.025]]
[2023.01.19-21.24.12:834][  0]LogConfig: Setting CVar [[r.DOF.Kernel.MaxBackgroundRadius:0.025]]
[2023.01.19-21.24.12:834][  0]LogConfig: Applying CVar settings from Section [TextureQuality@3] File [C:/Users/jenni/Documents/Unreal Projects/Week8/Saved/Config/Windows/Scalability.ini]
[2023.01.19-21.24.12:834][  0]LogConfig: Setting CVar [[r.Streaming.MipBias:0]]
[2023.01.19-21.24.12:834][  0]LogConfig: Setting CVar [[r.Streaming.AmortizeCPUToGPUCopy:0]]
[2023.01.19-21.24.12:834][  0]LogConfig: Setting CVar [[r.Streaming.MaxNumTexturesToStreamPerFrame:0]]
[2023.01.19-21.24.12:834][  0]LogConfig: Setting CVar [[r.Streaming.Boost:1]]
[2023.01.19-21.24.12:834][  0]LogConfig: Setting CVar [[r.MaxAnisotropy:8]]
[2023.01.19-21.24.12:834][  0]LogConfig: Setting CVar [[r.VT.MaxAnisotropy:8]]
[2023.01.19-21.24.12:834][  0]LogConfig: Setting CVar [[r.Streaming.LimitPoolSizeToVRAM:0]]
[2023.01.19-21.24.12:834][  0]LogConfig: Setting CVar [[r.Streaming.PoolSize:1000]]
[2023.01.19-21.24.12:834][  0]LogConfig: Setting CVar [[r.Streaming.MaxEffectiveScreenSize:0]]
[2023.01.19-21.24.12:834][  0]LogConfig: Applying CVar settings from Section [EffectsQuality@3] File [C:/Users/jenni/Documents/Unreal Projects/Week8/Saved/Config/Windows/Scalability.ini]
[2023.01.19-21.24.12:834][  0]LogConfig: Setting CVar [[r.TranslucencyLightingVolumeDim:64]]
[2023.01.19-21.24.12:834][  0]LogConfig: Setting CVar [[r.RefractionQuality:2]]
[2023.01.19-21.24.12:834][  0]LogConfig: Setting CVar [[r.SSR.Quality:3]]
[2023.01.19-21.24.12:834][  0]LogConfig: Setting CVar [[r.SSR.HalfResSceneColor:0]]
[2023.01.19-21.24.12:834][  0]LogConfig: Setting CVar [[r.SceneColorFormat:4]]
[2023.01.19-21.24.12:834][  0]LogConfig: Setting CVar [[r.DetailMode:2]]
[2023.01.19-21.24.12:834][  0]LogConfig: Setting CVar [[r.TranslucencyVolumeBlur:1]]
[2023.01.19-21.24.12:834][  0]LogConfig: Setting CVar [[r.MaterialQualityLevel:1 ; High quality]]
[2023.01.19-21.24.12:834][  0]LogConfig: Setting CVar [[r.AnisotropicMaterials:1]]
[2023.01.19-21.24.12:834][  0]LogConfig: Setting CVar [[r.SSS.Scale:1]]
[2023.01.19-21.24.12:834][  0]LogConfig: Setting CVar [[r.SSS.SampleSet:2]]
[2023.01.19-21.24.12:834][  0]LogConfig: Setting CVar [[r.SSS.Quality:1]]
[2023.01.19-21.24.12:834][  0]LogConfig: Setting CVar [[r.SSS.HalfRes:0]]
[2023.01.19-21.24.12:834][  0]LogConfig: Setting CVar [[r.SSGI.Quality:3]]
[2023.01.19-21.24.12:834][  0]LogConfig: Setting CVar [[r.EmitterSpawnRateScale:1.0]]
[2023.01.19-21.24.12:834][  0]LogConfig: Setting CVar [[r.ParticleLightQuality:2]]
[2023.01.19-21.24.12:834][  0]LogConfig: Setting CVar [[r.SkyAtmosphere.AerialPerspectiveLUT.FastApplyOnOpaque:1 ; Always have FastSkyLUT 1 in this case to avoid wrong sky]]
[2023.01.19-21.24.12:834][  0]LogConfig: Setting CVar [[r.SkyAtmosphere.AerialPerspectiveLUT.SampleCountMaxPerSlice:4]]
[2023.01.19-21.24.12:834][  0]LogConfig: Setting CVar [[r.SkyAtmosphere.AerialPerspectiveLUT.DepthResolution:16.0]]
[2023.01.19-21.24.12:834][  0]LogConfig: Setting CVar [[r.SkyAtmosphere.FastSkyLUT:1]]
[2023.01.19-21.24.12:834][  0]LogConfig: Setting CVar [[r.SkyAtmosphere.FastSkyLUT.SampleCountMin:4.0]]
[2023.01.19-21.24.12:834][  0]LogConfig: Setting CVar [[r.SkyAtmosphere.FastSkyLUT.SampleCountMax:128.0]]
[2023.01.19-21.24.12:834][  0]LogConfig: Setting CVar [[r.SkyAtmosphere.SampleCountMin:4.0]]
[2023.01.19-21.24.12:834][  0]LogConfig: Setting CVar [[r.SkyAtmosphere.SampleCountMax:128.0]]
[2023.01.19-21.24.12:834][  0]LogConfig: Setting CVar [[r.SkyAtmosphere.TransmittanceLUT.UseSmallFormat:0]]
[2023.01.19-21.24.12:834][  0]LogConfig: Setting CVar [[r.SkyAtmosphere.TransmittanceLUT.SampleCount:10.0]]
[2023.01.19-21.24.12:834][  0]LogConfig: Setting CVar [[r.SkyAtmosphere.MultiScatteringLUT.SampleCount:15.0]]
[2023.01.19-21.24.12:834][  0]LogConfig: Setting CVar [[r.SkyLight.RealTimeReflectionCapture:1]]
[2023.01.19-21.24.12:834][  0]LogConfig: Applying CVar settings from Section [FoliageQuality@3] File [C:/Users/jenni/Documents/Unreal Projects/Week8/Saved/Config/Windows/Scalability.ini]
[2023.01.19-21.24.12:834][  0]LogConfig: Setting CVar [[foliage.DensityScale:1.0]]
[2023.01.19-21.24.12:834][  0]LogConfig: Setting CVar [[grass.DensityScale:1.0]]
[2023.01.19-21.24.12:834][  0]LogConfig: Applying CVar settings from Section [ShadingQuality@3] File [C:/Users/jenni/Documents/Unreal Projects/Week8/Saved/Config/Windows/Scalability.ini]
[2023.01.19-21.24.12:834][  0]LogConfig: Setting CVar [[r.HairStrands.SkyLighting.IntegrationType:2]]
[2023.01.19-21.24.12:834][  0]LogConfig: Setting CVar [[r.HairStrands.SkyAO.SampleCount:4]]
[2023.01.19-21.24.12:834][  0]LogConfig: Setting CVar [[r.HairStrands.Visibility.MSAA.SamplePerPixel:4]]
[2023.01.19-21.24.12:836][  0]LogInit: Selected Device Profile: [Windows]
[2023.01.19-21.24.12:836][  0]LogInit: Applying CVar settings loaded from the selected device profile: [Windows]
[2023.01.19-21.24.12:836][  0]LogHAL: Display: Platform has ~ 32 GB [34141798400 / 34359738368 / 32], which maps to Largest [LargestMinGB=32, LargerMinGB=12, DefaultMinGB=8, SmallerMinGB=6, SmallestMinGB=0)
[2023.01.19-21.24.12:836][  0]LogInit: Going up to parent DeviceProfile []
[2023.01.19-21.24.12:836][  0]LogConfig: Applying CVar settings from Section [ViewDistanceQuality@3] File [C:/Users/jenni/Documents/Unreal Projects/Week8/Saved/Config/Windows/Scalability.ini]
[2023.01.19-21.24.12:836][  0]LogConfig: Setting CVar [[r.SkeletalMeshLODBias:0]]
[2023.01.19-21.24.12:836][  0]LogConfig: Setting CVar [[r.ViewDistanceScale:1.0]]
[2023.01.19-21.24.12:836][  0]LogConfig: Applying CVar settings from Section [AntiAliasingQuality@3] File [C:/Users/jenni/Documents/Unreal Projects/Week8/Saved/Config/Windows/Scalability.ini]
[2023.01.19-21.24.12:836][  0]LogConfig: Setting CVar [[r.PostProcessAAQuality:4]]
[2023.01.19-21.24.12:836][  0]LogConfig: Applying CVar settings from Section [ShadowQuality@3] File [C:/Users/jenni/Documents/Unreal Projects/Week8/Saved/Config/Windows/Scalability.ini]
[2023.01.19-21.24.12:836][  0]LogConfig: Setting CVar [[r.LightFunctionQuality:1]]
[2023.01.19-21.24.12:836][  0]LogConfig: Setting CVar [[r.ShadowQuality:5]]
[2023.01.19-21.24.12:836][  0]LogConfig: Setting CVar [[r.Shadow.CSM.MaxCascades:10]]
[2023.01.19-21.24.12:836][  0]LogConfig: Setting CVar [[r.Shadow.MaxResolution:2048]]
[2023.01.19-21.24.12:836][  0]LogConfig: Setting CVar [[r.Shadow.MaxCSMResolution:2048]]
[2023.01.19-21.24.12:836][  0]LogConfig: Setting CVar [[r.Shadow.RadiusThreshold:0.01]]
[2023.01.19-21.24.12:836][  0]LogConfig: Setting CVar [[r.Shadow.DistanceScale:1.0]]
[2023.01.19-21.24.12:836][  0]LogConfig: Setting CVar [[r.Shadow.CSM.TransitionScale:1.0]]
[2023.01.19-21.24.12:836][  0]LogConfig: Setting CVar [[r.Shadow.PreShadowResolutionFactor:1.0]]
[2023.01.19-21.24.12:836][  0]LogConfig: Setting CVar [[r.DistanceFieldShadowing:1]]
[2023.01.19-21.24.12:836][  0]LogConfig: Setting CVar [[r.DistanceFieldAO:1]]
[2023.01.19-21.24.12:836][  0]LogConfig: Setting CVar [[r.AOQuality:2]]
[2023.01.19-21.24.12:836][  0]LogConfig: Setting CVar [[r.VolumetricFog:1]]
[2023.01.19-21.24.12:836][  0]LogConfig: Setting CVar [[r.VolumetricFog.GridPixelSize:8]]
[2023.01.19-21.24.12:836][  0]LogConfig: Setting CVar [[r.VolumetricFog.GridSizeZ:128]]
[2023.01.19-21.24.12:836][  0]LogConfig: Setting CVar [[r.VolumetricFog.HistoryMissSupersampleCount:4]]
[2023.01.19-21.24.12:836][  0]LogConfig: Setting CVar [[r.LightMaxDrawDistanceScale:1]]
[2023.01.19-21.24.12:836][  0]LogConfig: Setting CVar [[r.CapsuleShadows:1]]
[2023.01.19-21.24.12:836][  0]LogConfig: Applying CVar settings from Section [PostProcessQuality@3] File [C:/Users/jenni/Documents/Unreal Projects/Week8/Saved/Config/Windows/Scalability.ini]
[2023.01.19-21.24.12:836][  0]LogConfig: Setting CVar [[r.MotionBlurQuality:4]]
[2023.01.19-21.24.12:836][  0]LogConfig: Setting CVar [[r.AmbientOcclusionMipLevelFactor:0.4]]
[2023.01.19-21.24.12:836][  0]LogConfig: Setting CVar [[r.AmbientOcclusionMaxQuality:100]]
[2023.01.19-21.24.12:836][  0]LogConfig: Setting CVar [[r.AmbientOcclusionLevels:-1]]
[2023.01.19-21.24.12:836][  0]LogConfig: Setting CVar [[r.AmbientOcclusionRadiusScale:1.0]]
[2023.01.19-21.24.12:836][  0]LogConfig: Setting CVar [[r.DepthOfFieldQuality:2]]
[2023.01.19-21.24.12:836][  0]LogConfig: Setting CVar [[r.RenderTargetPoolMin:400]]
[2023.01.19-21.24.12:836][  0]LogConfig: Setting CVar [[r.LensFlareQuality:2]]
[2023.01.19-21.24.12:836][  0]LogConfig: Setting CVar [[r.SceneColorFringeQuality:1]]
[2023.01.19-21.24.12:836][  0]LogConfig: Setting CVar [[r.EyeAdaptationQuality:2]]
[2023.01.19-21.24.12:836][  0]LogConfig: Setting CVar [[r.BloomQuality:5]]
[2023.01.19-21.24.12:836][  0]LogConfig: Setting CVar [[r.FastBlurThreshold:100]]
[2023.01.19-21.24.12:836][  0]LogConfig: Setting CVar [[r.Upscale.Quality:3]]
[2023.01.19-21.24.12:836][  0]LogConfig: Setting CVar [[r.Tonemapper.GrainQuantization:1]]
[2023.01.19-21.24.12:836][  0]LogConfig: Setting CVar [[r.LightShaftQuality:1]]
[2023.01.19-21.24.12:836][  0]LogConfig: Setting CVar [[r.Filter.SizeScale:1]]
[2023.01.19-21.24.12:836][  0]LogConfig: Setting CVar [[r.Tonemapper.Quality:5]]
[2023.01.19-21.24.12:836][  0]LogConfig: Setting CVar [[r.DOF.Gather.AccumulatorQuality:1        ; higher gathering accumulator quality]]
[2023.01.19-21.24.12:836][  0]LogConfig: Setting CVar [[r.DOF.Gather.PostfilterMethod:1          ; Median3x3 postfilering method]]
[2023.01.19-21.24.12:836][  0]LogConfig: Setting CVar [[r.DOF.Gather.EnableBokehSettings:0       ; no bokeh simulation when gathering]]
[2023.01.19-21.24.12:836][  0]LogConfig: Setting CVar [[r.DOF.Gather.RingCount:4                 ; medium number of samples when gathering]]
[2023.01.19-21.24.12:836][  0]LogConfig: Setting CVar [[r.DOF.Scatter.ForegroundCompositing:1    ; additive foreground scattering]]
[2023.01.19-21.24.12:836][  0]LogConfig: Setting CVar [[r.DOF.Scatter.BackgroundCompositing:2    ; additive background scattering]]
[2023.01.19-21.24.12:836][  0]LogConfig: Setting CVar [[r.DOF.Scatter.EnableBokehSettings:1      ; bokeh simulation when scattering]]
[2023.01.19-21.24.12:836][  0]LogConfig: Setting CVar [[r.DOF.Scatter.MaxSpriteRatio:0.1         ; only a maximum of 10% of scattered bokeh]]
[2023.01.19-21.24.12:836][  0]LogConfig: Setting CVar [[r.DOF.Recombine.Quality:1                ; cheap slight out of focus]]
[2023.01.19-21.24.12:836][  0]LogConfig: Setting CVar [[r.DOF.Recombine.EnableBokehSettings:0    ; no bokeh simulation on slight out of focus]]
[2023.01.19-21.24.12:836][  0]LogConfig: Setting CVar [[r.DOF.TemporalAAQuality:1                ; more stable temporal accumulation]]
[2023.01.19-21.24.12:836][  0]LogConfig: Setting CVar [[r.DOF.Kernel.MaxForegroundRadius:0.025]]
[2023.01.19-21.24.12:836][  0]LogConfig: Setting CVar [[r.DOF.Kernel.MaxBackgroundRadius:0.025]]
[2023.01.19-21.24.12:836][  0]LogConfig: Applying CVar settings from Section [TextureQuality@3] File [C:/Users/jenni/Documents/Unreal Projects/Week8/Saved/Config/Windows/Scalability.ini]
[2023.01.19-21.24.12:836][  0]LogConfig: Setting CVar [[r.Streaming.MipBias:0]]
[2023.01.19-21.24.12:836][  0]LogConfig: Setting CVar [[r.Streaming.AmortizeCPUToGPUCopy:0]]
[2023.01.19-21.24.12:836][  0]LogConfig: Setting CVar [[r.Streaming.MaxNumTexturesToStreamPerFrame:0]]
[2023.01.19-21.24.12:836][  0]LogConfig: Setting CVar [[r.Streaming.Boost:1]]
[2023.01.19-21.24.12:836][  0]LogConfig: Setting CVar [[r.MaxAnisotropy:8]]
[2023.01.19-21.24.12:836][  0]LogConfig: Setting CVar [[r.VT.MaxAnisotropy:8]]
[2023.01.19-21.24.12:836][  0]LogConfig: Setting CVar [[r.Streaming.LimitPoolSizeToVRAM:0]]
[2023.01.19-21.24.12:836][  0]LogConfig: Setting CVar [[r.Streaming.PoolSize:1000]]
[2023.01.19-21.24.12:836][  0]LogConfig: Setting CVar [[r.Streaming.MaxEffectiveScreenSize:0]]
[2023.01.19-21.24.12:836][  0]LogConfig: Applying CVar settings from Section [EffectsQuality@3] File [C:/Users/jenni/Documents/Unreal Projects/Week8/Saved/Config/Windows/Scalability.ini]
[2023.01.19-21.24.12:836][  0]LogConfig: Setting CVar [[r.TranslucencyLightingVolumeDim:64]]
[2023.01.19-21.24.12:836][  0]LogConfig: Setting CVar [[r.RefractionQuality:2]]
[2023.01.19-21.24.12:836][  0]LogConfig: Setting CVar [[r.SSR.Quality:3]]
[2023.01.19-21.24.12:836][  0]LogConfig: Setting CVar [[r.SSR.HalfResSceneColor:0]]
[2023.01.19-21.24.12:836][  0]LogConfig: Setting CVar [[r.SceneColorFormat:4]]
[2023.01.19-21.24.12:836][  0]LogConfig: Setting CVar [[r.DetailMode:2]]
[2023.01.19-21.24.12:836][  0]LogConfig: Setting CVar [[r.TranslucencyVolumeBlur:1]]
[2023.01.19-21.24.12:836][  0]LogConfig: Setting CVar [[r.MaterialQualityLevel:1 ; High quality]]
[2023.01.19-21.24.12:836][  0]LogConfig: Setting CVar [[r.AnisotropicMaterials:1]]
[2023.01.19-21.24.12:836][  0]LogConfig: Setting CVar [[r.SSS.Scale:1]]
[2023.01.19-21.24.12:836][  0]LogConfig: Setting CVar [[r.SSS.SampleSet:2]]
[2023.01.19-21.24.12:836][  0]LogConfig: Setting CVar [[r.SSS.Quality:1]]
[2023.01.19-21.24.12:836][  0]LogConfig: Setting CVar [[r.SSS.HalfRes:0]]
[2023.01.19-21.24.12:836][  0]LogConfig: Setting CVar [[r.SSGI.Quality:3]]
[2023.01.19-21.24.12:836][  0]LogConfig: Setting CVar [[r.EmitterSpawnRateScale:1.0]]
[2023.01.19-21.24.12:836][  0]LogConfig: Setting CVar [[r.ParticleLightQuality:2]]
[2023.01.19-21.24.12:836][  0]LogConfig: Setting CVar [[r.SkyAtmosphere.AerialPerspectiveLUT.FastApplyOnOpaque:1 ; Always have FastSkyLUT 1 in this case to avoid wrong sky]]
[2023.01.19-21.24.12:836][  0]LogConfig: Setting CVar [[r.SkyAtmosphere.AerialPerspectiveLUT.SampleCountMaxPerSlice:4]]
[2023.01.19-21.24.12:836][  0]LogConfig: Setting CVar [[r.SkyAtmosphere.AerialPerspectiveLUT.DepthResolution:16.0]]
[2023.01.19-21.24.12:836][  0]LogConfig: Setting CVar [[r.SkyAtmosphere.FastSkyLUT:1]]
[2023.01.19-21.24.12:836][  0]LogConfig: Setting CVar [[r.SkyAtmosphere.FastSkyLUT.SampleCountMin:4.0]]
[2023.01.19-21.24.12:836][  0]LogConfig: Setting CVar [[r.SkyAtmosphere.FastSkyLUT.SampleCountMax:128.0]]
[2023.01.19-21.24.12:836][  0]LogConfig: Setting CVar [[r.SkyAtmosphere.SampleCountMin:4.0]]
[2023.01.19-21.24.12:836][  0]LogConfig: Setting CVar [[r.SkyAtmosphere.SampleCountMax:128.0]]
[2023.01.19-21.24.12:836][  0]LogConfig: Setting CVar [[r.SkyAtmosphere.TransmittanceLUT.UseSmallFormat:0]]
[2023.01.19-21.24.12:836][  0]LogConfig: Setting CVar [[r.SkyAtmosphere.TransmittanceLUT.SampleCount:10.0]]
[2023.01.19-21.24.12:836][  0]LogConfig: Setting CVar [[r.SkyAtmosphere.MultiScatteringLUT.SampleCount:15.0]]
[2023.01.19-21.24.12:836][  0]LogConfig: Setting CVar [[r.SkyLight.RealTimeReflectionCapture:1]]
[2023.01.19-21.24.12:836][  0]LogConfig: Applying CVar settings from Section [FoliageQuality@3] File [C:/Users/jenni/Documents/Unreal Projects/Week8/Saved/Config/Windows/Scalability.ini]
[2023.01.19-21.24.12:836][  0]LogConfig: Setting CVar [[foliage.DensityScale:1.0]]
[2023.01.19-21.24.12:836][  0]LogConfig: Setting CVar [[grass.DensityScale:1.0]]
[2023.01.19-21.24.12:836][  0]LogConfig: Applying CVar settings from Section [ShadingQuality@3] File [C:/Users/jenni/Documents/Unreal Projects/Week8/Saved/Config/Windows/Scalability.ini]
[2023.01.19-21.24.12:836][  0]LogConfig: Setting CVar [[r.HairStrands.SkyLighting.IntegrationType:2]]
[2023.01.19-21.24.12:836][  0]LogConfig: Setting CVar [[r.HairStrands.SkyAO.SampleCount:4]]
[2023.01.19-21.24.12:836][  0]LogConfig: Setting CVar [[r.HairStrands.Visibility.MSAA.SamplePerPixel:4]]
[2023.01.19-21.24.12:836][  0]LogConfig: Applying CVar settings from Section [Startup] File [../../../Engine/Config/ConsoleVariables.ini]
[2023.01.19-21.24.12:837][  0]LogConfig: Setting CVar [[net.UseAdaptiveNetUpdateFrequency:0]]
[2023.01.19-21.24.12:837][  0]LogConfig: Setting CVar [[p.chaos.AllowCreatePhysxBodies:1]]
[2023.01.19-21.24.12:837][  0]LogConfig: Setting CVar [[fx.SkipVectorVMBackendOptimizations:1]]
[2023.01.19-21.24.12:837][  0]LogConfig: Applying CVar settings from Section [ConsoleVariables] File [C:/Users/jenni/Documents/Unreal Projects/Week8/Saved/Config/Windows/Engine.ini]
[2023.01.19-21.24.12:837][  0]LogConfig: Applying CVar settings from Section [ConsoleVariables] File [C:/Users/jenni/Documents/Unreal Projects/Week8/Saved/Config/Windows/Editor.ini]
[2023.01.19-21.24.12:837][  0]LogInit: Computer: SERENITY
[2023.01.19-21.24.12:837][  0]LogInit: User: jenni
[2023.01.19-21.24.12:837][  0]LogInit: CPU Page size=4096, Cores=16
[2023.01.19-21.24.12:837][  0]LogInit: High frequency timer resolution =10.000000 MHz
[2023.01.19-21.24.12:837][  0]LogMemory: Memory total: Physical=31.8GB (32GB approx)
[2023.01.19-21.24.12:837][  0]LogMemory: Platform Memory Stats for Windows
[2023.01.19-21.24.12:837][  0]LogMemory: Process Physical Memory: 144.42 MB used, 144.42 MB peak
[2023.01.19-21.24.12:837][  0]LogMemory: Process Virtual Memory: 122.38 MB used, 122.38 MB peak
[2023.01.19-21.24.12:837][  0]LogMemory: Physical Memory: 14542.79 MB used,  18017.37 MB free, 32560.16 MB total
[2023.01.19-21.24.12:837][  0]LogMemory: Virtual Memory: 134186936.00 MB used,  30795.12 MB free, 134217728.00 MB total
[2023.01.19-21.24.13:017][  0]LogWindows: WindowsPlatformFeatures enabled
[2023.01.19-21.24.13:037][  0]LogInit: Physics initialised using underlying interface: PhysX
[2023.01.19-21.24.13:038][  0]LogInit: Using OS detected language (en-US).
[2023.01.19-21.24.13:038][  0]LogInit: Using OS detected locale (en-US).
[2023.01.19-21.24.13:039][  0]LogTextLocalizationManager: No specific localization for 'en-US' exists, so the 'en' localization will be used.
[2023.01.19-21.24.13:400][  0]LogTargetPlatformManager: Display: Loaded TargetPlatform 'AllDesktop'
[2023.01.19-21.24.13:412][  0]LogTargetPlatformManager: Display: Loaded TargetPlatform 'Android'
[2023.01.19-21.24.13:412][  0]LogTargetPlatformManager: Display: Loaded TargetPlatform 'Android_ASTC'
[2023.01.19-21.24.13:412][  0]LogTargetPlatformManager: Display: Loaded TargetPlatform 'Android_DXT'
[2023.01.19-21.24.13:412][  0]LogTargetPlatformManager: Display: Loaded TargetPlatform 'Android_ETC2'
[2023.01.19-21.24.13:412][  0]LogTargetPlatformManager: Display: Loaded TargetPlatform 'AndroidClient'
[2023.01.19-21.24.13:412][  0]LogTargetPlatformManager: Display: Loaded TargetPlatform 'Android_ASTCClient'
[2023.01.19-21.24.13:412][  0]LogTargetPlatformManager: Display: Loaded TargetPlatform 'Android_DXTClient'
[2023.01.19-21.24.13:412][  0]LogTargetPlatformManager: Display: Loaded TargetPlatform 'Android_ETC2Client'
[2023.01.19-21.24.13:412][  0]LogTargetPlatformManager: Display: Loaded TargetPlatform 'Android_Multi'
[2023.01.19-21.24.13:412][  0]LogTargetPlatformManager: Display: Loaded TargetPlatform 'Android_MultiClient'
[2023.01.19-21.24.13:425][  0]LogTargetPlatformManager: Display: Loaded TargetPlatform 'IOSClient'
[2023.01.19-21.24.13:425][  0]LogTargetPlatformManager: Display: Loaded TargetPlatform 'IOS'
[2023.01.19-21.24.13:430][  0]LogTargetPlatformManager: Display: Loaded TargetPlatform 'Linux'
[2023.01.19-21.24.13:433][  0]LogTargetPlatformManager: Display: Loaded TargetPlatform 'LinuxNoEditor'
[2023.01.19-21.24.13:436][  0]LogTargetPlatformManager: Display: Loaded TargetPlatform 'LinuxClient'
[2023.01.19-21.24.13:438][  0]LogTargetPlatformManager: Display: Loaded TargetPlatform 'LinuxServer'
[2023.01.19-21.24.13:443][  0]LogTargetPlatformManager: Display: Loaded TargetPlatform 'LinuxAArch64NoEditor'
[2023.01.19-21.24.13:445][  0]LogTargetPlatformManager: Display: Loaded TargetPlatform 'LinuxAArch64Client'
[2023.01.19-21.24.13:448][  0]LogTargetPlatformManager: Display: Loaded TargetPlatform 'LinuxAArch64Server'
[2023.01.19-21.24.13:460][  0]LogTargetPlatformManager: Display: Loaded TargetPlatform 'Lumin'
[2023.01.19-21.24.13:460][  0]LogTargetPlatformManager: Display: Loaded TargetPlatform 'LuminClient'
[2023.01.19-21.24.13:464][  0]LogTargetPlatformManager: Display: Loaded TargetPlatform 'MacNoEditor'
[2023.01.19-21.24.13:467][  0]LogTargetPlatformManager: Display: Loaded TargetPlatform 'Mac'
[2023.01.19-21.24.13:469][  0]LogTargetPlatformManager: Display: Loaded TargetPlatform 'MacClient'
[2023.01.19-21.24.13:471][  0]LogTargetPlatformManager: Display: Loaded TargetPlatform 'MacServer'
[2023.01.19-21.24.13:477][  0]LogTargetPlatformManager: Display: Loaded TargetPlatform 'TVOSClient'
[2023.01.19-21.24.13:477][  0]LogTargetPlatformManager: Display: Loaded TargetPlatform 'TVOS'
[2023.01.19-21.24.13:481][  0]LogTargetPlatformManager: Display: Loaded TargetPlatform 'WindowsNoEditor'
[2023.01.19-21.24.13:484][  0]LogTargetPlatformManager: Display: Loaded TargetPlatform 'Windows'
[2023.01.19-21.24.13:488][  0]LogTargetPlatformManager: Display: Loaded TargetPlatform 'WindowsClient'
[2023.01.19-21.24.13:491][  0]LogTargetPlatformManager: Display: Loaded TargetPlatform 'WindowsServer'
[2023.01.19-21.24.13:491][  0]LogTargetPlatformManager: Display: Building Assets For Windows
[2023.01.19-21.24.13:495][  0]LogAudioDebug: Display: Lib vorbis DLL was dynamically loaded.
[2023.01.19-21.24.13:511][  0]LogTextureFormatOodle: Display: Oodle Texture 2.9.0 init RDO Off
[2023.01.19-21.24.13:528][  0]LogRendererCore: Ray tracing is disabled. Reason: r.RayTracing=0.
[2023.01.19-21.24.13:528][  0]LogDerivedDataCache: Display: Max Cache Size: 512 MB
[2023.01.19-21.24.13:571][  0]LogDerivedDataCache: Loaded boot cache 0.04s 96MB C:/Users/jenni/AppData/Local/UnrealEngine/4.27/DerivedDataCache/Boot.ddc.
[2023.01.19-21.24.13:571][  0]LogDerivedDataCache: Display: Loaded Boot cache: C:/Users/jenni/AppData/Local/UnrealEngine/4.27/DerivedDataCache/Boot.ddc
[2023.01.19-21.24.13:571][  0]LogDerivedDataCache: FDerivedDataBackendGraph:  Pak pak cache file C:/Users/jenni/Documents/Unreal Projects/Week8/DerivedDataCache/DDC.ddp not found, will not use a pak cache.
[2023.01.19-21.24.13:571][  0]LogDerivedDataCache: Unable to find inner node Pak for hierarchical cache Hierarchy.
[2023.01.19-21.24.13:571][  0]LogDerivedDataCache: FDerivedDataBackendGraph:  CompressedPak pak cache file C:/Users/jenni/Documents/Unreal Projects/Week8/DerivedDataCache/Compressed.ddp not found, will not use a pak cache.
[2023.01.19-21.24.13:571][  0]LogDerivedDataCache: Unable to find inner node CompressedPak for hierarchical cache Hierarchy.
[2023.01.19-21.24.13:582][  0]LogDerivedDataCache: Display: Pak cache opened for reading ../../../Engine/DerivedDataCache/Compressed.ddp.
[2023.01.19-21.24.13:582][  0]LogDerivedDataCache: FDerivedDataBackendGraph:  EnterprisePak pak cache file ../../../Enterprise/DerivedDataCache/Compressed.ddp not found, will not use a pak cache.
[2023.01.19-21.24.13:582][  0]LogDerivedDataCache: Unable to find inner node EnterprisePak for hierarchical cache Hierarchy.
[2023.01.19-21.24.13:586][  0]LogDerivedDataCache: Speed tests for C:/Users/jenni/AppData/Local/UnrealEngine/Common/DerivedDataCache took 0.00 seconds
[2023.01.19-21.24.13:586][  0]LogDerivedDataCache: Display: Performance to C:/Users/jenni/AppData/Local/UnrealEngine/Common/DerivedDataCache: Latency=0.01ms. RandomReadSpeed=2404.78MBs, RandomWriteSpeed=301.99MBs. Assigned SpeedClass 'Local'
[2023.01.19-21.24.13:587][  0]LogDerivedDataCache: Using Local data cache path C:/Users/jenni/AppData/Local/UnrealEngine/Common/DerivedDataCache: Writable
[2023.01.19-21.24.13:587][  0]LogDerivedDataCache: Shared data cache path not found in *engine.ini, will not use an Shared cache.
[2023.01.19-21.24.13:587][  0]LogDerivedDataCache: Unable to find inner node Shared for hierarchical cache Hierarchy.
[2023.01.19-21.24.13:590][  0]LogAssetRegistry: FAssetRegistry took 0.0009 seconds to start up
[2023.01.19-21.24.13:713][  0]LogInit: Selected Device Profile: [Windows]
[2023.01.19-21.24.13:713][  0]LogInit: Active device profile: [000001FBB5818B00][000001FBAD2E2800 49] Windows
[2023.01.19-21.24.13:713][  0]LogInit: Profiles: [000001FBB5818B00][000001FBAD2E2800 49] Windows, [000001FBB57E6200][000001FBAD5D4980 49] WindowsNoEditor, [000001FBB5819900][000001FBAD2E6AC0 49] WindowsServer, [000001FBB57E6F00][000001FBAD5D8C00 49] WindowsClient, [000001FBB581BC00][000001FBAD5DCD40 49] IOS, [000001FBB57E4F00][000001FBAD5E4EC0 49] iPadAir, [000001FBB581BE00][000001FBAD5E9040 49] iPadAir2, [000001FBB5790C00][000001FBB2007300 49] IPadPro, [000001FBB5790D00][000001FBAD5ED340 49] iPadAir3, [000001FBB57E7C00][000001FBB20114C0 49] iPadAir4, [000001FBB5793600][000001FBB2015640 49] iPadMini2, [000001FBB57E7300][000001FBB20197C0 49] iPadMini3, [000001FBB5793800][000001FBB201D940 49] iPadMini4, [000001FBB57E7900][000001FBB6441AC0 49] iPadMini5, [000001FBB57C0600][000001FBB6448200 49] iPhone6, [000001FBB57C0700][000001FBB6444240 49] iPodTouch6, [000001FBB581A900][000001FBB6450500 49] iPhone7, [000001FBB581A800][000001FBB644C540 49] iPodTouch7, [000001FBB57C0100][000001FBB64546C0 49] iPhone5S, [000001FBB5790700][000001FBB6458840 49] iPhone6Plus, [000001FBB57C2500][000001FBB645C9C0 49] iPhone6S, [000001FBB5791300][000001FBB6460B40 49] iPhone6SPlus, [000001FBB57C3B00][000001FBAD5E0C80 49] iPhone7Plus, [000001FBB5793500][000001FBB6464DC0 49] iPhoneSE, [000001FBB581A600][000001FBB6468F00 49] iPhone8, [000001FBB5790600][000001FBB646D040 49] iPhone8Plus, [000001FBB581A200][000001FBB64751C0 49] iPhoneX, [000001FBB5793300][000001FBB6479340 49] iPhoneXS, [000001FBB581B400][000001FBB647D4C0 49] iPhoneXSMax, [000001FBB5792D00][000001FBB6481640 49] iPhoneXR, [000001FBB5818200][000001FBB64857C0 49] iPhone11, [000001FBB5791E00][000001FBB6489940 49] iPhone11Pro, [000001FBB581AA00][000001FBB648DAC0 49] iPhone11ProMax, [000001FBB5793700][000001FBB64900C0 49] iPhoneSE2, [000001FBB5818D00][000001FBB6494240 49] iPhone12Mini, [000001FBB5791F00][000001FBB64983C0 49] iPhone12, [000001FBB5818700][000001FBB649C540 49] iPhone12Pro, [000001FBB5791400][000001FBB64A06C0 49] iPhone12ProMax, [000001FBB5818C00][000001FBB64A4840 49] iPadPro105, [000001FBB5791700][000001FBB64A89C0 49] iPadPro129, [000001FBB5818100][000001FBB64ACB40 49] iPadPro97, [000001FBB5793C00][000001FBB64B0CC0 49] iPadPro2_129, [000001FBB5818800][000001FBB6470E00 49] iPad5, [000001FBB5793100][000001FBB64B4F40 49] iPad6, [000001FBB5818500][000001FBB64B9080 49] iPad7, [000001FBB5792800][000001FBB64BD1C0 49] iPad8, [000001FBB5819500][000001FBB64C5340 49] iPadPro11, [000001FBB5791500][000001FBB64C94C0 49] iPadPro2_11, [000001FBB5818F00][000001FBB64CD640 49] iPadPro3_129, [000001FBB5792C00][000001FBB64D17C0 49] iPadPro4_129, [000001FBB581A500][000001FBB64D5940 49] AppleTV, [000001FBB5791100][000001FBB64D9AC0 49] AppleTV4K, [000001FBB5818400][000001FBB64DC0C0 49] TVOS, [000001FBB5792600][000001FBB64E0240 49] Mac, [000001FBB581BD00][000001FBB64E43C0 49] MacClient, [000001FBB5791800][000001FBB64E8540 49] MacNoEditor, [000001FBB581B100][000001FBB64EC6C0 49] MacServer, [000001FBB5793900][000001FBB64F0840 49] Linux, [000001FBB5818900][000001FBB64F49C0 49] LinuxAArch64, [000001FBB5793F00][000001FBB64F8B40 49] LinuxNoEditor, [000001FBB5819B00][000001FBB64FCCC0 49] LinuxAArch64NoEditor, [000001FBB5793400][000001FBB6500E40 49] LinuxClient, [000001FBB5819C00][000001FBB6504FC0 49] LinuxAArch64Client, [000001FBB5791D00][000001FBB64C1100 49] LinuxServer, [000001FBB581AF00][000001FBB6509240 49] LinuxAArch64Server, [000001FBB5790500][000001FBB650D380 49] Android, [000001FBB5819E00][000001FBB6515500 49] Android_Low, [000001FBB5793000][000001FBB6519680 49] Android_Mid, [000001FBB581A400][000001FBB651D800 49] Android_High, [000001FBB5790800][000001FBB6521980 49] Android_Default, [000001FBB581B200][000001FBB6525B00 49] Android_Adreno4xx, [000001FBB57E6500][000001FBB6528100 49] Android_Adreno5xx_Low, [000001FBB57C1C00][000001FBB652C280 49] Android_Adreno5xx, [000001FBB57E7E00][000001FBB6530400 49] Android_Adreno6xx, [000001FBB57C2B00][000001FBB6534580 49] Android_Adreno6xx_Vulkan, [000001FBB57E7F00][000001FBB6538700 49] Android_Mali_T6xx, [000001FBB57C0F00][000001FBB653C880 49] Android_Mali_T7xx, [000001FBB57E5400][000001FBB6540A00 49] Android_Mali_T8xx, [000001FBB57C1F00][000001FBB6544B80 49] Android_Mali_G71, [000001FBB57E5D00][000001FBB6548D00 49] Android_Mali_G72, [000001FBB57C2400][000001FBB654CE80 49] Android_Mali_G72_Vulkan, [000001FBB57E7700][000001FBB6551000 49] Android_Mali_G76, [000001FBB57C2100][000001FBB6555180 49] Android_Mali_G76_Vulkan, [000001FBB57E5C00][000001FBB65112C0 49] Android_Mali_G77, [000001FBB57C0A00][000001FBB6559400 49] Android_Mali_G77_Vulkan, [000001FBB57E7500][000001FBB655D540 49] Android_Mali_G78, [000001FBB57C1300][000001FBB65656C0 49] Android_Mali_G78_Vulkan, [000001FBB57E6A00][000001FBB6569840 49] Android_Mali_G710, [000001FBB57C3D00][000001FBB656D9C0 49] Android_Mali_G710_Vulkan, [000001FBB57E5F00][000001FBB6571B40 49] Android_Vulkan_SM5, [000001FBB57C0900][000001FBB6574140 49] Android_PowerVR_G6xxx, [000001FBB57E6000][000001FBB65782C0 49] Android_PowerVR_GT7xxx, [000001FBB57C2700][000001FBB657C440 49] Android_PowerVR_GE8xxx, [000001FBB57E6400][000001FBB65805C0 49] Android_PowerVR_GM9xxx, [000001FBB57C3200][000001FBB6584740 49] Android_PowerVR_GM9xxx_Vulkan, [000001FBB57E7100][000001FBB65888C0 49] Android_TegraK1, [000001FBB57C1700][000001FBB658CA40 49] Android_Unknown_Vulkan, [000001FBB57E7800][000001FBB6590BC0 49] Lumin, [000001FBB57C0200][000001FBB6594D40 49] Lumin_Desktop, [000001FBB57E6300][000001FBB6598EC0 49] HoloLens, 
[2023.01.19-21.24.13:732][  0]LogMeshReduction: Using QuadricMeshReduction for automatic static mesh reduction
[2023.01.19-21.24.13:732][  0]LogMeshReduction: Using SimplygonMeshReduction for automatic skeletal mesh reduction
[2023.01.19-21.24.13:732][  0]LogMeshReduction: Using ProxyLODMeshReduction for automatic mesh merging
[2023.01.19-21.24.13:732][  0]LogMeshReduction: No distributed automatic mesh merging module available
[2023.01.19-21.24.13:732][  0]LogMeshMerging: No distributed automatic mesh merging module available
[2023.01.19-21.24.13:737][  0]LogNetVersion: Week8 1.0.0, NetCL: 17155196, EngineNetVer: 17, GameNetVer: 0 (Checksum: 3668228383)
[2023.01.19-21.24.13:824][  0]LogHMD: PokeAHoleMaterial loaded successfully
[2023.01.19-21.24.13:873][  0]LogCollectionManager: Loaded 0 collections in 0.000379 seconds
[2023.01.19-21.24.13:874][  0]LogFileCache: Scanning file cache for directory 'C:/Users/jenni/Documents/Unreal Projects/Week8/Saved/Collections/' took 0.00s
[2023.01.19-21.24.13:874][  0]LogFileCache: Scanning file cache for directory 'C:/Users/jenni/Documents/Unreal Projects/Week8/Content/Developers/jenni/Collections/' took 0.00s
[2023.01.19-21.24.13:874][  0]LogFileCache: Scanning file cache for directory 'C:/Users/jenni/Documents/Unreal Projects/Week8/Content/Collections/' took 0.00s
[2023.01.19-21.24.13:874][  0]LogCollectionManager: Fixed up redirectors for 0 collections in 0.000002 seconds (updated 0 objects)
[2023.01.19-21.24.13:968][  0]LogNiagaraDebuggerClient: Niagara Debugger Client Initialized | Session: DC86B5194C2FA89524DC31A618A13B54 | Instance: D5B05B9E4F6B9EDFCC07F6B9EB6316A3 (SERENITY-20548).
[2023.01.19-21.24.14:012][  0]LogPython: Using Python 3.7.7
[2023.01.19-21.24.14:425][  0]SourceControl: Source control is disabled
[2023.01.19-21.24.14:425][  0]SourceControl: Source control is disabled
[2023.01.19-21.24.14:432][  0]SourceControl: Source control is disabled
[2023.01.19-21.24.14:442][  0]SourceControl: Source control is disabled
[2023.01.19-21.24.14:444][  0]SourceControl: Source control is disabled
[2023.01.19-21.24.14:463][  0]LogUProjectInfo: Found projects:
[2023.01.19-21.24.14:489][  0]LogAndroidPermission: UAndroidPermissionCallbackProxy::GetInstance
[2023.01.19-21.24.14:500][  0]LogAudioCaptureCore: Display: No Audio Capture implementations found. Audio input will be silent.
[2023.01.19-21.24.14:500][  0]LogAudioCaptureCore: Display: No Audio Capture implementations found. Audio input will be silent.
[2023.01.19-21.24.14:562][  0]LogOpenImageDenoise: OIDN starting up
[2023.01.19-21.24.14:579][  0]LogOcInput: OculusInput pre-init called
[2023.01.19-21.24.14:596][  0]LogUObjectArray: 23046 objects as part of root set at end of initial load.
[2023.01.19-21.24.14:596][  0]LogUObjectAllocator: 6349792 out of 0 bytes used by permanent object pool.
[2023.01.19-21.24.14:596][  0]LogUObjectArray: CloseDisregardForGC: 0/0 objects in disregard for GC pool
[2023.01.19-21.24.14:597][  0]LogInit: Error: VisualStudioToolsCommandlet looked like a commandlet, but we could not find the class.
[2023.01.19-21.24.14:597][  0]LogCore: Engine exit requested (reason: Failed to find commandlet class VisualStudioToolsCommandlet)
[2023.01.19-21.24.14:597][  0]LogCore: Engine exit requested (reason: EngineExit() was called; note: exit was already requested)
[2023.01.19-21.24.14:597][  0]LogExit: Preparing to exit.
[2023.01.19-21.24.14:601][  0]LogUObjectHash: Compacting FUObjectHashTables data took   0.37ms
[2023.01.19-21.24.14:647][  0]LogDemo: Cleaned up 0 splitscreen connections with owner deletion
[2023.01.19-21.24.14:669][  0]LogExit: Object subsystem successfully closed.
[2023.01.19-21.24.14:692][  0]LogModuleManager: Shutting down and abandoning module AudioSynesthesiaEditor (594)
[2023.01.19-21.24.14:692][  0]LogModuleManager: Shutting down and abandoning module OculusEditor (592)
[2023.01.19-21.24.14:692][  0]LogModuleManager: Shutting down and abandoning module OculusInput (590)
[2023.01.19-21.24.14:692][  0]LogModuleManager: Shutting down and abandoning module ContentBrowserClassDataSource (588)
[2023.01.19-21.24.14:692][  0]LogModuleManager: Shutting down and abandoning module ContentBrowserFileDataSource (586)
[2023.01.19-21.24.14:692][  0]LogModuleManager: Shutting down and abandoning module ContentBrowserAssetDataSource (584)
[2023.01.19-21.24.14:692][  0]LogModuleManager: Shutting down and abandoning module ToolMenus (583)
[2023.01.19-21.24.14:692][  0]LogModuleManager: Shutting down and abandoning module TakeSequencer (580)
[2023.01.19-21.24.14:692][  0]LogModuleManager: Shutting down and abandoning module TakeMovieScene (578)
[2023.01.19-21.24.14:692][  0]LogModuleManager: Shutting down and abandoning module MotoSynthEditor (576)
[2023.01.19-21.24.14:692][  0]LogModuleManager: Shutting down and abandoning module MotoSynth (574)
[2023.01.19-21.24.14:692][  0]LogModuleManager: Shutting down and abandoning module OpenImageDenoise (572)
[2023.01.19-21.24.14:692][  0]LogOpenImageDenoise: OIDN shutting down
[2023.01.19-21.24.14:692][  0]LogModuleManager: Shutting down and abandoning module MeshConversion (570)
[2023.01.19-21.24.14:692][  0]LogModuleManager: Shutting down and abandoning module DynamicMesh (568)
[2023.01.19-21.24.14:692][  0]LogModuleManager: Shutting down and abandoning module GeometryAlgorithms (566)
[2023.01.19-21.24.14:692][  0]LogModuleManager: Shutting down and abandoning module GeometricObjects (564)
[2023.01.19-21.24.14:692][  0]LogModuleManager: Shutting down and abandoning module SynthesisEditor (562)
[2023.01.19-21.24.14:692][  0]LogModuleManager: Shutting down and abandoning module Synthesis (560)
[2023.01.19-21.24.14:692][  0]LogModuleManager: Shutting down and abandoning module ProceduralMeshComponentEditor (558)
[2023.01.19-21.24.14:692][  0]LogModuleManager: Shutting down and abandoning module ProceduralMeshComponent (556)
[2023.01.19-21.24.14:692][  0]LogModuleManager: Shutting down and abandoning module GeometryCollectionTracks (554)
[2023.01.19-21.24.14:692][  0]LogModuleManager: Shutting down and abandoning module GeometryCollectionSequencer (553)
[2023.01.19-21.24.14:692][  0]LogModuleManager: Shutting down and abandoning module GeometryCollectionEditor (550)
[2023.01.19-21.24.14:692][  0]LogModuleManager: Shutting down and abandoning module GeometryCacheTracks (548)
[2023.01.19-21.24.14:692][  0]LogModuleManager: Shutting down and abandoning module GeometryCacheStreamer (546)
[2023.01.19-21.24.14:692][  0]LogModuleManager: Shutting down and abandoning module GeometryCacheSequencer (544)
[2023.01.19-21.24.14:692][  0]LogModuleManager: Shutting down and abandoning module ScreenshotTools (542)
[2023.01.19-21.24.14:692][  0]LogModuleManager: Shutting down and abandoning module OpenXREditor (540)
[2023.01.19-21.24.14:692][  0]LogModuleManager: Shutting down and abandoning module MobilePatchingUtils (538)
[2023.01.19-21.24.14:692][  0]LogModuleManager: Shutting down and abandoning module GooglePAD (536)
[2023.01.19-21.24.14:692][  0]LogModuleManager: Shutting down and abandoning module CustomMeshComponent (534)
[2023.01.19-21.24.14:692][  0]LogModuleManager: Shutting down and abandoning module EditableMesh (532)
[2023.01.19-21.24.14:692][  0]LogModuleManager: Shutting down and abandoning module AppleImageUtilsBlueprintSupport (530)
[2023.01.19-21.24.14:692][  0]LogModuleManager: Shutting down and abandoning module AppleImageUtils (528)
[2023.01.19-21.24.14:692][  0]LogModuleManager: Shutting down and abandoning module AudioCapture (526)
[2023.01.19-21.24.14:692][  0]LogModuleManager: Shutting down and abandoning module AudioCaptureRtAudio (525)
[2023.01.19-21.24.14:692][  0]LogModuleManager: Shutting down and abandoning module CableComponent (522)
[2023.01.19-21.24.14:692][  0]LogModuleManager: Shutting down and abandoning module ArchVisCharacter (520)
[2023.01.19-21.24.14:692][  0]LogModuleManager: Shutting down and abandoning module AssetTags (518)
[2023.01.19-21.24.14:692][  0]LogModuleManager: Shutting down and abandoning module AndroidPermission (516)
[2023.01.19-21.24.14:692][  0]LogModuleManager: Shutting down and abandoning module ActorLayerUtilitiesEditor (514)
[2023.01.19-21.24.14:692][  0]LogModuleManager: Shutting down and abandoning module ActorLayerUtilities (512)
[2023.01.19-21.24.14:692][  0]LogModuleManager: Shutting down and abandoning module MaterialAnalyzer (510)
[2023.01.19-21.24.14:692][  0]LogModuleManager: Shutting down and abandoning module TemplateSequence (508)
[2023.01.19-21.24.14:692][  0]LogModuleManager: Shutting down and abandoning module VisualStudioSourceCodeAccess (506)
[2023.01.19-21.24.14:692][  0]LogModuleManager: Shutting down and abandoning module VisualStudioCodeSourceCodeAccess (504)
[2023.01.19-21.24.14:692][  0]LogModuleManager: Shutting down and abandoning module MediaCompositing (502)
[2023.01.19-21.24.14:692][  0]LogModuleManager: Shutting down and abandoning module UObjectPlugin (500)
[2023.01.19-21.24.14:692][  0]LogModuleManager: Shutting down and abandoning module SpeedTreeImporter (498)
[2023.01.19-21.24.14:692][  0]LogModuleManager: Shutting down and abandoning module SubversionSourceControl (496)
[2023.01.19-21.24.14:692][  0]LogModuleManager: Shutting down and abandoning module PlasticSourceControl (494)
[2023.01.19-21.24.14:692][  0]LogModuleManager: Shutting down and abandoning module PluginBrowser (492)
[2023.01.19-21.24.14:694][  0]LogModuleManager: Shutting down and abandoning module MobileLauncherProfileWizard (490)
[2023.01.19-21.24.14:694][  0]LogModuleManager: Shutting down and abandoning module PluginUtils (488)
[2023.01.19-21.24.14:694][  0]LogModuleManager: Shutting down and abandoning module CurveEditorTools (486)
[2023.01.19-21.24.14:694][  0]LogModuleManager: Shutting down and abandoning module PerforceSourceControl (484)
[2023.01.19-21.24.14:694][  0]LogModuleManager: Shutting down and abandoning module CryptoKeysOpenSSL (482)
[2023.01.19-21.24.14:694][  0]LogModuleManager: Shutting down and abandoning module CryptoKeys (480)
[2023.01.19-21.24.14:694][  0]LogModuleManager: Shutting down and abandoning module GitSourceControl (478)
[2023.01.19-21.24.14:694][  0]LogModuleManager: Shutting down and abandoning module SourceControl (477)
[2023.01.19-21.24.14:694][  0]LogModuleManager: Shutting down and abandoning module NiagaraEditorWidgets (474)
[2023.01.19-21.24.14:694][  0]LogModuleManager: Shutting down and abandoning module MagicLeapSharedWorld (472)
[2023.01.19-21.24.14:694][  0]LogModuleManager: Shutting down and abandoning module MagicLeapLightEstimation (470)
[2023.01.19-21.24.14:694][  0]LogModuleManager: Shutting down and abandoning module ChaosSolverEditor (468)
[2023.01.19-21.24.14:694][  0]LogModuleManager: Shutting down and abandoning module MagicLeapHelperVulkan (466)
[2023.01.19-21.24.14:694][  0]LogModuleManager: Shutting down and abandoning module MagicLeapHelperOpenGL (464)
[2023.01.19-21.24.14:694][  0]LogModuleManager: Shutting down and abandoning module MagicLeapAudio (462)
[2023.01.19-21.24.14:694][  0]LogModuleManager: Shutting down and abandoning module ChaosNiagara (460)
[2023.01.19-21.24.14:694][  0]LogModuleManager: Shutting down and abandoning module ChaosClothEditor (458)
[2023.01.19-21.24.14:694][  0]LogModuleManager: Shutting down and abandoning module AutomationUtilsEditor (456)
[2023.01.19-21.24.14:694][  0]LogModuleManager: Shutting down and abandoning module AutomationUtils (454)
[2023.01.19-21.24.14:694][  0]LogModuleManager: Shutting down and abandoning module FractureEditor (452)
[2023.01.19-21.24.14:694][  0]LogModuleManager: Shutting down and abandoning module FieldSystemEngine (451)
[2023.01.19-21.24.14:694][  0]LogModuleManager: Shutting down and abandoning module AnimationSharingEd (448)
[2023.01.19-21.24.14:694][  0]LogModuleManager: Shutting down and abandoning module AlembicImporter (446)
[2023.01.19-21.24.14:694][  0]LogModuleManager: Shutting down and abandoning module AlembicLibrary (445)
[2023.01.19-21.24.14:694][  0]LogModuleManager: Shutting down and abandoning module GeometryCache (444)
[2023.01.19-21.24.14:694][  0]LogModuleManager: Shutting down and abandoning module GeometryCacheEd (443)
[2023.01.19-21.24.14:694][  0]LogModuleManager: Shutting down and abandoning module CLionSourceCodeAccess (438)
[2023.01.19-21.24.14:694][  0]LogModuleManager: Shutting down and abandoning module VariantManagerContentEditor (436)
[2023.01.19-21.24.14:694][  0]LogModuleManager: Shutting down and abandoning module DatasmithContentEditor (434)
[2023.01.19-21.24.14:694][  0]LogModuleManager: Shutting down and abandoning module OodleNetworkHandlerComponent (432)
[2023.01.19-21.24.14:694][  0]LogModuleManager: Shutting down and abandoning module LiveLinkSequencer (430)
[2023.01.19-21.24.14:694][  0]LogModuleManager: Shutting down and abandoning module LiveLinkMovieScene (428)
[2023.01.19-21.24.14:694][  0]LogModuleManager: Shutting down and abandoning module LiveLinkGraphNode (426)
[2023.01.19-21.24.14:694][  0]LogModuleManager: Shutting down and abandoning module LiveLinkEditor (424)
[2023.01.19-21.24.14:694][  0]LogModuleManager: Shutting down and abandoning module LiveLinkComponents (422)
[2023.01.19-21.24.14:694][  0]LogModuleManager: Shutting down and abandoning module LiveLink (420)
[2023.01.19-21.24.15:329][  0]LogModuleManager: Shutting down and abandoning module LightPropagationVolumeEditor (418)
[2023.01.19-21.24.15:329][  0]LogModuleManager: Shutting down and abandoning module PaperTiledImporter (416)
[2023.01.19-21.24.15:329][  0]LogModuleManager: Shutting down and abandoning module PaperSpriteSheetImporter (414)
[2023.01.19-21.24.15:329][  0]LogModuleManager: Shutting down and abandoning module Paper2DEditor (412)
[2023.01.19-21.24.15:329][  0]LogModuleManager: Shutting down and abandoning module MeshPaintingToolset (410)
[2023.01.19-21.24.15:329][  0]LogModuleManager: Shutting down and abandoning module MeshPaintEditorMode (408)
[2023.01.19-21.24.15:330][  0]LogModuleManager: Shutting down and abandoning module Week8 (406)
[2023.01.19-21.24.15:330][  0]LogModuleManager: Shutting down and abandoning module PythonScriptPlugin (404)
[2023.01.19-21.24.15:330][  0]LogModuleManager: Shutting down and abandoning module PhysXVehiclesEditor (402)
[2023.01.19-21.24.15:330][  0]LogModuleManager: Shutting down and abandoning module SignificanceManager (398)
[2023.01.19-21.24.15:330][  0]LogModuleManager: Shutting down and abandoning module PropertyAccessEditor (396)
[2023.01.19-21.24.15:330][  0]LogModuleManager: Shutting down and abandoning module SoundFields (394)
[2023.01.19-21.24.15:330][  0]LogModuleManager: Shutting down and abandoning module RuntimePhysXCooking (392)
[2023.01.19-21.24.15:330][  0]LogModuleManager: Shutting down and abandoning module LocationServicesBPLibrary (390)
[2023.01.19-21.24.15:330][  0]LogModuleManager: Shutting down and abandoning module AudioSynesthesia (388)
[2023.01.19-21.24.15:330][  0]LogModuleManager: Shutting down and abandoning module AudioSynesthesiaCore (386)
[2023.01.19-21.24.15:330][  0]LogModuleManager: Shutting down and abandoning module ActorSequence (384)
[2023.01.19-21.24.15:330][  0]LogModuleManager: Shutting down and abandoning module FacialAnimationEditor (382)
[2023.01.19-21.24.15:330][  0]LogModuleManager: Shutting down and abandoning module FacialAnimation (380)
[2023.01.19-21.24.15:330][  0]LogModuleManager: Shutting down and abandoning module PropertyAccessNode (378)
[2023.01.19-21.24.15:330][  0]LogModuleManager: Shutting down and abandoning module GameplayTagsEditor (376)
[2023.01.19-21.24.15:330][  0]LogModuleManager: Shutting down and abandoning module DataValidation (374)
[2023.01.19-21.24.15:330][  0]LogModuleManager: Shutting down and abandoning module NiagaraAnimNotifies (372)
[2023.01.19-21.24.15:330][  0]LogModuleManager: Shutting down and abandoning module Niagara (370)
[2023.01.19-21.24.15:330][  0]LogModuleManager: Shutting down and abandoning module SignalProcessing (369)
[2023.01.19-21.24.15:330][  0]LogModuleManager: Shutting down and abandoning module NiagaraEditor (367)
[2023.01.19-21.24.15:330][  0]LogModuleManager: Shutting down and abandoning module NiagaraCore (364)
[2023.01.19-21.24.15:330][  0]LogModuleManager: Shutting down and abandoning module MagicLeapARPin (362)
[2023.01.19-21.24.15:330][  0]LogModuleManager: Shutting down and abandoning module UdpMessaging (360)
[2023.01.19-21.24.15:330][  0]LogModuleManager: Shutting down and abandoning module TcpMessaging (358)
[2023.01.19-21.24.15:330][  0]LogModuleManager: Shutting down and abandoning module MagicLeapHandMeshing (356)
[2023.01.19-21.24.15:330][  0]LogModuleManager: Shutting down and abandoning module MagicLeapSecureStorage (354)
[2023.01.19-21.24.15:330][  0]LogModuleManager: Shutting down and abandoning module MagicLeapPrivileges (352)
[2023.01.19-21.24.15:330][  0]LogModuleManager: Shutting down and abandoning module MagicLeapPlanes (350)
[2023.01.19-21.24.15:330][  0]LogMagicLeapPlanes: Planes tracker already destroyed.
[2023.01.19-21.24.15:330][  0]LogModuleManager: Shutting down and abandoning module MagicLeapImageTracker (348)
[2023.01.19-21.24.15:330][  0]LogModuleManager: Shutting down and abandoning module MagicLeapIdentity (346)
[2023.01.19-21.24.15:330][  0]LogModuleManager: Shutting down and abandoning module MagicLeapHandTracking (344)
[2023.01.19-21.24.15:330][  0]LogModuleManager: Shutting down and abandoning module MagicLeapEyeTracker (342)
[2023.01.19-21.24.15:330][  0]LogModuleManager: Shutting down and abandoning module MagicLeapController (340)
[2023.01.19-21.24.15:330][  0]LogModuleManager: Shutting down and abandoning module MagicLeapARPinImpl (338)
[2023.01.19-21.24.15:330][  0]LogModuleManager: Shutting down and abandoning module MagicLeapAR (336)
[2023.01.19-21.24.15:330][  0]LogModuleManager: Shutting down and abandoning module AssetManagerEditor (334)
[2023.01.19-21.24.15:330][  0]LogModuleManager: Shutting down and abandoning module TreeMap (333)
[2023.01.19-21.24.15:330][  0]LogModuleManager: Shutting down and abandoning module AnimationSharing (330)
[2023.01.19-21.24.15:330][  0]LogModuleManager: Shutting down and abandoning module GameplayCameras (328)
[2023.01.19-21.24.15:330][  0]LogModuleManager: Shutting down and abandoning module LightPropagationVolumeRuntime (326)
[2023.01.19-21.24.15:330][  0]LogModuleManager: Shutting down and abandoning module EnvironmentQueryEditor (324)
[2023.01.19-21.24.15:330][  0]LogModuleManager: Shutting down and abandoning module Paper2D (322)
[2023.01.19-21.24.15:330][  0]LogModuleManager: Shutting down and abandoning module NetworkReplayStreaming (320)
[2023.01.19-21.24.15:330][  0]LogModuleManager: Shutting down and abandoning module PacketHandler (318)
[2023.01.19-21.24.15:330][  0]LogModuleManager: Shutting down and abandoning module ClothingSystemEditor (316)
[2023.01.19-21.24.15:330][  0]LogModuleManager: Shutting down and abandoning module ClothingSystemRuntimeNv (314)
[2023.01.19-21.24.15:330][  0]LogModuleManager: Shutting down and abandoning module MediaAssets (312)
[2023.01.19-21.24.15:330][  0]LogModuleManager: Shutting down and abandoning module Overlay (310)
[2023.01.19-21.24.15:330][  0]LogModuleManager: Shutting down and abandoning module OverlayEditor (309)
[2023.01.19-21.24.15:330][  0]LogModuleManager: Shutting down and abandoning module Blutility (306)
[2023.01.19-21.24.15:330][  0]LogModuleManager: Shutting down and abandoning module LevelEditor (305)
[2023.01.19-21.24.15:331][  0]LogModuleManager: Shutting down and abandoning module PixelInspectorModule (304)
[2023.01.19-21.24.15:331][  0]LogModuleManager: Shutting down and abandoning module CommonMenuExtensions (302)
[2023.01.19-21.24.15:331][  0]LogModuleManager: Shutting down and abandoning module MainFrame (300)
[2023.01.19-21.24.15:331][  0]LogModuleManager: Shutting down and abandoning module HotReload (299)
[2023.01.19-21.24.15:331][  0]LogModuleManager: Shutting down and abandoning module ContentBrowser (295)
[2023.01.19-21.24.15:331][  0]LogModuleManager: Shutting down and abandoning module CollectionManager (294)
[2023.01.19-21.24.15:331][  0]LogModuleManager: Shutting down and abandoning module ContentBrowserData (292)
[2023.01.19-21.24.15:331][  0]LogModuleManager: Shutting down and abandoning module IntroTutorials (288)
[2023.01.19-21.24.15:331][  0]LogModuleManager: Shutting down and abandoning module VREditor (286)
[2023.01.19-21.24.15:331][  0]LogModuleManager: Shutting down and abandoning module StringTableEditor (284)
[2023.01.19-21.24.15:331][  0]LogModuleManager: Shutting down and abandoning module GameplayTasksEditor (282)
[2023.01.19-21.24.15:331][  0]LogModuleManager: Shutting down and abandoning module BehaviorTreeEditor (280)
[2023.01.19-21.24.15:331][  0]LogModuleManager: Shutting down and abandoning module FunctionalTesting (278)
[2023.01.19-21.24.15:331][  0]LogModuleManager: Shutting down and abandoning module CollisionAnalyzer (276)
[2023.01.19-21.24.15:331][  0]LogModuleManager: Shutting down and abandoning module WorkspaceMenuStructure (275)
[2023.01.19-21.24.15:331][  0]LogModuleManager: Shutting down and abandoning module UMG (272)
[2023.01.19-21.24.15:331][  0]LogModuleManager: Shutting down and abandoning module UMGEditor (271)
[2023.01.19-21.24.15:331][  0]LogModuleManager: Shutting down and abandoning module MessageLog (269)
[2023.01.19-21.24.15:331][  0]LogModuleManager: Shutting down and abandoning module SlateReflector (264)
[2023.01.19-21.24.15:331][  0]LogModuleManager: Shutting down and abandoning module Slate (262)
[2023.01.19-21.24.15:331][  0]LogModuleManager: Shutting down and abandoning module SlateCore (260)
[2023.01.19-21.24.15:332][  0]LogModuleManager: Shutting down and abandoning module LandscapeEditorUtilities (258)
[2023.01.19-21.24.15:332][  0]LogModuleManager: Shutting down and abandoning module UnrealEd (256)
[2023.01.19-21.24.15:332][  0]LogModuleManager: Shutting down and abandoning module MRMesh (254)
[2023.01.19-21.24.15:332][  0]LogModuleManager: Shutting down and abandoning module SourceCodeAccess (252)
[2023.01.19-21.24.15:332][  0]LogModuleManager: Shutting down and abandoning module HeadMountedDisplay (250)
[2023.01.19-21.24.15:332][  0]LogModuleManager: Shutting down and abandoning module XAudio2 (248)
[2023.01.19-21.24.15:332][  0]LogModuleManager: Shutting down and abandoning module Networking (246)
[2023.01.19-21.24.15:332][  0]LogModuleManager: Shutting down and abandoning module Core (244)
[2023.01.19-21.24.15:332][  0]LogModuleManager: Shutting down and abandoning module MaterialEditor (242)
[2023.01.19-21.24.15:332][  0]LogModuleManager: Shutting down and abandoning module Settings (241)
[2023.01.19-21.24.15:332][  0]LogModuleManager: Shutting down and abandoning module MovieSceneTools (238)
[2023.01.19-21.24.15:332][  0]LogModuleManager: Shutting down and abandoning module CurveEditor (237)
[2023.01.19-21.24.15:332][  0]LogModuleManager: Shutting down and abandoning module Sequencer (235)
[2023.01.19-21.24.15:332][  0]LogModuleManager: Shutting down and abandoning module EditorStyle (234)
[2023.01.19-21.24.15:332][  0]LogModuleManager: Shutting down and abandoning module KismetCompiler (230)
[2023.01.19-21.24.15:332][  0]LogModuleManager: Shutting down and abandoning module MeshBuilder (228)
[2023.01.19-21.24.15:332][  0]LogModuleManager: Shutting down and abandoning module MeshUtilities (226)
[2023.01.19-21.24.15:332][  0]LogModuleManager: Shutting down and abandoning module MeshMergeUtilities (225)
[2023.01.19-21.24.15:332][  0]LogModuleManager: Shutting down and abandoning module MeshReductionInterface (224)
[2023.01.19-21.24.15:332][  0]LogModuleManager: Shutting down and abandoning module MeshBoneReduction (223)
[2023.01.19-21.24.15:332][  0]LogModuleManager: Shutting down and abandoning module SkeletalMeshReduction (221)
[2023.01.19-21.24.15:332][  0]LogModuleManager: Shutting down and abandoning module ProxyLODMeshReduction (219)
[2023.01.19-21.24.15:332][  0]LogModuleManager: Shutting down and abandoning module QuadricMeshReduction (217)
[2023.01.19-21.24.15:332][  0]LogModuleManager: Shutting down and abandoning module MaterialBaking (213)
[2023.01.19-21.24.15:332][  0]LogModuleManager: Shutting down and abandoning module DirectoryWatcher (209)
[2023.01.19-21.24.15:332][  0]LogModuleManager: Shutting down and abandoning module NullInstallBundleManager (206)
[2023.01.19-21.24.15:333][  0]LogModuleManager: Shutting down and abandoning module DerivedDataCache (204)
[2023.01.19-21.24.15:333][  0]LogModuleManager: Shutting down and abandoning module TargetPlatform (202)
[2023.01.19-21.24.15:333][  0]LogModuleManager: Shutting down and abandoning module VulkanShaderFormat (201)
[2023.01.19-21.24.15:333][  0]LogModuleManager: Shutting down and abandoning module ShaderFormatVectorVM (199)
[2023.01.19-21.24.15:333][  0]LogModuleManager: Shutting down and abandoning module ShaderFormatOpenGL (197)
[2023.01.19-21.24.15:333][  0]LogModuleManager: Shutting down and abandoning module ShaderFormatD3D (195)
[2023.01.19-21.24.15:333][  0]LogModuleManager: Shutting down and abandoning module MetalShaderFormat (193)
[2023.01.19-21.24.15:333][  0]LogModuleManager: Shutting down and abandoning module TextureFormatOodle (191)
[2023.01.19-21.24.15:333][  0]LogModuleManager: Shutting down and abandoning module TextureFormatUncompressed (189)
[2023.01.19-21.24.15:333][  0]LogModuleManager: Shutting down and abandoning module TextureFormatPVR (187)
[2023.01.19-21.24.15:333][  0]LogModuleManager: Shutting down and abandoning module TextureFormatETC2 (185)
[2023.01.19-21.24.15:333][  0]LogModuleManager: Shutting down and abandoning module TextureFormatDXT (183)
[2023.01.19-21.24.15:333][  0]LogModuleManager: Shutting down and abandoning module TextureFormatIntelISPCTexComp (181)
[2023.01.19-21.24.15:333][  0]LogModuleManager: Shutting down and abandoning module TextureFormatASTC (179)
[2023.01.19-21.24.15:333][  0]LogModuleManager: Shutting down and abandoning module ImageWrapper (178)
[2023.01.19-21.24.15:333][  0]LogModuleManager: Shutting down and abandoning module AudioFormatOpus (175)
[2023.01.19-21.24.15:333][  0]LogModuleManager: Shutting down and abandoning module AudioFormatOgg (173)
[2023.01.19-21.24.15:333][  0]LogModuleManager: Shutting down and abandoning module AudioFormatADPCM (171)
[2023.01.19-21.24.15:333][  0]LogModuleManager: Shutting down and abandoning module WindowsServerTargetPlatform (169)
[2023.01.19-21.24.15:333][  0]LogModuleManager: Shutting down and abandoning module WindowsClientTargetPlatform (167)
[2023.01.19-21.24.15:333][  0]LogModuleManager: Shutting down and abandoning module WindowsTargetPlatform (165)
[2023.01.19-21.24.15:333][  0]LogModuleManager: Shutting down and abandoning module WindowsNoEditorTargetPlatform (163)
[2023.01.19-21.24.15:333][  0]LogModuleManager: Shutting down and abandoning module TVOSTargetPlatform (161)
[2023.01.19-21.24.15:333][  0]LogModuleManager: Shutting down and abandoning module MacServerTargetPlatform (159)
[2023.01.19-21.24.15:333][  0]LogModuleManager: Shutting down and abandoning module MacClientTargetPlatform (157)
[2023.01.19-21.24.15:333][  0]LogModuleManager: Shutting down and abandoning module MacTargetPlatform (155)
[2023.01.19-21.24.15:333][  0]LogModuleManager: Shutting down and abandoning module MacNoEditorTargetPlatform (153)
[2023.01.19-21.24.15:333][  0]LogModuleManager: Shutting down and abandoning module LuminTargetPlatform (151)
[2023.01.19-21.24.15:333][  0]LogModuleManager: Shutting down and abandoning module LinuxAArch64ServerTargetPlatform (149)
[2023.01.19-21.24.15:333][  0]LogModuleManager: Shutting down and abandoning module LinuxAArch64ClientTargetPlatform (147)
[2023.01.19-21.24.15:333][  0]LogModuleManager: Shutting down and abandoning module LinuxAArch64NoEditorTargetPlatform (145)
[2023.01.19-21.24.15:333][  0]LogModuleManager: Shutting down and abandoning module LinuxServerTargetPlatform (143)
[2023.01.19-21.24.15:333][  0]LogModuleManager: Shutting down and abandoning module LinuxClientTargetPlatform (141)
[2023.01.19-21.24.15:333][  0]LogModuleManager: Shutting down and abandoning module LinuxNoEditorTargetPlatform (139)
[2023.01.19-21.24.15:333][  0]LogModuleManager: Shutting down and abandoning module LinuxTargetPlatform (137)
[2023.01.19-21.24.15:333][  0]LogModuleManager: Shutting down and abandoning module Messaging (135)
[2023.01.19-21.24.15:333][  0]LogModuleManager: Shutting down and abandoning module IOSTargetPlatform (133)
[2023.01.19-21.24.15:334][  0]LogModuleManager: Shutting down and abandoning module AndroidTargetPlatform (131)
[2023.01.19-21.24.15:334][  0]LogModuleManager: Shutting down and abandoning module AllDesktopTargetPlatform (129)
[2023.01.19-21.24.15:334][  0]LogModuleManager: Shutting down and abandoning module NullDrv (126)
[2023.01.19-21.24.15:334][  0]LogModuleManager: Shutting down and abandoning module PhysXCooking (124)
[2023.01.19-21.24.15:334][  0]LogModuleManager: Shutting down and abandoning module Chaos (122)
[2023.01.19-21.24.15:334][  0]LogModuleManager: Shutting down and abandoning module WindowsPlatformFeatures (120)
[2023.01.19-21.24.15:335][  0]LogModuleManager: Shutting down and abandoning module GameplayMediaEncoder (119)
[2023.01.19-21.24.15:335][  0]LogModuleManager: Shutting down and abandoning module AVEncoder (118)
[2023.01.19-21.24.15:335][  0]LogModuleManager: Shutting down and abandoning module ExampleDeviceProfileSelector (114)
[2023.01.19-21.24.15:335][  0]LogModuleManager: Shutting down and abandoning module SteamVRInputDevice (112)
[2023.01.19-21.24.15:335][  0]LogModuleManager: Shutting down and abandoning module SteamVRInput (110)
[2023.01.19-21.24.15:335][  0]LogModuleManager: Shutting down and abandoning module SteamVR (108)
[2023.01.19-21.24.15:335][  0]LogHMD: Freeing OpenVRDLLHandle.
[2023.01.19-21.24.15:335][  0]LogModuleManager: Shutting down and abandoning module OculusHMD (106)
[2023.01.19-21.24.15:335][  0]LogModuleManager: Shutting down and abandoning module OpenXREyeTracker (104)
[2023.01.19-21.24.15:335][  0]LogModuleManager: Shutting down and abandoning module OpenXRHandTracking (102)
[2023.01.19-21.24.15:335][  0]LogModuleManager: Shutting down and abandoning module OpenXRAR (100)
[2023.01.19-21.24.15:335][  0]LogModuleManager: Shutting down and abandoning module AugmentedReality (99)
[2023.01.19-21.24.15:335][  0]LogModuleManager: Shutting down and abandoning module OpenXRHMD (96)
[2023.01.19-21.24.15:335][  0]LogModuleManager: Shutting down and abandoning module ChunkDownloader (94)
[2023.01.19-21.24.15:335][  0]LogModuleManager: Shutting down and abandoning module LauncherChunkInstaller (92)
[2023.01.19-21.24.15:335][  0]LogModuleManager: Shutting down and abandoning module OnlineSubsystem (90)
[2023.01.19-21.24.15:335][  0]LogModuleManager: Shutting down and abandoning module XMPP (85)
[2023.01.19-21.24.15:335][  0]LogModuleManager: Shutting down and abandoning module WebSockets (84)
[2023.01.19-21.24.15:342][  0]LogModuleManager: Shutting down and abandoning module HTTP (81)
[2023.01.19-21.24.15:342][  0]LogHttp: Display: cleaning up 0 outstanding Http requests.
[2023.01.19-21.24.15:368][  0]LogModuleManager: Shutting down and abandoning module SSL (80)
[2023.01.19-21.24.15:369][  0]LogModuleManager: Shutting down and abandoning module OnlineBlueprintSupport (76)
[2023.01.19-21.24.15:369][  0]LogModuleManager: Shutting down and abandoning module WmfMedia (72)
[2023.01.19-21.24.15:370][  0]LogModuleManager: Shutting down and abandoning module Media (71)
[2023.01.19-21.24.15:370][  0]LogModuleManager: Shutting down and abandoning module MediaInfo (70)
[2023.01.19-21.24.15:370][  0]LogModuleManager: Shutting down and abandoning module ExrReaderGpu (66)
[2023.01.19-21.24.15:370][  0]LogModuleManager: Shutting down and abandoning module PixWinPlugin (64)
[2023.01.19-21.24.15:370][  0]LogModuleManager: Shutting down and abandoning module NiagaraVertexFactories (62)
[2023.01.19-21.24.15:370][  0]LogModuleManager: Shutting down and abandoning module NiagaraShader (60)
[2023.01.19-21.24.15:370][  0]LogModuleManager: Shutting down and abandoning module MLSDK (58)
[2023.01.19-21.24.15:370][  0]LogModuleManager: Shutting down and abandoning module MagicLeap (56)
[2023.01.19-21.24.15:370][  0]LogModuleManager: Shutting down and abandoning module ChaosCloth (54)
[2023.01.19-21.24.15:370][  0]LogModuleManager: Shutting down and abandoning module VariantManagerContent (52)
[2023.01.19-21.24.15:370][  0]LogModuleManager: Shutting down and abandoning module DatasmithContent (50)
[2023.01.19-21.24.15:370][  0]LogModuleManager: Shutting down and abandoning module AISupportModule (48)
[2023.01.19-21.24.15:370][  0]LogModuleManager: Shutting down and abandoning module PlatformCryptoOpenSSL (46)
[2023.01.19-21.24.15:370][  0]LogModuleManager: Shutting down and abandoning module PlatformCryptoTypes (44)
[2023.01.19-21.24.15:370][  0]LogModuleManager: Shutting down and abandoning module PlatformCrypto (42)
[2023.01.19-21.24.15:370][  0]LogModuleManager: Shutting down and abandoning module PythonScriptPluginPreload (40)
[2023.01.19-21.24.15:370][  0]LogModuleManager: Shutting down and abandoning module OodleDataCompressionFormat (38)
[2023.01.19-21.24.15:370][  0]LogModuleManager: Shutting down and abandoning module XGEController (36)
[2023.01.19-21.24.15:370][  0]LogXGEController: Cannot use XGE Controller as Incredibuild is not installed on this machine.
[2023.01.19-21.24.15:370][  0]LogModuleManager: Shutting down and abandoning module AnimationModifiers (34)
[2023.01.19-21.24.15:370][  0]LogModuleManager: Shutting down and abandoning module AudioEditor (32)
[2023.01.19-21.24.15:370][  0]LogModuleManager: Shutting down and abandoning module PropertyEditor (31)
[2023.01.19-21.24.15:370][  0]LogModuleManager: Shutting down and abandoning module TextureCompressor (28)
[2023.01.19-21.24.15:370][  0]LogModuleManager: Shutting down and abandoning module RenderCore (26)
[2023.01.19-21.24.15:370][  0]LogModuleManager: Shutting down and abandoning module Landscape (24)
[2023.01.19-21.24.15:371][  0]LogModuleManager: Shutting down and abandoning module SlateRHIRenderer (22)
[2023.01.19-21.24.15:371][  0]LogModuleManager: Shutting down and abandoning module AnimGraphRuntime (20)
[2023.01.19-21.24.15:371][  0]LogModuleManager: Shutting down and abandoning module Renderer (18)
[2023.01.19-21.24.15:371][  0]LogModuleManager: Shutting down and abandoning module Engine (16)
[2023.01.19-21.24.15:371][  0]LogModuleManager: Shutting down and abandoning module CoreUObject (14)
[2023.01.19-21.24.15:371][  0]LogModuleManager: Shutting down and abandoning module NetworkFile (12)
[2023.01.19-21.24.15:371][  0]LogModuleManager: Shutting down and abandoning module CookedIterativeFile (10)
[2023.01.19-21.24.15:371][  0]LogModuleManager: Shutting down and abandoning module StreamingFile (8)
[2023.01.19-21.24.15:371][  0]LogModuleManager: Shutting down and abandoning module SandboxFile (6)
[2023.01.19-21.24.15:371][  0]LogModuleManager: Shutting down and abandoning module PakFile (4)
[2023.01.19-21.24.15:371][  0]LogModuleManager: Shutting down and abandoning module RSA (3)
[2023.01.19-21.24.15:739][  0]LogContentStreaming: Display: There are 1 unreleased StreamingManagers
[2023.01.19-21.24.15:752][  0]LogExit: Exiting.
[2023.01.19-21.24.15:764][  0]Log file closed, 01/19/23 13:24:15
